#
# There is insufficient memory for the Java Runtime Environment to continue.
# Native memory allocation (malloc) failed to allocate 1469776 bytes. Error detail: Chunk::new
# Possible reasons:
#   The system is out of physical RAM or swap space
#   This process is running with CompressedOops enabled, and the Java Heap may be blocking the growth of the native heap
# Possible solutions:
#   Reduce memory load on the system
#   Increase physical memory or swap space
#   Check if swap backing store is full
#   Decrease Java heap size (-Xmx/-Xms)
#   Decrease number of Java threads
#   Decrease Java thread stack sizes (-Xss)
#   Set larger code cache with -XX:ReservedCodeCacheSize=
#   JVM is running with Unscaled Compressed Oops mode in which the Java heap is
#     placed in the first 4GB address space. The Java Heap base address is the
#     maximum limit for the native heap growth. Please use -XX:HeapBaseMinAddress
#     to set the Java Heap base and to place the Java Heap above 4GB virtual address.
# This output file may be truncated or incomplete.
#
#  Out of Memory Error (arena.cpp:168), pid=12612, tid=33620
#
# JRE version: OpenJDK Runtime Environment Temurin-21.0.9+10 (21.0.9+10) (build 21.0.9+10-LTS)
# Java VM: OpenJDK 64-Bit Server VM Temurin-21.0.9+10 (21.0.9+10-LTS, mixed mode, sharing, tiered, compressed oops, compressed class ptrs, parallel gc, windows-amd64)
# No core dump will be written. Minidumps are not enabled by default on client versions of Windows
#

---------------  S U M M A R Y ------------

Command Line: --add-modules=ALL-SYSTEM --add-opens=java.base/java.util=ALL-UNNAMED --add-opens=java.base/java.lang=ALL-UNNAMED --add-opens=java.base/sun.nio.fs=ALL-UNNAMED -Declipse.application=org.eclipse.jdt.ls.core.id1 -Dosgi.bundles.defaultStartLevel=4 -Declipse.product=org.eclipse.jdt.ls.core.product -Djava.import.generatesMetadataFilesAtProjectRoot=false -DDetectVMInstallationsJob.disabled=true -Dfile.encoding=utf8 -XX:+UseParallelGC -XX:GCTimeRatio=4 -XX:AdaptiveSizePolicyWeight=90 -Dsun.zip.disableMemoryMapping=true -Xmx2G -Xms100m -Xlog:disable -javaagent:c:\Users\mishr\.vscode\extensions\redhat.java-1.52.0-win32-x64\lombok\lombok-1.18.39-4050.jar -XX:+HeapDumpOnOutOfMemoryError -XX:HeapDumpPath=c:\Users\mishr\AppData\Roaming\Code\User\workspaceStorage\6f35ab0fbe508e1a556979e0005c2c23\redhat.java -Daether.dependencyCollector.impl=bf c:\Users\mishr\.vscode\extensions\redhat.java-1.52.0-win32-x64\server\plugins\org.eclipse.equinox.launcher_1.7.100.v20251111-0406.jar -configuration c:\Users\mishr\AppData\Roaming\Code\User\globalStorage\redhat.java\1.52.0\config_win -data c:\Users\mishr\AppData\Roaming\Code\User\workspaceStorage\6f35ab0fbe508e1a556979e0005c2c23\redhat.java\jdt_ws --pipe=\\.\pipe\lsp-999c8e494e91df00d37b30248740bb15-sock

Host: AMD Ryzen 3 5300U with Radeon Graphics         , 8 cores, 5G,  Windows 11 , 64 bit Build 26100 (10.0.26100.7705)
Time: Thu Feb  5 01:37:48 2026 India Standard Time elapsed time: 4200.760468 seconds (0d 1h 10m 0s)

---------------  T H R E A D  ---------------

Current thread (0x0000012ffadec290):  JavaThread "C2 CompilerThread0" daemon [_thread_in_native, id=33620, stack(0x0000002563c00000,0x0000002563d00000) (1024K)]


Current CompileTask:
C2:4200760 18258       4       org.eclipse.jdt.internal.compiler.lookup.BinaryTypeBinding::createMethod (1666 bytes)

Stack: [0x0000002563c00000,0x0000002563d00000]
Native frames: (J=compiled Java code, j=interpreted, Vv=VM code, C=native code)
V  [jvm.dll+0x6d6e29]
V  [jvm.dll+0x8b4b76]
V  [jvm.dll+0x8b712e]
V  [jvm.dll+0x8b7813]
V  [jvm.dll+0x283d86]
V  [jvm.dll+0xc66ed]
V  [jvm.dll+0xc6c31]
V  [jvm.dll+0x3be501]
V  [jvm.dll+0x38ab92]
V  [jvm.dll+0x389fda]
V  [jvm.dll+0x24bfa0]
V  [jvm.dll+0x24b580]
V  [jvm.dll+0x1cb13e]
V  [jvm.dll+0x25b29d]
V  [jvm.dll+0x25982a]
V  [jvm.dll+0x3f7ea6]
V  [jvm.dll+0x85e9ad]
V  [jvm.dll+0x6d565d]
C  [ucrtbase.dll+0x37b0]
C  [KERNEL32.DLL+0x2e8d7]
C  [ntdll.dll+0x8c40c]


---------------  P R O C E S S  ---------------

Threads class SMR info:
_java_thread_list=0x0000012fdb5de6f0, length=50, elements={
0x0000012ffae5e370, 0x0000012ffadd0450, 0x0000012ffadd38d0, 0x0000012ffadd7430,
0x0000012ffadd8080, 0x0000012ffadde550, 0x0000012ffade4410, 0x0000012ffadec290,
0x0000012ffadef100, 0x0000012fd4329a90, 0x0000012fd4420cf0, 0x0000012fd4b5aff0,
0x0000012fd9012610, 0x0000012fd483b050, 0x0000012fd4950ae0, 0x0000012fd96ddc00,
0x0000012fd90a7730, 0x0000012fd971cc20, 0x0000012fd971d2b0, 0x0000012fd971f380,
0x0000012fd9e69450, 0x0000012fd9e66cf0, 0x0000012fd9e6a170, 0x0000012fd9e6a800,
0x0000012fd9e67380, 0x0000012fd9e68dc0, 0x0000012fd9e6b520, 0x0000012fd9e6ae90,
0x0000012fd9e69ae0, 0x0000012fd9e6c8d0, 0x0000012fd9e6bbb0, 0x0000012fd9e6c240,
0x0000012fdbac0c50, 0x0000012fdbabf210, 0x0000012fda874b10, 0x0000012fda873df0,
0x0000012fda871d20, 0x0000012fda875830, 0x0000012fda874480, 0x0000012fda875ec0,
0x0000012fda876550, 0x0000012fda876be0, 0x0000012fda873760, 0x0000012fda877270,
0x0000012fda877900, 0x0000012fda878620, 0x0000012fda878cb0, 0x0000012fda879340,
0x0000012fdbabf8a0, 0x0000012fdbeeaff0
}

Java Threads: ( => current thread )
  0x0000012ffae5e370 JavaThread "main"                              [_thread_blocked, id=36964, stack(0x0000002563200000,0x0000002563300000) (1024K)]
  0x0000012ffadd0450 JavaThread "Reference Handler"          daemon [_thread_blocked, id=36440, stack(0x0000002563600000,0x0000002563700000) (1024K)]
  0x0000012ffadd38d0 JavaThread "Finalizer"                  daemon [_thread_blocked, id=34624, stack(0x0000002563700000,0x0000002563800000) (1024K)]
  0x0000012ffadd7430 JavaThread "Signal Dispatcher"          daemon [_thread_blocked, id=33572, stack(0x0000002563800000,0x0000002563900000) (1024K)]
  0x0000012ffadd8080 JavaThread "Attach Listener"            daemon [_thread_blocked, id=29540, stack(0x0000002563900000,0x0000002563a00000) (1024K)]
  0x0000012ffadde550 JavaThread "Service Thread"             daemon [_thread_blocked, id=1864, stack(0x0000002563a00000,0x0000002563b00000) (1024K)]
  0x0000012ffade4410 JavaThread "Monitor Deflation Thread"   daemon [_thread_blocked, id=32108, stack(0x0000002563b00000,0x0000002563c00000) (1024K)]
=>0x0000012ffadec290 JavaThread "C2 CompilerThread0"         daemon [_thread_in_native, id=33620, stack(0x0000002563c00000,0x0000002563d00000) (1024K)]
  0x0000012ffadef100 JavaThread "C1 CompilerThread0"         daemon [_thread_blocked, id=30140, stack(0x0000002563d00000,0x0000002563e00000) (1024K)]
  0x0000012fd4329a90 JavaThread "Common-Cleaner"             daemon [_thread_blocked, id=6852, stack(0x0000002563e00000,0x0000002563f00000) (1024K)]
  0x0000012fd4420cf0 JavaThread "Notification Thread"        daemon [_thread_blocked, id=33996, stack(0x0000002563f00000,0x0000002564000000) (1024K)]
  0x0000012fd4b5aff0 JavaThread "Active Thread: Equinox Container: 89858953-23d7-4e2f-831c-299f349b6075"        [_thread_blocked, id=21136, stack(0x0000002564000000,0x0000002564100000) (1024K)]
  0x0000012fd9012610 JavaThread "Refresh Thread: Equinox Container: 89858953-23d7-4e2f-831c-299f349b6075" daemon [_thread_blocked, id=31324, stack(0x0000002564800000,0x0000002564900000) (1024K)]
  0x0000012fd483b050 JavaThread "Framework Event Dispatcher: Equinox Container: 89858953-23d7-4e2f-831c-299f349b6075" daemon [_thread_blocked, id=6692, stack(0x0000002564900000,0x0000002564a00000) (1024K)]
  0x0000012fd4950ae0 JavaThread "Start Level: Equinox Container: 89858953-23d7-4e2f-831c-299f349b6075" daemon [_thread_blocked, id=31204, stack(0x0000002564a00000,0x0000002564b00000) (1024K)]
  0x0000012fd96ddc00 JavaThread "Bundle File Closer"         daemon [_thread_blocked, id=25896, stack(0x0000002564c00000,0x0000002564d00000) (1024K)]
  0x0000012fd90a7730 JavaThread "SCR Component Actor"        daemon [_thread_blocked, id=37144, stack(0x0000002564b00000,0x0000002564c00000) (1024K)]
  0x0000012fd971cc20 JavaThread "Worker-JM"                         [_thread_blocked, id=23408, stack(0x0000002564f00000,0x0000002565000000) (1024K)]
  0x0000012fd971d2b0 JavaThread "JNA Cleaner"                daemon [_thread_blocked, id=21444, stack(0x0000002564d00000,0x0000002564e00000) (1024K)]
  0x0000012fd971f380 JavaThread "Java indexing"              daemon [_thread_blocked, id=32584, stack(0x0000002565300000,0x0000002565400000) (1024K)]
  0x0000012fd9e69450 JavaThread "Thread-1"                   daemon [_thread_in_native, id=24876, stack(0x0000002565900000,0x0000002565a00000) (1024K)]
  0x0000012fd9e66cf0 JavaThread "Thread-2"                   daemon [_thread_in_native, id=30904, stack(0x0000002565a00000,0x0000002565b00000) (1024K)]
  0x0000012fd9e6a170 JavaThread "Thread-3"                   daemon [_thread_in_native, id=3124, stack(0x0000002565b00000,0x0000002565c00000) (1024K)]
  0x0000012fd9e6a800 JavaThread "Thread-4"                   daemon [_thread_in_native, id=8016, stack(0x0000002565c00000,0x0000002565d00000) (1024K)]
  0x0000012fd9e67380 JavaThread "Thread-5"                   daemon [_thread_in_native, id=29004, stack(0x0000002565d00000,0x0000002565e00000) (1024K)]
  0x0000012fd9e68dc0 JavaThread "Thread-6"                   daemon [_thread_in_native, id=22156, stack(0x0000002565e00000,0x0000002565f00000) (1024K)]
  0x0000012fd9e6b520 JavaThread "Thread-7"                   daemon [_thread_in_native, id=6604, stack(0x0000002565f00000,0x0000002566000000) (1024K)]
  0x0000012fd9e6ae90 JavaThread "Thread-8"                   daemon [_thread_in_native, id=21624, stack(0x0000002566000000,0x0000002566100000) (1024K)]
  0x0000012fd9e69ae0 JavaThread "Thread-9"                   daemon [_thread_in_native, id=27240, stack(0x0000002566100000,0x0000002566200000) (1024K)]
  0x0000012fd9e6c8d0 JavaThread "pool-2-thread-1"                   [_thread_blocked, id=696, stack(0x0000002566200000,0x0000002566300000) (1024K)]
  0x0000012fd9e6bbb0 JavaThread "WorkspaceEventsHandler"            [_thread_blocked, id=33044, stack(0x0000002566300000,0x0000002566400000) (1024K)]
  0x0000012fd9e6c240 JavaThread "pool-1-thread-1"                   [_thread_blocked, id=14024, stack(0x0000002566400000,0x0000002566500000) (1024K)]
  0x0000012fdbac0c50 JavaThread "Cleaner-0"                  daemon [_thread_blocked, id=30868, stack(0x0000002563100000,0x0000002563200000) (1024K)]
  0x0000012fdbabf210 JavaThread "Worker-10"                         [_thread_blocked, id=36580, stack(0x0000002562f00000,0x0000002563000000) (1024K)]
  0x0000012fda874b10 JavaThread "Worker-15"                         [_thread_blocked, id=36048, stack(0x0000002565000000,0x0000002565100000) (1024K)]
  0x0000012fda873df0 JavaThread "ForkJoinPool.commonPool-worker-26" daemon [_thread_blocked, id=31808, stack(0x0000002563000000,0x0000002563100000) (1024K)]
  0x0000012fda871d20 JavaThread "ForkJoinPool.commonPool-worker-27" daemon [_thread_blocked, id=37156, stack(0x0000002564e00000,0x0000002564f00000) (1024K)]
  0x0000012fda875830 JavaThread "ForkJoinPool.commonPool-worker-28" daemon [_thread_blocked, id=16984, stack(0x0000002565100000,0x0000002565200000) (1024K)]
  0x0000012fda874480 JavaThread "Worker-19"                         [_thread_blocked, id=37692, stack(0x0000002565200000,0x0000002565300000) (1024K)]
  0x0000012fda875ec0 JavaThread "LocalFile Deleter"          daemon [_thread_blocked, id=10736, stack(0x0000002565400000,0x0000002565500000) (1024K)]
  0x0000012fda876550 JavaThread "LocalFile Deleter"          daemon [_thread_blocked, id=28976, stack(0x0000002565500000,0x0000002565600000) (1024K)]
  0x0000012fda876be0 JavaThread "LocalFile Deleter"          daemon [_thread_blocked, id=33624, stack(0x0000002565600000,0x0000002565700000) (1024K)]
  0x0000012fda873760 JavaThread "LocalFile Deleter"          daemon [_thread_blocked, id=28384, stack(0x0000002565700000,0x0000002565800000) (1024K)]
  0x0000012fda877270 JavaThread "LocalFile Deleter"          daemon [_thread_blocked, id=27228, stack(0x0000002565800000,0x0000002565900000) (1024K)]
  0x0000012fda877900 JavaThread "LocalFile Deleter"          daemon [_thread_blocked, id=36340, stack(0x0000002566500000,0x0000002566600000) (1024K)]
  0x0000012fda878620 JavaThread "LocalFile Deleter"          daemon [_thread_blocked, id=23412, stack(0x0000002566600000,0x0000002566700000) (1024K)]
  0x0000012fda878cb0 JavaThread "LocalFile Deleter"          daemon [_thread_blocked, id=35224, stack(0x0000002566700000,0x0000002566800000) (1024K)]
  0x0000012fda879340 JavaThread "ForkJoinPool.commonPool-worker-29" daemon [_thread_blocked, id=33932, stack(0x0000002566800000,0x0000002566900000) (1024K)]
  0x0000012fdbabf8a0 JavaThread "Keep-Alive-Timer"           daemon [_thread_blocked, id=23628, stack(0x0000002566b00000,0x0000002566c00000) (1024K)]
  0x0000012fdbeeaff0 JavaThread "C2 CompilerThread1"         daemon [_thread_in_native, id=19340, stack(0x0000002566c00000,0x0000002566d00000) (1024K)]
Total: 50

Other Threads:
  0x0000012ffaf1e7e0 VMThread "VM Thread"                           [id=28356, stack(0x0000002563500000,0x0000002563600000) (1024K)]
  0x0000012ffaceca10 WatcherThread "VM Periodic Task Thread"        [id=30656, stack(0x0000002563400000,0x0000002563500000) (1024K)]
  0x0000012ffae7e600 WorkerThread "GC Thread#0"                     [id=1728, stack(0x0000002563300000,0x0000002563400000) (1024K)]
  0x0000012fd49e4d80 WorkerThread "GC Thread#1"                     [id=10136, stack(0x0000002564100000,0x0000002564200000) (1024K)]
  0x0000012fd44aeb30 WorkerThread "GC Thread#2"                     [id=4856, stack(0x0000002564200000,0x0000002564300000) (1024K)]
  0x0000012fd44aeed0 WorkerThread "GC Thread#3"                     [id=27320, stack(0x0000002564300000,0x0000002564400000) (1024K)]
  0x0000012fd44af270 WorkerThread "GC Thread#4"                     [id=37424, stack(0x0000002564400000,0x0000002564500000) (1024K)]
  0x0000012fd4941ce0 WorkerThread "GC Thread#5"                     [id=36960, stack(0x0000002564500000,0x0000002564600000) (1024K)]
  0x0000012fd4942080 WorkerThread "GC Thread#6"                     [id=1228, stack(0x0000002564600000,0x0000002564700000) (1024K)]
  0x0000012ffadf4440 WorkerThread "GC Thread#7"                     [id=32988, stack(0x0000002564700000,0x0000002564800000) (1024K)]
Total: 10

Threads with active compile tasks:
C2 CompilerThread0  4200848 18258       4       org.eclipse.jdt.internal.compiler.lookup.BinaryTypeBinding::createMethod (1666 bytes)
C2 CompilerThread1  4200848 18225       4       sun.security.ec.ECOperations::setDouble (463 bytes)
Total: 2

VM state: at safepoint (normal execution)

VM Mutex/Monitor currently owned by a thread:  ([mutex/lock_event])
[0x00007ffb4b1ed570] Threads_lock - owner thread: 0x0000012ffaf1e7e0
[0x00007ffb4b1ed670] Heap_lock - owner thread: 0x0000012fda871d20
[0x00007ffb4b1edaf0] PSOldGenExpand_lock - owner thread: 0x0000012ffadf4440

Heap address: 0x0000000080000000, size: 2048 MB, Compressed Oops mode: 32-bit

CDS archive(s) mapped at: [0x0000012f93000000-0x0000012f93ba0000-0x0000012f93ba0000), size 12189696, SharedBaseAddress: 0x0000012f93000000, ArchiveRelocationMode: 1.
Compressed class space mapped at: 0x0000012f94000000-0x0000012fd4000000, reserved size: 1073741824
Narrow klass base: 0x0000012f93000000, Narrow klass shift: 0, Narrow klass range: 0x100000000

GC Precious Log:
 CardTable entry size: 512
 CPUs: 8 total, 8 available
 Memory: 5966M
 Large Page Support: Disabled
 NUMA Support: Disabled
 Compressed Oops: Enabled (32-bit)
 Alignments: Space 512K, Generation 512K, Heap 2M
 Heap Min Capacity: 100M
 Heap Initial Capacity: 100M
 Heap Max Capacity: 2G
 Pre-touch: Disabled
 Parallel Workers: 8

Heap:
 PSYoungGen      total 7680K, used 7447K [0x00000000d5580000, 0x00000000d5e00000, 0x0000000100000000)
  eden space 7168K, 98% used [0x00000000d5580000,0x00000000d5c5df98,0x00000000d5c80000)
  from space 512K, 81% used [0x00000000d5d80000,0x00000000d5de8000,0x00000000d5e00000)
  to   space 512K, 62% used [0x00000000d5d00000,0x00000000d5d50000,0x00000000d5d80000)
 ParOldGen       total 703488K, used 703359K [0x0000000080000000, 0x00000000aaf00000, 0x00000000d5580000)
  object space 703488K, 99% used [0x0000000080000000,0x00000000aaedfd88,0x00000000aaf00000)
 Metaspace       used 85701K, committed 87424K, reserved 1179648K
  class space    used 8885K, committed 9664K, reserved 1048576K

Card table byte_map: [0x0000012ffa800000,0x0000012ffac10000] _byte_map_base: 0x0000012ffa400000

Marking Bits: (ParMarkBitMap*) 0x00007ffb4b1f2460
 Begin Bits: [0x0000012f8f000000, 0x0000012f91000000)
 End Bits:   [0x0000012f91000000, 0x0000012f93000000)

Polling page: 0x0000012ff8c80000

Metaspace:

Usage:
  Non-class:     75.02 MB used.
      Class:      8.68 MB used.
       Both:     83.69 MB used.

Virtual space:
  Non-class space:      128.00 MB reserved,      75.94 MB ( 59%) committed,  2 nodes.
      Class space:        1.00 GB reserved,       9.44 MB ( <1%) committed,  1 nodes.
             Both:        1.12 GB reserved,      85.38 MB (  7%) committed. 

Chunk freelists:
   Non-Class:  3.91 MB
       Class:  6.60 MB
        Both:  10.51 MB

MaxMetaspaceSize: unlimited
CompressedClassSpaceSize: 1.00 GB
Initial GC threshold: 21.00 MB
Current GC threshold: 134.69 MB
CDS: on
 - commit_granule_bytes: 65536.
 - commit_granule_words: 8192.
 - virtual_space_node_default_size: 8388608.
 - enlarge_chunks_in_place: 1.
 - use_allocation_guard: 0.


Internal statistics:

num_allocs_failed_limit: 9.
num_arena_births: 1566.
num_arena_deaths: 34.
num_vsnodes_births: 3.
num_vsnodes_deaths: 0.
num_space_committed: 1366.
num_space_uncommitted: 0.
num_chunks_returned_to_freelist: 49.
num_chunks_taken_from_freelist: 5778.
num_chunk_merges: 17.
num_chunk_splits: 3394.
num_chunks_enlarged: 1737.
num_inconsistent_stats: 0.

CodeHeap 'non-profiled nmethods': size=120000Kb used=14737Kb max_used=14737Kb free=105262Kb
 bounds [0x0000012f87ad0000, 0x0000012f88940000, 0x0000012f8f000000]
CodeHeap 'profiled nmethods': size=120000Kb used=41762Kb max_used=41762Kb free=78237Kb
 bounds [0x0000012f80000000, 0x0000012f828d0000, 0x0000012f87530000]
CodeHeap 'non-nmethods': size=5760Kb used=1515Kb max_used=1575Kb free=4245Kb
 bounds [0x0000012f87530000, 0x0000012f877a0000, 0x0000012f87ad0000]
CodeCache: size=245760Kb, used=58014Kb, max_used=58074Kb, free=187744Kb
 total_blobs=17437, nmethods=16606, adapters=733, full_count=0
Compilation: enabled, stopped_count=0, restarted_count=0

Compilation events (20 events):
Event: 4199.623 Thread 0x0000012ffadef100 nmethod 18287 0x0000012f828c1410 code [0x0000012f828c1640, 0x0000012f828c1f38]
Event: 4199.623 Thread 0x0000012fdbeeaff0 nmethod 18275 0x0000012f88932f10 code [0x0000012f889330c0, 0x0000012f88933688]
Event: 4199.623 Thread 0x0000012fdbeeaff0 18286       4       org.eclipse.jdt.internal.compiler.ast.ImportReference::getSimpleName (13 bytes)
Event: 4199.624 Thread 0x0000012fdbeeaff0 nmethod 18286 0x0000012f88933990 code [0x0000012f88933b20, 0x0000012f88933be8]
Event: 4199.625 Thread 0x0000012fdbeeaff0 18277       4       com.sun.crypto.provider.AESCrypt::encryptBlock (10 bytes)
Event: 4199.625 Thread 0x0000012fdbeeaff0 nmethod 18277 0x0000012f88933c90 code [0x0000012f88933e20, 0x0000012f88933ed8]
Event: 4199.625 Thread 0x0000012fdbeeaff0 18240       4       org.eclipse.jdt.internal.core.BinaryType::getElementInfo (8 bytes)
Event: 4199.626 Thread 0x0000012fdbeeaff0 nmethod 18240 0x0000012f88933f90 code [0x0000012f88934120, 0x0000012f88934208]
Event: 4199.626 Thread 0x0000012fdbeeaff0 18225       4       sun.security.ec.ECOperations::setDouble (463 bytes)
Event: 4199.704 Thread 0x0000012ffadef100 18288       3       java.util.zip.ZipFile$Source::close (50 bytes)
Event: 4199.704 Thread 0x0000012ffadef100 nmethod 18288 0x0000012f828c2290 code [0x0000012f828c2440, 0x0000012f828c2628]
Event: 4199.705 Thread 0x0000012ffadef100 18289       3       org.eclipse.jdt.internal.compiler.lookup.CompilationUnitScope$$Lambda/0x0000012f9471e938::test (8 bytes)
Event: 4199.706 Thread 0x0000012ffadef100 nmethod 18289 0x0000012f828c2710 code [0x0000012f828c28c0, 0x0000012f828c2bf0]
Event: 4199.707 Thread 0x0000012ffadef100 18290       1       org.eclipse.jdt.internal.compiler.ast.TypeDeclaration::hasErrors (5 bytes)
Event: 4199.708 Thread 0x0000012ffadef100 nmethod 18290 0x0000012f88934310 code [0x0000012f889344a0, 0x0000012f88934570]
Event: 4199.713 Thread 0x0000012ffadef100 18292       3       org.eclipse.jdt.internal.compiler.lookup.PackageBinding::getVisibleFor (2 bytes)
Event: 4199.713 Thread 0x0000012ffadef100 nmethod 18292 0x0000012f828c2d10 code [0x0000012f828c2ea0, 0x0000012f828c2fb0]
Event: 4199.715 Thread 0x0000012ffadef100 18293       3       java.net.URI::decode (376 bytes)
Event: 4199.728 Thread 0x0000012ffadef100 nmethod 18293 0x0000012f828c3090 code [0x0000012f828c3660, 0x0000012f828c66f8]
Event: 4200.381 Thread 0x0000012ffadef100 18294       3       org.eclipse.jdt.ls.core.internal.Messages::format (13 bytes)

GC Heap History (20 events):
Event: 4196.450 GC heap before
{Heap before GC invocations=1020 (full 4):
 PSYoungGen      total 5632K, used 4625K [0x00000000d5580000, 0x00000000d5c00000, 0x0000000100000000)
  eden space 5120K, 86% used [0x00000000d5580000,0x00000000d59d44c0,0x00000000d5a80000)
  from space 512K, 37% used [0x00000000d5b00000,0x00000000d5b30000,0x00000000d5b80000)
  to   space 512K, 0% used [0x00000000d5b80000,0x00000000d5b80000,0x00000000d5c00000)
 ParOldGen       total 699392K, used 699211K [0x0000000080000000, 0x00000000aab00000, 0x00000000d5580000)
  object space 699392K, 99% used [0x0000000080000000,0x00000000aaad2ef0,0x00000000aab00000)
 Metaspace       used 85690K, committed 87424K, reserved 1179648K
  class space    used 8884K, committed 9664K, reserved 1048576K
}
Event: 4196.454 GC heap after
{Heap after GC invocations=1020 (full 4):
 PSYoungGen      total 6144K, used 224K [0x00000000d5580000, 0x00000000d5c80000, 0x0000000100000000)
  eden space 5632K, 0% used [0x00000000d5580000,0x00000000d5580000,0x00000000d5b00000)
  from space 512K, 43% used [0x00000000d5b80000,0x00000000d5bb8000,0x00000000d5c00000)
  to   space 512K, 0% used [0x00000000d5b00000,0x00000000d5b00000,0x00000000d5b80000)
 ParOldGen       total 699392K, used 699259K [0x0000000080000000, 0x00000000aab00000, 0x00000000d5580000)
  object space 699392K, 99% used [0x0000000080000000,0x00000000aaadeef0,0x00000000aab00000)
 Metaspace       used 85690K, committed 87424K, reserved 1179648K
  class space    used 8884K, committed 9664K, reserved 1048576K
}
Event: 4196.464 GC heap before
{Heap before GC invocations=1021 (full 4):
 PSYoungGen      total 6144K, used 4662K [0x00000000d5580000, 0x00000000d5c80000, 0x0000000100000000)
  eden space 5632K, 78% used [0x00000000d5580000,0x00000000d59d5a80,0x00000000d5b00000)
  from space 512K, 43% used [0x00000000d5b80000,0x00000000d5bb8000,0x00000000d5c00000)
  to   space 512K, 0% used [0x00000000d5b00000,0x00000000d5b00000,0x00000000d5b80000)
 ParOldGen       total 699392K, used 699259K [0x0000000080000000, 0x00000000aab00000, 0x00000000d5580000)
  object space 699392K, 99% used [0x0000000080000000,0x00000000aaadeef0,0x00000000aab00000)
 Metaspace       used 85691K, committed 87424K, reserved 1179648K
  class space    used 8884K, committed 9664K, reserved 1048576K
}
Event: 4196.467 GC heap after
{Heap after GC invocations=1021 (full 4):
 PSYoungGen      total 6144K, used 160K [0x00000000d5580000, 0x00000000d5d80000, 0x0000000100000000)
  eden space 5632K, 0% used [0x00000000d5580000,0x00000000d5580000,0x00000000d5b00000)
  from space 512K, 31% used [0x00000000d5b00000,0x00000000d5b28000,0x00000000d5b80000)
  to   space 512K, 0% used [0x00000000d5d00000,0x00000000d5d00000,0x00000000d5d80000)
 ParOldGen       total 699392K, used 699307K [0x0000000080000000, 0x00000000aab00000, 0x00000000d5580000)
  object space 699392K, 99% used [0x0000000080000000,0x00000000aaaeaef0,0x00000000aab00000)
 Metaspace       used 85691K, committed 87424K, reserved 1179648K
  class space    used 8884K, committed 9664K, reserved 1048576K
}
Event: 4196.486 GC heap before
{Heap before GC invocations=1022 (full 4):
 PSYoungGen      total 6144K, used 5785K [0x00000000d5580000, 0x00000000d5d80000, 0x0000000100000000)
  eden space 5632K, 99% used [0x00000000d5580000,0x00000000d5afe418,0x00000000d5b00000)
  from space 512K, 31% used [0x00000000d5b00000,0x00000000d5b28000,0x00000000d5b80000)
  to   space 512K, 0% used [0x00000000d5d00000,0x00000000d5d00000,0x00000000d5d80000)
 ParOldGen       total 699392K, used 699307K [0x0000000080000000, 0x00000000aab00000, 0x00000000d5580000)
  object space 699392K, 99% used [0x0000000080000000,0x00000000aaaeaef0,0x00000000aab00000)
 Metaspace       used 85693K, committed 87424K, reserved 1179648K
  class space    used 8884K, committed 9664K, reserved 1048576K
}
Event: 4198.507 GC heap after
{Heap after GC invocations=1022 (full 4):
 PSYoungGen      total 6144K, used 496K [0x00000000d5580000, 0x00000000d5d80000, 0x0000000100000000)
  eden space 5632K, 0% used [0x00000000d5580000,0x00000000d5580000,0x00000000d5b00000)
  from space 512K, 96% used [0x00000000d5d00000,0x00000000d5d7c010,0x00000000d5d80000)
  to   space 512K, 0% used [0x00000000d5b00000,0x00000000d5b00000,0x00000000d5b80000)
 ParOldGen       total 701440K, used 701100K [0x0000000080000000, 0x00000000aad00000, 0x00000000d5580000)
  object space 701440K, 99% used [0x0000000080000000,0x00000000aacab0a0,0x00000000aad00000)
 Metaspace       used 85693K, committed 87424K, reserved 1179648K
  class space    used 8884K, committed 9664K, reserved 1048576K
}
Event: 4198.539 GC heap before
{Heap before GC invocations=1023 (full 4):
 PSYoungGen      total 6144K, used 5610K [0x00000000d5580000, 0x00000000d5d80000, 0x0000000100000000)
  eden space 5632K, 90% used [0x00000000d5580000,0x00000000d5a7e8a0,0x00000000d5b00000)
  from space 512K, 96% used [0x00000000d5d00000,0x00000000d5d7c010,0x00000000d5d80000)
  to   space 512K, 0% used [0x00000000d5b00000,0x00000000d5b00000,0x00000000d5b80000)
 ParOldGen       total 701440K, used 701100K [0x0000000080000000, 0x00000000aad00000, 0x00000000d5580000)
  object space 701440K, 99% used [0x0000000080000000,0x00000000aacab0a0,0x00000000aad00000)
 Metaspace       used 85697K, committed 87424K, reserved 1179648K
  class space    used 8885K, committed 9664K, reserved 1048576K
}
Event: 4199.547 GC heap after
{Heap after GC invocations=1023 (full 4):
 PSYoungGen      total 6144K, used 176K [0x00000000d5580000, 0x00000000d5e80000, 0x0000000100000000)
  eden space 5632K, 0% used [0x00000000d5580000,0x00000000d5580000,0x00000000d5b00000)
  from space 512K, 34% used [0x00000000d5b00000,0x00000000d5b2c028,0x00000000d5b80000)
  to   space 1024K, 0% used [0x00000000d5d80000,0x00000000d5d80000,0x00000000d5e80000)
 ParOldGen       total 701952K, used 701561K [0x0000000080000000, 0x00000000aad80000, 0x00000000d5580000)
  object space 701952K, 99% used [0x0000000080000000,0x00000000aad1e520,0x00000000aad80000)
 Metaspace       used 85697K, committed 87424K, reserved 1179648K
  class space    used 8885K, committed 9664K, reserved 1048576K
}
Event: 4199.577 GC heap before
{Heap before GC invocations=1024 (full 4):
 PSYoungGen      total 6144K, used 4673K [0x00000000d5580000, 0x00000000d5e80000, 0x0000000100000000)
  eden space 5632K, 79% used [0x00000000d5580000,0x00000000d59e4728,0x00000000d5b00000)
  from space 512K, 34% used [0x00000000d5b00000,0x00000000d5b2c028,0x00000000d5b80000)
  to   space 1024K, 0% used [0x00000000d5d80000,0x00000000d5d80000,0x00000000d5e80000)
 ParOldGen       total 701952K, used 701561K [0x0000000080000000, 0x00000000aad80000, 0x00000000d5580000)
  object space 701952K, 99% used [0x0000000080000000,0x00000000aad1e520,0x00000000aad80000)
 Metaspace       used 85698K, committed 87424K, reserved 1179648K
  class space    used 8885K, committed 9664K, reserved 1048576K
}
Event: 4199.582 GC heap after
{Heap after GC invocations=1024 (full 4):
 PSYoungGen      total 7680K, used 211K [0x00000000d5580000, 0x00000000d5e00000, 0x0000000100000000)
  eden space 7168K, 0% used [0x00000000d5580000,0x00000000d5580000,0x00000000d5c80000)
  from space 512K, 41% used [0x00000000d5d80000,0x00000000d5db4f18,0x00000000d5e00000)
  to   space 512K, 0% used [0x00000000d5d00000,0x00000000d5d00000,0x00000000d5d80000)
 ParOldGen       total 701952K, used 701633K [0x0000000080000000, 0x00000000aad80000, 0x00000000d5580000)
  object space 701952K, 99% used [0x0000000080000000,0x00000000aad30570,0x00000000aad80000)
 Metaspace       used 85698K, committed 87424K, reserved 1179648K
  class space    used 8885K, committed 9664K, reserved 1048576K
}
Event: 4199.605 GC heap before
{Heap before GC invocations=1025 (full 4):
 PSYoungGen      total 7680K, used 6878K [0x00000000d5580000, 0x00000000d5e00000, 0x0000000100000000)
  eden space 7168K, 93% used [0x00000000d5580000,0x00000000d5c02c98,0x00000000d5c80000)
  from space 512K, 41% used [0x00000000d5d80000,0x00000000d5db4f18,0x00000000d5e00000)
  to   space 512K, 0% used [0x00000000d5d00000,0x00000000d5d00000,0x00000000d5d80000)
 ParOldGen       total 701952K, used 701633K [0x0000000080000000, 0x00000000aad80000, 0x00000000d5580000)
  object space 701952K, 99% used [0x0000000080000000,0x00000000aad30570,0x00000000aad80000)
 Metaspace       used 85698K, committed 87424K, reserved 1179648K
  class space    used 8885K, committed 9664K, reserved 1048576K
}
Event: 4199.608 GC heap after
{Heap after GC invocations=1025 (full 4):
 PSYoungGen      total 7680K, used 224K [0x00000000d5580000, 0x00000000d5e00000, 0x0000000100000000)
  eden space 7168K, 0% used [0x00000000d5580000,0x00000000d5580000,0x00000000d5c80000)
  from space 512K, 43% used [0x00000000d5d00000,0x00000000d5d38000,0x00000000d5d80000)
  to   space 512K, 0% used [0x00000000d5d80000,0x00000000d5d80000,0x00000000d5e00000)
 ParOldGen       total 701952K, used 701725K [0x0000000080000000, 0x00000000aad80000, 0x00000000d5580000)
  object space 701952K, 99% used [0x0000000080000000,0x00000000aad47488,0x00000000aad80000)
 Metaspace       used 85698K, committed 87424K, reserved 1179648K
  class space    used 8885K, committed 9664K, reserved 1048576K
}
Event: 4199.640 GC heap before
{Heap before GC invocations=1026 (full 4):
 PSYoungGen      total 7680K, used 6313K [0x00000000d5580000, 0x00000000d5e00000, 0x0000000100000000)
  eden space 7168K, 84% used [0x00000000d5580000,0x00000000d5b72408,0x00000000d5c80000)
  from space 512K, 43% used [0x00000000d5d00000,0x00000000d5d38000,0x00000000d5d80000)
  to   space 512K, 0% used [0x00000000d5d80000,0x00000000d5d80000,0x00000000d5e00000)
 ParOldGen       total 701952K, used 701725K [0x0000000080000000, 0x00000000aad80000, 0x00000000d5580000)
  object space 701952K, 99% used [0x0000000080000000,0x00000000aad47488,0x00000000aad80000)
 Metaspace       used 85700K, committed 87424K, reserved 1179648K
  class space    used 8885K, committed 9664K, reserved 1048576K
}
Event: 4199.645 GC heap after
{Heap after GC invocations=1026 (full 4):
 PSYoungGen      total 7680K, used 512K [0x00000000d5580000, 0x00000000d5e80000, 0x0000000100000000)
  eden space 7168K, 0% used [0x00000000d5580000,0x00000000d5580000,0x00000000d5c80000)
  from space 512K, 100% used [0x00000000d5d80000,0x00000000d5e00000,0x00000000d5e00000)
  to   space 1024K, 0% used [0x00000000d5c80000,0x00000000d5c80000,0x00000000d5d80000)
 ParOldGen       total 701952K, used 701821K [0x0000000080000000, 0x00000000aad80000, 0x00000000d5580000)
  object space 701952K, 99% used [0x0000000080000000,0x00000000aad5f488,0x00000000aad80000)
 Metaspace       used 85700K, committed 87424K, reserved 1179648K
  class space    used 8885K, committed 9664K, reserved 1048576K
}
Event: 4199.668 GC heap before
{Heap before GC invocations=1027 (full 4):
 PSYoungGen      total 7680K, used 7157K [0x00000000d5580000, 0x00000000d5e80000, 0x0000000100000000)
  eden space 7168K, 92% used [0x00000000d5580000,0x00000000d5bfd6c8,0x00000000d5c80000)
  from space 512K, 100% used [0x00000000d5d80000,0x00000000d5e00000,0x00000000d5e00000)
  to   space 1024K, 0% used [0x00000000d5c80000,0x00000000d5c80000,0x00000000d5d80000)
 ParOldGen       total 701952K, used 701821K [0x0000000080000000, 0x00000000aad80000, 0x00000000d5580000)
  object space 701952K, 99% used [0x0000000080000000,0x00000000aad5f488,0x00000000aad80000)
 Metaspace       used 85700K, committed 87424K, reserved 1179648K
  class space    used 8885K, committed 9664K, reserved 1048576K
}
Event: 4199.672 GC heap after
{Heap after GC invocations=1027 (full 4):
 PSYoungGen      total 8192K, used 96K [0x00000000d5580000, 0x00000000d5e00000, 0x0000000100000000)
  eden space 7168K, 0% used [0x00000000d5580000,0x00000000d5580000,0x00000000d5c80000)
  from space 1024K, 9% used [0x00000000d5c80000,0x00000000d5c98000,0x00000000d5d80000)
  to   space 512K, 0% used [0x00000000d5d80000,0x00000000d5d80000,0x00000000d5e00000)
 ParOldGen       total 702464K, used 702322K [0x0000000080000000, 0x00000000aae00000, 0x00000000d5580000)
  object space 702464K, 99% used [0x0000000080000000,0x00000000aaddc908,0x00000000aae00000)
 Metaspace       used 85700K, committed 87424K, reserved 1179648K
  class space    used 8885K, committed 9664K, reserved 1048576K
}
Event: 4199.689 GC heap before
{Heap before GC invocations=1028 (full 4):
 PSYoungGen      total 8192K, used 6752K [0x00000000d5580000, 0x00000000d5e00000, 0x0000000100000000)
  eden space 7168K, 92% used [0x00000000d5580000,0x00000000d5c00378,0x00000000d5c80000)
  from space 1024K, 9% used [0x00000000d5c80000,0x00000000d5c98000,0x00000000d5d80000)
  to   space 512K, 0% used [0x00000000d5d80000,0x00000000d5d80000,0x00000000d5e00000)
 ParOldGen       total 702464K, used 702322K [0x0000000080000000, 0x00000000aae00000, 0x00000000d5580000)
  object space 702464K, 99% used [0x0000000080000000,0x00000000aaddc908,0x00000000aae00000)
 Metaspace       used 85700K, committed 87424K, reserved 1179648K
  class space    used 8885K, committed 9664K, reserved 1048576K
}
Event: 4199.693 GC heap after
{Heap after GC invocations=1028 (full 4):
 PSYoungGen      total 7680K, used 160K [0x00000000d5580000, 0x00000000d5e00000, 0x0000000100000000)
  eden space 7168K, 0% used [0x00000000d5580000,0x00000000d5580000,0x00000000d5c80000)
  from space 512K, 31% used [0x00000000d5d80000,0x00000000d5da8000,0x00000000d5e00000)
  to   space 512K, 0% used [0x00000000d5d00000,0x00000000d5d00000,0x00000000d5d80000)
 ParOldGen       total 702464K, used 702354K [0x0000000080000000, 0x00000000aae00000, 0x00000000d5580000)
  object space 702464K, 99% used [0x0000000080000000,0x00000000aade4908,0x00000000aae00000)
 Metaspace       used 85700K, committed 87424K, reserved 1179648K
  class space    used 8885K, committed 9664K, reserved 1048576K
}
Event: 4199.718 GC heap before
{Heap before GC invocations=1029 (full 4):
 PSYoungGen      total 7680K, used 6281K [0x00000000d5580000, 0x00000000d5e00000, 0x0000000100000000)
  eden space 7168K, 85% used [0x00000000d5580000,0x00000000d5b7a430,0x00000000d5c80000)
  from space 512K, 31% used [0x00000000d5d80000,0x00000000d5da8000,0x00000000d5e00000)
  to   space 512K, 0% used [0x00000000d5d00000,0x00000000d5d00000,0x00000000d5d80000)
 ParOldGen       total 702464K, used 702354K [0x0000000080000000, 0x00000000aae00000, 0x00000000d5580000)
  object space 702464K, 99% used [0x0000000080000000,0x00000000aade4908,0x00000000aae00000)
 Metaspace       used 85701K, committed 87424K, reserved 1179648K
  class space    used 8885K, committed 9664K, reserved 1048576K
}
Event: 4199.724 GC heap after
{Heap after GC invocations=1029 (full 4):
 PSYoungGen      total 7680K, used 512K [0x00000000d5580000, 0x00000000d5e80000, 0x0000000100000000)
  eden space 7168K, 0% used [0x00000000d5580000,0x00000000d5580000,0x00000000d5c80000)
  from space 512K, 100% used [0x00000000d5d00000,0x00000000d5d80000,0x00000000d5d80000)
  to   space 1024K, 0% used [0x00000000d5d80000,0x00000000d5d80000,0x00000000d5e80000)
 ParOldGen       total 702464K, used 702426K [0x0000000080000000, 0x00000000aae00000, 0x00000000d5580000)
  object space 702464K, 99% used [0x0000000080000000,0x00000000aadf6908,0x00000000aae00000)
 Metaspace       used 85701K, committed 87424K, reserved 1179648K
  class space    used 8885K, committed 9664K, reserved 1048576K
}

Dll operation events (12 events):
Event: 0.423 Loaded shared library c:\Users\mishr\.vscode\extensions\redhat.java-1.52.0-win32-x64\jre\21.0.9-win32-x86_64\bin\java.dll
Event: 0.561 Loaded shared library c:\Users\mishr\.vscode\extensions\redhat.java-1.52.0-win32-x64\jre\21.0.9-win32-x86_64\bin\zip.dll
Event: 0.630 Loaded shared library C:\Users\mishr\.vscode\extensions\redhat.java-1.52.0-win32-x64\jre\21.0.9-win32-x86_64\bin\instrument.dll
Event: 0.821 Loaded shared library C:\Users\mishr\.vscode\extensions\redhat.java-1.52.0-win32-x64\jre\21.0.9-win32-x86_64\bin\net.dll
Event: 0.955 Loaded shared library C:\Users\mishr\.vscode\extensions\redhat.java-1.52.0-win32-x64\jre\21.0.9-win32-x86_64\bin\nio.dll
Event: 0.968 Loaded shared library C:\Users\mishr\.vscode\extensions\redhat.java-1.52.0-win32-x64\jre\21.0.9-win32-x86_64\bin\zip.dll
Event: 1.005 Loaded shared library C:\Users\mishr\.vscode\extensions\redhat.java-1.52.0-win32-x64\jre\21.0.9-win32-x86_64\bin\jimage.dll
Event: 1.291 Loaded shared library c:\Users\mishr\.vscode\extensions\redhat.java-1.52.0-win32-x64\jre\21.0.9-win32-x86_64\bin\verify.dll
Event: 23.596 Loaded shared library C:\Users\mishr\AppData\Roaming\Code\User\globalStorage\redhat.java\1.52.0\config_win\org.eclipse.equinox.launcher\org.eclipse.equinox.launcher.win32.win32.x86_64_1.2.1500.v20260121-1430\eclipse_11919.dll
Event: 42.832 Loaded shared library C:\Users\mishr\AppData\Local\Temp\jna-103905697\jna15835021635007992393.dll
Event: 48.098 Loaded shared library C:\Users\mishr\.vscode\extensions\redhat.java-1.52.0-win32-x64\jre\21.0.9-win32-x86_64\bin\sunmscapi.dll
Event: 49.356 Loaded shared library C:\Users\mishr\.vscode\extensions\redhat.java-1.52.0-win32-x64\jre\21.0.9-win32-x86_64\bin\extnet.dll

Deoptimization events (20 events):
Event: 4199.568 Thread 0x0000012fda871d20 DEOPT PACKING pc=0x0000012f8247542c sp=0x0000002564efd850
Event: 4199.568 Thread 0x0000012fda871d20 DEOPT UNPACKING pc=0x0000012f87584242 sp=0x0000002564efcd78 mode 0
Event: 4199.570 Thread 0x0000012fdbabcab0 Uncommon trap: trap_request=0xffffff45 fr.pc=0x0000012f8810da24 relative=0x0000000000000104
Event: 4199.570 Thread 0x0000012fdbabcab0 Uncommon trap: reason=unstable_if action=reinterpret pc=0x0000012f8810da24 method=org.eclipse.jdt.internal.compiler.parser.ScannerHelper.toLowerCase(C)C @ 4 c2
Event: 4199.570 Thread 0x0000012fdbabcab0 DEOPT PACKING pc=0x0000012f8810da24 sp=0x00000025669ff4a0
Event: 4199.570 Thread 0x0000012fdbabcab0 DEOPT UNPACKING pc=0x0000012f87583aa2 sp=0x00000025669ff430 mode 2
Event: 4199.576 Thread 0x0000012fdbabcab0 Uncommon trap: trap_request=0xffffffbe fr.pc=0x0000012f87dcfb18 relative=0x00000000000001f8
Event: 4199.576 Thread 0x0000012fdbabcab0 Uncommon trap: reason=profile_predicate action=maybe_recompile pc=0x0000012f87dcfb18 method=java.util.regex.Pattern.RemoveQEQuoting()V @ 7 c2
Event: 4199.576 Thread 0x0000012fdbabcab0 DEOPT PACKING pc=0x0000012f87dcfb18 sp=0x00000025669ff350
Event: 4199.576 Thread 0x0000012fdbabcab0 DEOPT UNPACKING pc=0x0000012f87583aa2 sp=0x00000025669ff2c0 mode 2
Event: 4199.623 Thread 0x0000012fda871d20 DEOPT PACKING pc=0x0000012f8287c675 sp=0x0000002564efce80
Event: 4199.623 Thread 0x0000012fda871d20 DEOPT UNPACKING pc=0x0000012f87584242 sp=0x0000002564efc510 mode 0
Event: 4199.626 Thread 0x0000012fda871d20 DEOPT PACKING pc=0x0000012f8287c675 sp=0x0000002564efd050
Event: 4199.626 Thread 0x0000012fda871d20 DEOPT UNPACKING pc=0x0000012f87584242 sp=0x0000002564efc6e0 mode 0
Event: 4199.627 Thread 0x0000012fda871d20 DEOPT PACKING pc=0x0000012f8287c7d8 sp=0x0000002564efd050
Event: 4199.627 Thread 0x0000012fda871d20 DEOPT UNPACKING pc=0x0000012f87584242 sp=0x0000002564efc6e0 mode 0
Event: 4199.710 Thread 0x0000012fda871d20 DEOPT PACKING pc=0x0000012f8287c7d8 sp=0x0000002564efd0f0
Event: 4199.710 Thread 0x0000012fda871d20 DEOPT UNPACKING pc=0x0000012f87584242 sp=0x0000002564efc780 mode 0
Event: 4199.712 Thread 0x0000012fda871d20 DEOPT PACKING pc=0x0000012f8287c7d8 sp=0x0000002564efcde0
Event: 4199.712 Thread 0x0000012fda871d20 DEOPT UNPACKING pc=0x0000012f87584242 sp=0x0000002564efc470 mode 0

Classes loaded (20 events):
Event: 4196.065 Loading class sun/security/provider/certpath/ResponderId$Type
Event: 4196.065 Loading class sun/security/provider/certpath/ResponderId$Type done
Event: 4196.068 Loading class sun/security/provider/certpath/OCSPResponse$SingleResponse
Event: 4196.070 Loading class sun/security/provider/certpath/OCSP$RevocationStatus
Event: 4196.070 Loading class sun/security/provider/certpath/OCSP$RevocationStatus done
Event: 4196.071 Loading class sun/security/provider/certpath/OCSPResponse$SingleResponse done
Event: 4196.071 Loading class sun/security/provider/certpath/CertId
Event: 4196.073 Loading class sun/security/provider/certpath/CertId done
Event: 4196.077 Loading class sun/security/provider/certpath/OCSP$RevocationStatus$CertStatus
Event: 4196.077 Loading class sun/security/provider/certpath/OCSP$RevocationStatus$CertStatus done
Event: 4196.206 Loading class sun/security/ssl/CertificateVerify$T13CertificateVerifyMessage
Event: 4196.208 Loading class sun/security/ssl/CertificateVerify$T13CertificateVerifyMessage done
Event: 4196.217 Loading class sun/security/ssl/SSLBasicKeyDerivation
Event: 4196.220 Loading class sun/security/ssl/SSLBasicKeyDerivation done
Event: 4196.220 Loading class sun/security/ssl/SSLBasicKeyDerivation$SecretSizeSpec
Event: 4196.222 Loading class sun/security/ssl/SSLBasicKeyDerivation$SecretSizeSpec done
Event: 4196.252 Loading class sun/security/ssl/PostHandshakeContext
Event: 4196.254 Loading class sun/security/ssl/PostHandshakeContext done
Event: 4196.254 Loading class sun/security/ssl/NewSessionTicket$T13NewSessionTicketMessage
Event: 4196.260 Loading class sun/security/ssl/NewSessionTicket$T13NewSessionTicketMessage done

Classes unloaded (17 events):
Event: 44.271 Thread 0x0000012ffaf1e7e0 Unloading class 0x0000012f941a4800 'java/lang/invoke/LambdaForm$MH+0x0000012f941a4800'
Event: 44.271 Thread 0x0000012ffaf1e7e0 Unloading class 0x0000012f941a4400 'java/lang/invoke/LambdaForm$MH+0x0000012f941a4400'
Event: 44.271 Thread 0x0000012ffaf1e7e0 Unloading class 0x0000012f941a4000 'java/lang/invoke/LambdaForm$MH+0x0000012f941a4000'
Event: 44.271 Thread 0x0000012ffaf1e7e0 Unloading class 0x0000012f941a3c00 'java/lang/invoke/LambdaForm$MH+0x0000012f941a3c00'
Event: 44.271 Thread 0x0000012ffaf1e7e0 Unloading class 0x0000012f941a3800 'java/lang/invoke/LambdaForm$BMH+0x0000012f941a3800'
Event: 44.271 Thread 0x0000012ffaf1e7e0 Unloading class 0x0000012f941a3400 'java/lang/invoke/LambdaForm$DMH+0x0000012f941a3400'
Event: 44.271 Thread 0x0000012ffaf1e7e0 Unloading class 0x0000012f941a2000 'java/lang/invoke/LambdaForm$DMH+0x0000012f941a2000'
Event: 47.546 Thread 0x0000012ffaf1e7e0 Unloading class 0x0000012f942f6400 'java/lang/invoke/LambdaForm$MH+0x0000012f942f6400'
Event: 47.546 Thread 0x0000012ffaf1e7e0 Unloading class 0x0000012f942f5c00 'java/lang/invoke/LambdaForm$MH+0x0000012f942f5c00'
Event: 47.546 Thread 0x0000012ffaf1e7e0 Unloading class 0x0000012f942f5800 'java/lang/invoke/LambdaForm$MH+0x0000012f942f5800'
Event: 47.546 Thread 0x0000012ffaf1e7e0 Unloading class 0x0000012f942f5000 'java/lang/invoke/LambdaForm$MH+0x0000012f942f5000'
Event: 47.546 Thread 0x0000012ffaf1e7e0 Unloading class 0x0000012f942f4800 'java/lang/invoke/LambdaForm$DMH+0x0000012f942f4800'
Event: 47.546 Thread 0x0000012ffaf1e7e0 Unloading class 0x0000012f942eec00 'java/lang/invoke/LambdaForm$MH+0x0000012f942eec00'
Event: 47.546 Thread 0x0000012ffaf1e7e0 Unloading class 0x0000012f942eb000 'java/lang/invoke/LambdaForm$MH+0x0000012f942eb000'
Event: 47.546 Thread 0x0000012ffaf1e7e0 Unloading class 0x0000012f942ea400 'java/lang/invoke/LambdaForm$MH+0x0000012f942ea400'
Event: 47.546 Thread 0x0000012ffaf1e7e0 Unloading class 0x0000012f942e9c00 'java/lang/invoke/LambdaForm$MH+0x0000012f942e9c00'
Event: 47.546 Thread 0x0000012ffaf1e7e0 Unloading class 0x0000012f942e9800 'java/lang/invoke/LambdaForm$MH+0x0000012f942e9800'

Classes redefined (0 events):
No events

Internal exceptions (20 events):
Event: 4194.233 Thread 0x0000012fda874480 Exception <a 'sun/nio/fs/WindowsException'{0x00000000d5646808}> (0x00000000d5646808) 
thrown [s\src\hotspot\share\prims\jni.cpp, line 520]
Event: 4194.291 Thread 0x0000012fda874480 Exception <a 'sun/nio/fs/WindowsException'{0x00000000d5657238}> (0x00000000d5657238) 
thrown [s\src\hotspot\share\prims\jni.cpp, line 520]
Event: 4194.341 Thread 0x0000012fda874480 Exception <a 'sun/nio/fs/WindowsException'{0x00000000d5667ff8}> (0x00000000d5667ff8) 
thrown [s\src\hotspot\share\prims\jni.cpp, line 520]
Event: 4194.348 Thread 0x0000012fda874480 Exception <a 'sun/nio/fs/WindowsException'{0x00000000d5678bf0}> (0x00000000d5678bf0) 
thrown [s\src\hotspot\share\prims\jni.cpp, line 520]
Event: 4194.359 Thread 0x0000012fda874480 Exception <a 'sun/nio/fs/WindowsException'{0x00000000d568b560}> (0x00000000d568b560) 
thrown [s\src\hotspot\share\prims\jni.cpp, line 520]
Event: 4194.360 Thread 0x0000012fd971f380 Exception <a 'sun/nio/fs/WindowsException'{0x00000000d5613cd8}> (0x00000000d5613cd8) 
thrown [s\src\hotspot\share\prims\jni.cpp, line 520]
Event: 4194.372 Thread 0x0000012fda874480 Exception <a 'sun/nio/fs/WindowsException'{0x00000000d56aacc0}> (0x00000000d56aacc0) 
thrown [s\src\hotspot\share\prims\jni.cpp, line 520]
Event: 4194.378 Thread 0x0000012fda874480 Exception <a 'sun/nio/fs/WindowsException'{0x00000000d56bbdd0}> (0x00000000d56bbdd0) 
thrown [s\src\hotspot\share\prims\jni.cpp, line 520]
Event: 4194.383 Thread 0x0000012fda874480 Exception <a 'sun/nio/fs/WindowsException'{0x00000000d56ccf20}> (0x00000000d56ccf20) 
thrown [s\src\hotspot\share\prims\jni.cpp, line 520]
Event: 4194.392 Thread 0x0000012fda874480 Exception <a 'sun/nio/fs/WindowsException'{0x00000000d56ddf98}> (0x00000000d56ddf98) 
thrown [s\src\hotspot\share\prims\jni.cpp, line 520]
Event: 4194.414 Thread 0x0000012fda874480 Exception <a 'sun/nio/fs/WindowsException'{0x00000000d56eede0}> (0x00000000d56eede0) 
thrown [s\src\hotspot\share\prims\jni.cpp, line 520]
Event: 4194.426 Thread 0x0000012fda874480 Exception <a 'sun/nio/fs/WindowsException'{0x00000000d5712450}> (0x00000000d5712450) 
thrown [s\src\hotspot\share\prims\jni.cpp, line 520]
Event: 4194.431 Thread 0x0000012fda874480 Exception <a 'sun/nio/fs/WindowsException'{0x00000000d5724898}> (0x00000000d5724898) 
thrown [s\src\hotspot\share\prims\jni.cpp, line 520]
Event: 4194.436 Thread 0x0000012fda874480 Exception <a 'sun/nio/fs/WindowsException'{0x00000000d5736e10}> (0x00000000d5736e10) 
thrown [s\src\hotspot\share\prims\jni.cpp, line 520]
Event: 4194.441 Thread 0x0000012fda874480 Exception <a 'sun/nio/fs/WindowsException'{0x00000000d5749488}> (0x00000000d5749488) 
thrown [s\src\hotspot\share\prims\jni.cpp, line 520]
Event: 4194.448 Thread 0x0000012fda874480 Exception <a 'sun/nio/fs/WindowsException'{0x00000000d575c548}> (0x00000000d575c548) 
thrown [s\src\hotspot\share\prims\jni.cpp, line 520]
Event: 4194.455 Thread 0x0000012fda874480 Exception <a 'sun/nio/fs/WindowsException'{0x00000000d576fce8}> (0x00000000d576fce8) 
thrown [s\src\hotspot\share\prims\jni.cpp, line 520]
Event: 4194.459 Thread 0x0000012fda874480 Exception <a 'sun/nio/fs/WindowsException'{0x00000000d5780548}> (0x00000000d5780548) 
thrown [s\src\hotspot\share\prims\jni.cpp, line 520]
Event: 4194.483 Thread 0x0000012fda874480 Exception <a 'sun/nio/fs/WindowsException'{0x00000000d57e5b88}> (0x00000000d57e5b88) 
thrown [s\src\hotspot\share\prims\jni.cpp, line 520]
Event: 4194.483 Thread 0x0000012fda874480 Exception <a 'sun/nio/fs/WindowsException'{0x00000000d57e6400}> (0x00000000d57e6400) 
thrown [s\src\hotspot\share\prims\jni.cpp, line 520]

ZGC Phase Switch (0 events):
No events

VM Operations (20 events):
Event: 4196.486 Executing VM operation: ParallelGCFailedAllocation (Allocation Failure)
Event: 4198.507 Executing VM operation: ParallelGCFailedAllocation (Allocation Failure) done
Event: 4198.523 Executing VM operation: ParallelGCFailedAllocation (Allocation Failure)
Event: 4199.548 Executing VM operation: ParallelGCFailedAllocation (Allocation Failure) done
Event: 4199.569 Executing VM operation: HandshakeAllThreads (Deoptimize)
Event: 4199.569 Executing VM operation: HandshakeAllThreads (Deoptimize) done
Event: 4199.577 Executing VM operation: ParallelGCFailedAllocation (Allocation Failure)
Event: 4199.582 Executing VM operation: ParallelGCFailedAllocation (Allocation Failure) done
Event: 4199.605 Executing VM operation: ParallelGCFailedAllocation (Allocation Failure)
Event: 4199.608 Executing VM operation: ParallelGCFailedAllocation (Allocation Failure) done
Event: 4199.639 Executing VM operation: ParallelGCFailedAllocation (Allocation Failure)
Event: 4199.645 Executing VM operation: ParallelGCFailedAllocation (Allocation Failure) done
Event: 4199.668 Executing VM operation: ParallelGCFailedAllocation (Allocation Failure)
Event: 4199.672 Executing VM operation: ParallelGCFailedAllocation (Allocation Failure) done
Event: 4199.689 Executing VM operation: ParallelGCFailedAllocation (Allocation Failure)
Event: 4199.693 Executing VM operation: ParallelGCFailedAllocation (Allocation Failure) done
Event: 4199.718 Executing VM operation: ParallelGCFailedAllocation (Allocation Failure)
Event: 4199.724 Executing VM operation: ParallelGCFailedAllocation (Allocation Failure) done
Event: 4200.729 Executing VM operation: Cleanup
Event: 4200.729 Executing VM operation: Cleanup done

Memory protections (0 events):
No events

Nmethod flushes (20 events):
Event: 1197.614 Thread 0x0000012ffaf1e7e0 flushing  nmethod 0x0000012f80d12190
Event: 1197.614 Thread 0x0000012ffaf1e7e0 flushing  nmethod 0x0000012f80d12e10
Event: 1197.614 Thread 0x0000012ffaf1e7e0 flushing  nmethod 0x0000012f80d13690
Event: 1197.614 Thread 0x0000012ffaf1e7e0 flushing  nmethod 0x0000012f80d13a90
Event: 1197.614 Thread 0x0000012ffaf1e7e0 flushing  nmethod 0x0000012f80d21490
Event: 1197.614 Thread 0x0000012ffaf1e7e0 flushing  nmethod 0x0000012f80d21e90
Event: 1197.614 Thread 0x0000012ffaf1e7e0 flushing  nmethod 0x0000012f80d23710
Event: 1197.614 Thread 0x0000012ffaf1e7e0 flushing  nmethod 0x0000012f80d2e390
Event: 1197.614 Thread 0x0000012ffaf1e7e0 flushing  nmethod 0x0000012f80d4e610
Event: 1197.614 Thread 0x0000012ffaf1e7e0 flushing  nmethod 0x0000012f80d50290
Event: 1197.614 Thread 0x0000012ffaf1e7e0 flushing  nmethod 0x0000012f80d50f10
Event: 1197.614 Thread 0x0000012ffaf1e7e0 flushing  nmethod 0x0000012f80d5ae10
Event: 1197.614 Thread 0x0000012ffaf1e7e0 flushing  nmethod 0x0000012f80d95410
Event: 1197.614 Thread 0x0000012ffaf1e7e0 flushing  nmethod 0x0000012f80d97390
Event: 1197.614 Thread 0x0000012ffaf1e7e0 flushing  nmethod 0x0000012f80d97790
Event: 1197.614 Thread 0x0000012ffaf1e7e0 flushing  nmethod 0x0000012f80d9a610
Event: 1197.614 Thread 0x0000012ffaf1e7e0 flushing  nmethod 0x0000012f80db5990
Event: 1197.614 Thread 0x0000012ffaf1e7e0 flushing  nmethod 0x0000012f80dbf090
Event: 1197.614 Thread 0x0000012ffaf1e7e0 flushing  nmethod 0x0000012f80dcf490
Event: 1197.615 Thread 0x0000012ffaf1e7e0 flushing  nmethod 0x0000012f80de2b90

Events (20 events):
Event: 2655.313 Thread 0x0000012fda871d20 Thread exited: 0x0000012fda871d20
Event: 4081.287 Thread 0x0000012fd9e6c240 Thread added: 0x0000012fda873df0
Event: 4081.321 Thread 0x0000012fd9e6c240 Thread added: 0x0000012fda871d20
Event: 4081.411 Thread 0x0000012fda871d20 Thread added: 0x0000012fda875830
Event: 4099.377 Thread 0x0000012fda874b10 Thread added: 0x0000012fda874480
Event: 4099.492 Thread 0x0000012fdbabf210 Thread added: 0x0000012fda875ec0
Event: 4099.496 Thread 0x0000012fda875ec0 Thread added: 0x0000012fda876550
Event: 4099.499 Thread 0x0000012fda876550 Thread added: 0x0000012fda876be0
Event: 4099.531 Thread 0x0000012fda875ec0 Thread added: 0x0000012fda873760
Event: 4099.539 Thread 0x0000012fda875ec0 Thread added: 0x0000012fda877270
Event: 4099.541 Thread 0x0000012fda876be0 Thread added: 0x0000012fda877900
Event: 4099.544 Thread 0x0000012fda876550 Thread added: 0x0000012fda878620
Event: 4099.544 Thread 0x0000012fda875ec0 Thread added: 0x0000012fda878cb0
Event: 4111.515 Thread 0x0000012fd9e6c240 Thread added: 0x0000012fda879340
Event: 4195.702 Thread 0x0000012fda871d20 Thread added: 0x0000012fdbabcab0
Event: 4196.239 Thread 0x0000012fdbabcab0 Thread added: 0x0000012fdbac05c0
Event: 4196.240 Thread 0x0000012fdbac05c0 Thread exited: 0x0000012fdbac05c0
Event: 4198.521 Thread 0x0000012fdbabcab0 Thread added: 0x0000012fdbabf8a0
Event: 4198.523 Thread 0x0000012ffadef100 Thread added: 0x0000012fdbeeaff0
Event: 4199.577 Thread 0x0000012fdbabcab0 Thread exited: 0x0000012fdbabcab0


Dynamic libraries:
0x00007ff7909d0000 - 0x00007ff7909de000 	c:\Users\mishr\.vscode\extensions\redhat.java-1.52.0-win32-x64\jre\21.0.9-win32-x86_64\bin\java.exe
0x00007ffc4cf80000 - 0x00007ffc4d1e8000 	C:\WINDOWS\SYSTEM32\ntdll.dll
0x00007ffc4c3c0000 - 0x00007ffc4c489000 	C:\WINDOWS\System32\KERNEL32.DLL
0x00007ffc49c90000 - 0x00007ffc4a081000 	C:\WINDOWS\System32\KERNELBASE.dll
0x00007ffc499d0000 - 0x00007ffc49b1b000 	C:\WINDOWS\System32\ucrtbase.dll
0x00007ffb9b1b0000 - 0x00007ffb9b1c8000 	c:\Users\mishr\.vscode\extensions\redhat.java-1.52.0-win32-x64\jre\21.0.9-win32-x86_64\bin\jli.dll
0x00007ffc4ccd0000 - 0x00007ffc4ce96000 	C:\WINDOWS\System32\USER32.dll
0x00007ffb9b230000 - 0x00007ffb9b24e000 	c:\Users\mishr\.vscode\extensions\redhat.java-1.52.0-win32-x64\jre\21.0.9-win32-x86_64\bin\VCRUNTIME140.dll
0x00007ffc499a0000 - 0x00007ffc499c7000 	C:\WINDOWS\System32\win32u.dll
0x00007ffc39130000 - 0x00007ffc393c3000 	C:\WINDOWS\WinSxS\amd64_microsoft.windows.common-controls_6595b64144ccf1df_6.0.26100.7705_none_3e06597ae3363b04\COMCTL32.dll
0x00007ffc4ca20000 - 0x00007ffc4cac9000 	C:\WINDOWS\System32\msvcrt.dll
0x00007ffc4b5d0000 - 0x00007ffc4b5fb000 	C:\WINDOWS\System32\GDI32.dll
0x00007ffc4abf0000 - 0x00007ffc4ad1b000 	C:\WINDOWS\System32\gdi32full.dll
0x00007ffc49860000 - 0x00007ffc49903000 	C:\WINDOWS\System32\msvcp_win.dll
0x00007ffc4c9e0000 - 0x00007ffc4ca11000 	C:\WINDOWS\System32\IMM32.DLL
0x00007ffc3c370000 - 0x00007ffc3c37c000 	c:\Users\mishr\.vscode\extensions\redhat.java-1.52.0-win32-x64\jre\21.0.9-win32-x86_64\bin\vcruntime140_1.dll
0x00007ffb6f990000 - 0x00007ffb6fa1d000 	c:\Users\mishr\.vscode\extensions\redhat.java-1.52.0-win32-x64\jre\21.0.9-win32-x86_64\bin\msvcp140.dll
0x00007ffb4a530000 - 0x00007ffb4b2d0000 	c:\Users\mishr\.vscode\extensions\redhat.java-1.52.0-win32-x64\jre\21.0.9-win32-x86_64\bin\server\jvm.dll
0x00007ffc4c4f0000 - 0x00007ffc4c5a4000 	C:\WINDOWS\System32\ADVAPI32.dll
0x00007ffc4cc20000 - 0x00007ffc4ccc6000 	C:\WINDOWS\System32\sechost.dll
0x00007ffc4cae0000 - 0x00007ffc4cbf8000 	C:\WINDOWS\System32\RPCRT4.dll
0x00007ffc4b7e0000 - 0x00007ffc4b854000 	C:\WINDOWS\System32\WS2_32.dll
0x00007ffc496c0000 - 0x00007ffc4971e000 	C:\WINDOWS\SYSTEM32\POWRPROF.dll
0x00007ffc47940000 - 0x00007ffc47975000 	C:\WINDOWS\SYSTEM32\WINMM.dll
0x00007ffc41d30000 - 0x00007ffc41d3b000 	C:\WINDOWS\SYSTEM32\VERSION.dll
0x00007ffc496a0000 - 0x00007ffc496b4000 	C:\WINDOWS\SYSTEM32\UMPDC.dll
0x00007ffc48610000 - 0x00007ffc4862b000 	C:\WINDOWS\SYSTEM32\kernel.appcore.dll
0x00007ffc23530000 - 0x00007ffc2353a000 	c:\Users\mishr\.vscode\extensions\redhat.java-1.52.0-win32-x64\jre\21.0.9-win32-x86_64\bin\jimage.dll
0x00007ffc47680000 - 0x00007ffc478c2000 	C:\WINDOWS\SYSTEM32\DBGHELP.DLL
0x00007ffc4c630000 - 0x00007ffc4c9b6000 	C:\WINDOWS\System32\combase.dll
0x00007ffc4c0e0000 - 0x00007ffc4c1b7000 	C:\WINDOWS\System32\OLEAUT32.dll
0x00007ffc47900000 - 0x00007ffc4793b000 	C:\WINDOWS\SYSTEM32\dbgcore.DLL
0x00007ffc4ab40000 - 0x00007ffc4abe5000 	C:\WINDOWS\System32\bcryptPrimitives.dll
0x00007ffc44d60000 - 0x00007ffc44d6f000 	c:\Users\mishr\.vscode\extensions\redhat.java-1.52.0-win32-x64\jre\21.0.9-win32-x86_64\bin\instrument.dll
0x00007ffb9afc0000 - 0x00007ffb9afe0000 	c:\Users\mishr\.vscode\extensions\redhat.java-1.52.0-win32-x64\jre\21.0.9-win32-x86_64\bin\java.dll
0x00007ffc4b980000 - 0x00007ffc4c0d1000 	C:\WINDOWS\System32\SHELL32.dll
0x00007ffc49b20000 - 0x00007ffc49c8a000 	C:\WINDOWS\System32\wintypes.dll
0x00007ffc4a090000 - 0x00007ffc4a8f2000 	C:\WINDOWS\System32\windows.storage.dll
0x00007ffc4b3d0000 - 0x00007ffc4b4c6000 	C:\WINDOWS\System32\SHCORE.dll
0x00007ffc4cea0000 - 0x00007ffc4cf07000 	C:\WINDOWS\System32\shlwapi.dll
0x00007ffc49780000 - 0x00007ffc497a9000 	C:\WINDOWS\SYSTEM32\profapi.dll
0x00007ffb9abb0000 - 0x00007ffb9abc8000 	c:\Users\mishr\.vscode\extensions\redhat.java-1.52.0-win32-x64\jre\21.0.9-win32-x86_64\bin\zip.dll
0x00007ffc43a50000 - 0x00007ffc43a60000 	C:\Users\mishr\.vscode\extensions\redhat.java-1.52.0-win32-x64\jre\21.0.9-win32-x86_64\bin\net.dll
0x00007ffc3f5b0000 - 0x00007ffc3f6d7000 	C:\WINDOWS\SYSTEM32\WINHTTP.dll
0x00007ffc48b80000 - 0x00007ffc48beb000 	C:\WINDOWS\system32\mswsock.dll
0x00007ffc43a30000 - 0x00007ffc43a46000 	C:\Users\mishr\.vscode\extensions\redhat.java-1.52.0-win32-x64\jre\21.0.9-win32-x86_64\bin\nio.dll
0x00007ffc43a20000 - 0x00007ffc43a30000 	c:\Users\mishr\.vscode\extensions\redhat.java-1.52.0-win32-x64\jre\21.0.9-win32-x86_64\bin\verify.dll
0x00007ffc25e60000 - 0x00007ffc25ea5000 	C:\Users\mishr\AppData\Roaming\Code\User\globalStorage\redhat.java\1.52.0\config_win\org.eclipse.equinox.launcher\org.eclipse.equinox.launcher.win32.win32.x86_64_1.2.1500.v20260121-1430\eclipse_11919.dll
0x00007ffc4b1b0000 - 0x00007ffc4b347000 	C:\WINDOWS\System32\ole32.dll
0x00007ffc48e40000 - 0x00007ffc48e5b000 	C:\WINDOWS\SYSTEM32\CRYPTSP.dll
0x00007ffc48570000 - 0x00007ffc485a9000 	C:\WINDOWS\system32\rsaenh.dll
0x00007ffc48c30000 - 0x00007ffc48c5b000 	C:\WINDOWS\SYSTEM32\USERENV.dll
0x00007ffc49750000 - 0x00007ffc4977a000 	C:\WINDOWS\SYSTEM32\bcrypt.dll
0x00007ffc48e60000 - 0x00007ffc48e6c000 	C:\WINDOWS\SYSTEM32\CRYPTBASE.dll
0x00007ffc47fe0000 - 0x00007ffc48014000 	C:\WINDOWS\SYSTEM32\IPHLPAPI.DLL
0x00007ffc4cad0000 - 0x00007ffc4cada000 	C:\WINDOWS\System32\NSI.dll
0x00007ffc25c40000 - 0x00007ffc25c89000 	C:\Users\mishr\AppData\Local\Temp\jna-103905697\jna15835021635007992393.dll
0x00007ffc4cc00000 - 0x00007ffc4cc08000 	C:\WINDOWS\System32\PSAPI.DLL
0x00007ffc41ab0000 - 0x00007ffc41ace000 	C:\WINDOWS\SYSTEM32\dhcpcsvc6.DLL
0x00007ffc3f400000 - 0x00007ffc3f423000 	C:\WINDOWS\SYSTEM32\dhcpcsvc.DLL
0x00007ffc43a10000 - 0x00007ffc43a1e000 	C:\Users\mishr\.vscode\extensions\redhat.java-1.52.0-win32-x64\jre\21.0.9-win32-x86_64\bin\sunmscapi.dll
0x00007ffc4a900000 - 0x00007ffc4aa77000 	C:\WINDOWS\System32\CRYPT32.dll
0x00007ffc49060000 - 0x00007ffc49090000 	C:\WINDOWS\SYSTEM32\ncrypt.dll
0x00007ffc49010000 - 0x00007ffc4904f000 	C:\WINDOWS\SYSTEM32\NTASN1.dll
0x00007ffc48020000 - 0x00007ffc4814c000 	C:\WINDOWS\SYSTEM32\DNSAPI.dll
0x00007ffc43010000 - 0x00007ffc4301b000 	C:\Windows\System32\rasadhlp.dll
0x00007ffc3d900000 - 0x00007ffc3d986000 	C:\WINDOWS\System32\fwpuclnt.dll
0x00007ffc3f870000 - 0x00007ffc3f879000 	C:\Users\mishr\.vscode\extensions\redhat.java-1.52.0-win32-x64\jre\21.0.9-win32-x86_64\bin\extnet.dll

JVMTI agents:
c:\Users\mishr\.vscode\extensions\redhat.java-1.52.0-win32-x64\lombok\lombok-1.18.39-4050.jar path:c:\Users\mishr\.vscode\extensions\redhat.java-1.52.0-win32-x64\jre\21.0.9-win32-x86_64\bin\instrument.dll, loaded, initialized, instrumentlib options:none

dbghelp: loaded successfully - version: 4.0.5 - missing functions: none
symbol engine: initialized successfully - sym options: 0x614 - pdb path: .;c:\Users\mishr\.vscode\extensions\redhat.java-1.52.0-win32-x64\jre\21.0.9-win32-x86_64\bin;C:\WINDOWS\SYSTEM32;C:\WINDOWS\WinSxS\amd64_microsoft.windows.common-controls_6595b64144ccf1df_6.0.26100.7705_none_3e06597ae3363b04;c:\Users\mishr\.vscode\extensions\redhat.java-1.52.0-win32-x64\jre\21.0.9-win32-x86_64\bin\server;C:\Users\mishr\AppData\Roaming\Code\User\globalStorage\redhat.java\1.52.0\config_win\org.eclipse.equinox.launcher\org.eclipse.equinox.launcher.win32.win32.x86_64_1.2.1500.v20260121-1430;C:\Users\mishr\AppData\Local\Temp\jna-103905697

VM Arguments:
jvm_args: --add-modules=ALL-SYSTEM --add-opens=java.base/java.util=ALL-UNNAMED --add-opens=java.base/java.lang=ALL-UNNAMED --add-opens=java.base/sun.nio.fs=ALL-UNNAMED -Declipse.application=org.eclipse.jdt.ls.core.id1 -Dosgi.bundles.defaultStartLevel=4 -Declipse.product=org.eclipse.jdt.ls.core.product -Djava.import.generatesMetadataFilesAtProjectRoot=false -DDetectVMInstallationsJob.disabled=true -Dfile.encoding=utf8 -XX:+UseParallelGC -XX:GCTimeRatio=4 -XX:AdaptiveSizePolicyWeight=90 -Dsun.zip.disableMemoryMapping=true -Xmx2G -Xms100m -Xlog:disable -javaagent:c:\Users\mishr\.vscode\extensions\redhat.java-1.52.0-win32-x64\lombok\lombok-1.18.39-4050.jar -XX:+HeapDumpOnOutOfMemoryError -XX:HeapDumpPath=c:\Users\mishr\AppData\Roaming\Code\User\workspaceStorage\6f35ab0fbe508e1a556979e0005c2c23\redhat.java -Daether.dependencyCollector.impl=bf 
java_command: c:\Users\mishr\.vscode\extensions\redhat.java-1.52.0-win32-x64\server\plugins\org.eclipse.equinox.launcher_1.7.100.v20251111-0406.jar -configuration c:\Users\mishr\AppData\Roaming\Code\User\globalStorage\redhat.java\1.52.0\config_win -data c:\Users\mishr\AppData\Roaming\Code\User\workspaceStorage\6f35ab0fbe508e1a556979e0005c2c23\redhat.java\jdt_ws --pipe=\\.\pipe\lsp-999c8e494e91df00d37b30248740bb15-sock
java_class_path (initial): c:\Users\mishr\.vscode\extensions\redhat.java-1.52.0-win32-x64\server\plugins\org.eclipse.equinox.launcher_1.7.100.v20251111-0406.jar
Launcher Type: SUN_STANDARD

[Global flags]
    uintx AdaptiveSizePolicyWeight                 = 90                                        {product} {command line}
     intx CICompilerCount                          = 4                                         {product} {ergonomic}
    uintx GCTimeRatio                              = 4                                         {product} {command line}
     bool HeapDumpOnOutOfMemoryError               = true                                   {manageable} {command line}
    ccstr HeapDumpPath                             = c:\Users\mishr\AppData\Roaming\Code\User\workspaceStorage\6f35ab0fbe508e1a556979e0005c2c23\redhat.java         {manageable} {command line}
   size_t InitialHeapSize                          = 104857600                                 {product} {command line}
   size_t MaxHeapSize                              = 2147483648                                {product} {command line}
   size_t MaxNewSize                               = 715653120                                 {product} {ergonomic}
   size_t MinHeapDeltaBytes                        = 524288                                    {product} {ergonomic}
   size_t MinHeapSize                              = 104857600                                 {product} {command line}
   size_t NewSize                                  = 34603008                                  {product} {ergonomic}
    uintx NonNMethodCodeHeapSize                   = 5839372                                {pd product} {ergonomic}
    uintx NonProfiledCodeHeapSize                  = 122909434                              {pd product} {ergonomic}
   size_t OldSize                                  = 70254592                                  {product} {ergonomic}
    uintx ProfiledCodeHeapSize                     = 122909434                              {pd product} {ergonomic}
    uintx ReservedCodeCacheSize                    = 251658240                              {pd product} {ergonomic}
     bool SegmentedCodeCache                       = true                                      {product} {ergonomic}
   size_t SoftMaxHeapSize                          = 2147483648                             {manageable} {ergonomic}
     bool UseCompressedOops                        = true                           {product lp64_product} {ergonomic}
     bool UseLargePagesIndividualAllocation        = false                                  {pd product} {ergonomic}
     bool UseParallelGC                            = true                                      {product} {command line}

Logging:
Log output configuration:
 #0: stdout all=off uptime,level,tags foldmultilines=false
 #1: stderr all=off uptime,level,tags foldmultilines=false

Release file:
JAVA_VERSION="21.0.9" 
MODULES="java.base java.compiler java.datatransfer java.xml java.prefs java.desktop java.instrument java.logging java.management java.security.sasl java.naming java.rmi java.management.rmi java.net.http java.scripting java.security.jgss java.transaction.xa java.sql java.sql.rowset java.xml.crypto java.se java.smartcardio jdk.accessibility jdk.internal.jvmstat jdk.attach jdk.charsets jdk.internal.opt jdk.zipfs jdk.compiler jdk.crypto.ec jdk.crypto.cryptoki jdk.crypto.mscapi jdk.dynalink jdk.internal.ed jdk.editpad jdk.hotspot.agent jdk.httpserver jdk.internal.le jdk.internal.vm.ci jdk.internal.vm.compiler jdk.internal.vm.compiler.management jdk.jartool jdk.javadoc jdk.jcmd jdk.management jdk.management.agent jdk.jconsole jdk.jdeps jdk.jdwp.agent jdk.jdi jdk.jfr jdk.jshell jdk.jsobject jdk.jstatd jdk.localedata jdk.management.jfr jdk.naming.dns jdk.naming.rmi jdk.net jdk.nio.mapmode jdk.random jdk.sctp jdk.security.auth jdk.security.jgss jdk.unsupported jdk.unsupported.desktop jdk.xml.dom" 

Environment Variables:
JAVA_HOME=C:\Program Files\Java\jdk-21
PATH=C:\Program Files\Common Files\Oracle\Java\javapath;C:\PYTHON 3.7\Scripts\;C:\PYTHON 3.7\;C:\Users\mishr\AppData\Roaming\Python\Python311\Scripts;C:\WINDOWS\system32;C:\WINDOWS;C:\WINDOWS\System32\Wbem;C:\WINDOWS\System32\WindowsPowerShell\v1.0\;C:\WINDOWS\System32\OpenSSH\;C:\Program Files\Git\cmd;C:\MinGW\mingw32\bin;%JAVA_HOME%\bin;%MAVEN_HOME%\bin;C:\Program Files\apache-maven-3.8.9-bin\apache-maven-3.8.9\bin;C:\Program Files\nodejs\;C:\Program Files\MySQL\MySQL Shell 8.0\bin\;C:\Users\mishr\AppData\Local\Microsoft\WindowsApps;C:\Users\mishr\AppData\Local\Programs\Microsoft VS Code\bin;C:\Users\mishr\AppData\Roaming\Python\Python311\Scripts;C:\Users\mishr\AppData\Roaming\Python\Python311;C:\MinGW\bin;C:\MinGW\mingw32\bin;C:\Program Files\nodejs;C:\Program Files\MySQL\MySQL Server 8.0\bin;C:\Program Files\apache-maven-3.8.9-bin\apache-maven-3.8.9\bin;C:\Program Files\Java\jdk-21;C:\Users\mishr\AppData\Roaming\npm;C:\Users\mishr\Downloads\node-v22.18.0-x64.msi;C:\Program Files\JetBrains\IntelliJ IDEA 2025.3.1\bin
USERNAME=mishr
OS=Windows_NT
PROCESSOR_IDENTIFIER=AMD64 Family 23 Model 104 Stepping 1, AuthenticAMD
TMP=C:\Users\mishr\AppData\Local\Temp
TEMP=C:\Users\mishr\AppData\Local\Temp




Periodic native trim disabled

---------------  S Y S T E M  ---------------

OS:
 Windows 11 , 64 bit Build 26100 (10.0.26100.7705)
OS uptime: 4 days 4:36 hours
Hyper-V role detected

CPU: total 8 (initial active 8) (8 cores per cpu, 2 threads per core) family 23 model 104 stepping 1 microcode 0x8608103, cx8, cmov, fxsr, ht, mmx, 3dnowpref, sse, sse2, sse3, ssse3, sse4a, sse4.1, sse4.2, popcnt, lzcnt, tsc, tscinvbit, avx, avx2, aes, clmul, bmi1, bmi2, adx, sha, fma, vzeroupper, clflush, clflushopt, hv, rdtscp, rdpid, f16c
Processor Information for processor 0
  Max Mhz: 2600, Current Mhz: 2600, Mhz Limit: 2600
Processor Information for processor 1
  Max Mhz: 2600, Current Mhz: 2600, Mhz Limit: 2600
Processor Information for processor 2
  Max Mhz: 2600, Current Mhz: 2600, Mhz Limit: 2600
Processor Information for processor 3
  Max Mhz: 2600, Current Mhz: 2600, Mhz Limit: 2600
Processor Information for processor 4
  Max Mhz: 2600, Current Mhz: 2600, Mhz Limit: 2600
Processor Information for processor 5
  Max Mhz: 2600, Current Mhz: 2600, Mhz Limit: 2600
Processor Information for processor 6
  Max Mhz: 2600, Current Mhz: 1789, Mhz Limit: 2600
Processor Information for processor 7
  Max Mhz: 2600, Current Mhz: 1789, Mhz Limit: 2600

Memory: 4k page, system-wide physical 5966M (505M free)
TotalPageFile size 23406M (AvailPageFile size 3M)
current process WorkingSet (physical memory assigned to process): 293M, peak: 372M
current process commit charge ("private bytes"): 1042M, peak: 1042M

vm_info: OpenJDK 64-Bit Server VM (21.0.9+10-LTS) for windows-amd64 JRE (21.0.9+10-LTS), built on 2025-10-21T00:00:00Z by "admin" with unknown MS VC++:1942

END.
