#
# There is insufficient memory for the Java Runtime Environment to continue.
# Native memory allocation (malloc) failed to allocate 1048576 bytes. Error detail: AllocateHeap
# Possible reasons:
#   The system is out of physical RAM or swap space
#   This process is running with CompressedOops enabled, and the Java Heap may be blocking the growth of the native heap
# Possible solutions:
#   Reduce memory load on the system
#   Increase physical memory or swap space
#   Check if swap backing store is full
#   Decrease Java heap size (-Xmx/-Xms)
#   Decrease number of Java threads
#   Decrease Java thread stack sizes (-Xss)
#   Set larger code cache with -XX:ReservedCodeCacheSize=
#   JVM is running with Unscaled Compressed Oops mode in which the Java heap is
#     placed in the first 4GB address space. The Java Heap base address is the
#     maximum limit for the native heap growth. Please use -XX:HeapBaseMinAddress
#     to set the Java Heap base and to place the Java Heap above 4GB virtual address.
# This output file may be truncated or incomplete.
#
#  Out of Memory Error (allocation.cpp:44), pid=33096, tid=32688
#
# JRE version: OpenJDK Runtime Environment Temurin-21.0.9+10 (21.0.9+10) (build 21.0.9+10-LTS)
# Java VM: OpenJDK 64-Bit Server VM Temurin-21.0.9+10 (21.0.9+10-LTS, mixed mode, sharing, tiered, compressed oops, compressed class ptrs, parallel gc, windows-amd64)
# No core dump will be written. Minidumps are not enabled by default on client versions of Windows
#

---------------  S U M M A R Y ------------

Command Line: --add-modules=ALL-SYSTEM --add-opens=java.base/java.util=ALL-UNNAMED --add-opens=java.base/java.lang=ALL-UNNAMED --add-opens=java.base/sun.nio.fs=ALL-UNNAMED -Declipse.application=org.eclipse.jdt.ls.core.id1 -Dosgi.bundles.defaultStartLevel=4 -Declipse.product=org.eclipse.jdt.ls.core.product -Djava.import.generatesMetadataFilesAtProjectRoot=false -DDetectVMInstallationsJob.disabled=true -Dfile.encoding=utf8 -XX:+UseParallelGC -XX:GCTimeRatio=4 -XX:AdaptiveSizePolicyWeight=90 -Dsun.zip.disableMemoryMapping=true -Xmx2G -Xms100m -Xlog:disable -javaagent:c:\Users\mishr\.vscode\extensions\redhat.java-1.52.0-win32-x64\lombok\lombok-1.18.39-4050.jar -XX:+HeapDumpOnOutOfMemoryError -XX:HeapDumpPath=c:\Users\mishr\AppData\Roaming\Code\User\workspaceStorage\6f35ab0fbe508e1a556979e0005c2c23\redhat.java -Daether.dependencyCollector.impl=bf c:\Users\mishr\.vscode\extensions\redhat.java-1.52.0-win32-x64\server\plugins\org.eclipse.equinox.launcher_1.7.100.v20251111-0406.jar -configuration c:\Users\mishr\AppData\Roaming\Code\User\globalStorage\redhat.java\1.52.0\config_win -data c:\Users\mishr\AppData\Roaming\Code\User\workspaceStorage\6f35ab0fbe508e1a556979e0005c2c23\redhat.java\jdt_ws --pipe=\\.\pipe\lsp-0278d9b5e52c1892626c7ed5dad544c7-sock

Host: AMD Ryzen 3 5300U with Radeon Graphics         , 8 cores, 5G,  Windows 11 , 64 bit Build 26100 (10.0.26100.7705)
Time: Thu Feb  5 11:44:46 2026 India Standard Time elapsed time: 36414.025383 seconds (0d 10h 6m 54s)

---------------  T H R E A D  ---------------

Current thread (0x000001cb660cc2d0):  JavaThread "Attach Listener" daemon [_thread_in_vm, id=32688, stack(0x0000001eb3f00000,0x0000001eb4000000) (1024K)]

Stack: [0x0000001eb3f00000,0x0000001eb4000000]
Native frames: (J=compiled Java code, j=interpreted, Vv=VM code, C=native code)
V  [jvm.dll+0x6d6e29]
V  [jvm.dll+0x8b4b76]
V  [jvm.dll+0x8b712e]
V  [jvm.dll+0x8b7813]
V  [jvm.dll+0x283d86]
V  [jvm.dll+0xc1277]
V  [jvm.dll+0x6d76d9]
V  [jvm.dll+0x133466]
V  [jvm.dll+0x3f7ea6]
V  [jvm.dll+0x85e9ad]
V  [jvm.dll+0x6d565d]
C  [ucrtbase.dll+0x37b0]
C  [KERNEL32.DLL+0x2e8d7]
C  [ntdll.dll+0x8c40c]


---------------  P R O C E S S  ---------------

Threads class SMR info:
_java_thread_list=0x000001cb6f331480, length=35, elements={
0x000001cb4f64cb30, 0x000001cb660c0a30, 0x000001cb660c3b10, 0x000001cb660cb2d0,
0x000001cb660cc2d0, 0x000001cb660cfbf0, 0x000001cb660d9ba0, 0x000001cb660db300,
0x000001cb660dbe40, 0x000001cb67b32310, 0x000001cb67c79fb0, 0x000001cb6c830380,
0x000001cb6c4ede00, 0x000001cb6c80ef60, 0x000001cb6c7de1d0, 0x000001cb6cae2100,
0x000001cb6cb0f4e0, 0x000001cb6c79cb80, 0x000001cb6c79f970, 0x000001cb6d7bf400,
0x000001cb6d7bfa90, 0x000001cb6d7c0120, 0x000001cb6d7bd330, 0x000001cb6d7c07b0,
0x000001cb6d7bd9c0, 0x000001cb6d7c0e40, 0x000001cb6d7c14d0, 0x000001cb6d7be050,
0x000001cb6d7c1b60, 0x000001cb6d7c21f0, 0x000001cb6d7bed70, 0x000001cb6d7c2880,
0x000001cb6d7c35a0, 0x000001cb6d7c2f10, 0x000001cb6eb4cfe0
}

Java Threads: ( => current thread )
  0x000001cb4f64cb30 JavaThread "main"                              [_thread_blocked, id=36008, stack(0x0000001eb3800000,0x0000001eb3900000) (1024K)]
  0x000001cb660c0a30 JavaThread "Reference Handler"          daemon [_thread_blocked, id=6288, stack(0x0000001eb3c00000,0x0000001eb3d00000) (1024K)]
  0x000001cb660c3b10 JavaThread "Finalizer"                  daemon [_thread_blocked, id=32260, stack(0x0000001eb3d00000,0x0000001eb3e00000) (1024K)]
  0x000001cb660cb2d0 JavaThread "Signal Dispatcher"          daemon [_thread_blocked, id=30224, stack(0x0000001eb3e00000,0x0000001eb3f00000) (1024K)]
=>0x000001cb660cc2d0 JavaThread "Attach Listener"            daemon [_thread_in_vm, id=32688, stack(0x0000001eb3f00000,0x0000001eb4000000) (1024K)]
  0x000001cb660cfbf0 JavaThread "Service Thread"             daemon [_thread_blocked, id=25916, stack(0x0000001eb4000000,0x0000001eb4100000) (1024K)]
  0x000001cb660d9ba0 JavaThread "Monitor Deflation Thread"   daemon [_thread_blocked, id=26944, stack(0x0000001eb4100000,0x0000001eb4200000) (1024K)]
  0x000001cb660db300 JavaThread "C2 CompilerThread0"         daemon [_thread_blocked, id=21508, stack(0x0000001eb4200000,0x0000001eb4300000) (1024K)]
  0x000001cb660dbe40 JavaThread "C1 CompilerThread0"         daemon [_thread_blocked, id=18928, stack(0x0000001eb4300000,0x0000001eb4400000) (1024K)]
  0x000001cb67b32310 JavaThread "Common-Cleaner"             daemon [_thread_blocked, id=22380, stack(0x0000001eb4400000,0x0000001eb4500000) (1024K)]
  0x000001cb67c79fb0 JavaThread "Notification Thread"        daemon [_thread_blocked, id=35108, stack(0x0000001eb4500000,0x0000001eb4600000) (1024K)]
  0x000001cb6c830380 JavaThread "Active Thread: Equinox Container: 2332a6e1-e500-4813-bc4b-78790d04adff"        [_thread_blocked, id=35112, stack(0x0000001eb4d00000,0x0000001eb4e00000) (1024K)]
  0x000001cb6c4ede00 JavaThread "Refresh Thread: Equinox Container: 2332a6e1-e500-4813-bc4b-78790d04adff" daemon [_thread_blocked, id=32968, stack(0x0000001eb4e00000,0x0000001eb4f00000) (1024K)]
  0x000001cb6c80ef60 JavaThread "Framework Event Dispatcher: Equinox Container: 2332a6e1-e500-4813-bc4b-78790d04adff" daemon [_thread_blocked, id=36224, stack(0x0000001eb4f00000,0x0000001eb5000000) (1024K)]
  0x000001cb6c7de1d0 JavaThread "Start Level: Equinox Container: 2332a6e1-e500-4813-bc4b-78790d04adff" daemon [_thread_blocked, id=26208, stack(0x0000001eb5000000,0x0000001eb5100000) (1024K)]
  0x000001cb6cae2100 JavaThread "Bundle File Closer"         daemon [_thread_blocked, id=32880, stack(0x0000001eb5200000,0x0000001eb5300000) (1024K)]
  0x000001cb6cb0f4e0 JavaThread "SCR Component Actor"        daemon [_thread_blocked, id=34256, stack(0x0000001eb5100000,0x0000001eb5200000) (1024K)]
  0x000001cb6c79cb80 JavaThread "Worker-JM"                         [_thread_blocked, id=580, stack(0x0000001eb5400000,0x0000001eb5500000) (1024K)]
  0x000001cb6c79f970 JavaThread "JNA Cleaner"                daemon [_thread_blocked, id=35440, stack(0x0000001eb5300000,0x0000001eb5400000) (1024K)]
  0x000001cb6d7bf400 JavaThread "Java indexing"              daemon [_thread_blocked, id=33536, stack(0x0000001eb5900000,0x0000001eb5a00000) (1024K)]
  0x000001cb6d7bfa90 JavaThread "Worker-4"                          [_thread_blocked, id=34540, stack(0x0000001eb5b00000,0x0000001eb5c00000) (1024K)]
  0x000001cb6d7c0120 JavaThread "Worker-5"                          [_thread_blocked, id=35632, stack(0x0000001eb5e00000,0x0000001eb5f00000) (1024K)]
  0x000001cb6d7bd330 JavaThread "Thread-1"                   daemon [_thread_in_native, id=35576, stack(0x0000001eb6000000,0x0000001eb6100000) (1024K)]
  0x000001cb6d7c07b0 JavaThread "Thread-2"                   daemon [_thread_in_native, id=12528, stack(0x0000001eb6100000,0x0000001eb6200000) (1024K)]
  0x000001cb6d7bd9c0 JavaThread "Thread-3"                   daemon [_thread_in_native, id=36124, stack(0x0000001eb6200000,0x0000001eb6300000) (1024K)]
  0x000001cb6d7c0e40 JavaThread "Thread-4"                   daemon [_thread_in_native, id=34600, stack(0x0000001eb6300000,0x0000001eb6400000) (1024K)]
  0x000001cb6d7c14d0 JavaThread "Thread-5"                   daemon [_thread_in_native, id=29936, stack(0x0000001eb6400000,0x0000001eb6500000) (1024K)]
  0x000001cb6d7be050 JavaThread "Thread-6"                   daemon [_thread_in_native, id=33732, stack(0x0000001eb6500000,0x0000001eb6600000) (1024K)]
  0x000001cb6d7c1b60 JavaThread "Thread-7"                   daemon [_thread_in_native, id=19372, stack(0x0000001eb6600000,0x0000001eb6700000) (1024K)]
  0x000001cb6d7c21f0 JavaThread "Thread-8"                   daemon [_thread_in_native, id=748, stack(0x0000001eb6700000,0x0000001eb6800000) (1024K)]
  0x000001cb6d7bed70 JavaThread "Thread-9"                   daemon [_thread_in_native, id=30016, stack(0x0000001eb6800000,0x0000001eb6900000) (1024K)]
  0x000001cb6d7c2880 JavaThread "pool-2-thread-1"                   [_thread_blocked, id=24656, stack(0x0000001eb6900000,0x0000001eb6a00000) (1024K)]
  0x000001cb6d7c35a0 JavaThread "WorkspaceEventsHandler"            [_thread_blocked, id=34716, stack(0x0000001eb6a00000,0x0000001eb6b00000) (1024K)]
  0x000001cb6d7c2f10 JavaThread "pool-1-thread-1"                   [_thread_blocked, id=22628, stack(0x0000001eb6b00000,0x0000001eb6c00000) (1024K)]
  0x000001cb6eb4cfe0 JavaThread "Cleaner-0"                  daemon [_thread_blocked, id=27416, stack(0x0000001eb7b00000,0x0000001eb7c00000) (1024K)]
Total: 35

Other Threads:
  0x000001cb660a25f0 VMThread "VM Thread"                           [id=22108, stack(0x0000001eb3b00000,0x0000001eb3c00000) (1024K)]
  0x000001cb65fdca00 WatcherThread "VM Periodic Task Thread"        [id=34312, stack(0x0000001eb3a00000,0x0000001eb3b00000) (1024K)]
  0x000001cb4f66c140 WorkerThread "GC Thread#0"                     [id=19420, stack(0x0000001eb3900000,0x0000001eb3a00000) (1024K)]
  0x000001cb6c1582c0 WorkerThread "GC Thread#1"                     [id=37108, stack(0x0000001eb4700000,0x0000001eb4800000) (1024K)]
  0x000001cb6c5bf0d0 WorkerThread "GC Thread#2"                     [id=36244, stack(0x0000001eb4800000,0x0000001eb4900000) (1024K)]
  0x000001cb6c5bf470 WorkerThread "GC Thread#3"                     [id=33364, stack(0x0000001eb4900000,0x0000001eb4a00000) (1024K)]
  0x000001cb6c825150 WorkerThread "GC Thread#4"                     [id=36920, stack(0x0000001eb4a00000,0x0000001eb4b00000) (1024K)]
  0x000001cb6c8254f0 WorkerThread "GC Thread#5"                     [id=13316, stack(0x0000001eb4b00000,0x0000001eb4c00000) (1024K)]
  0x000001cb6c825890 WorkerThread "GC Thread#6"                     [id=14232, stack(0x0000001eb4c00000,0x0000001eb4d00000) (1024K)]
  0x000001cb679908d0 WorkerThread "GC Thread#7"                     [id=23000, stack(0x0000001eb4600000,0x0000001eb4700000) (1024K)]
Total: 10

Threads with active compile tasks:
Total: 0

VM state: not at safepoint (normal execution)

VM Mutex/Monitor currently owned by a thread: None

Heap address: 0x0000000080000000, size: 2048 MB, Compressed Oops mode: 32-bit

CDS archive(s) mapped at: [0x000001cb00000000-0x000001cb00ba0000-0x000001cb00ba0000), size 12189696, SharedBaseAddress: 0x000001cb00000000, ArchiveRelocationMode: 1.
Compressed class space mapped at: 0x000001cb01000000-0x000001cb41000000, reserved size: 1073741824
Narrow klass base: 0x000001cb00000000, Narrow klass shift: 0, Narrow klass range: 0x100000000

GC Precious Log:
 CardTable entry size: 512
 CPUs: 8 total, 8 available
 Memory: 5966M
 Large Page Support: Disabled
 NUMA Support: Disabled
 Compressed Oops: Enabled (32-bit)
 Alignments: Space 512K, Generation 512K, Heap 2M
 Heap Min Capacity: 100M
 Heap Initial Capacity: 100M
 Heap Max Capacity: 2G
 Pre-touch: Disabled
 Parallel Workers: 8

Heap:
 PSYoungGen      total 18944K, used 2710K [0x00000000d5580000, 0x00000000d6980000, 0x0000000100000000)
  eden space 17408K, 8% used [0x00000000d5580000,0x00000000d56e5330,0x00000000d6680000)
  from space 1536K, 83% used [0x00000000d6800000,0x00000000d6940540,0x00000000d6980000)
  to   space 1536K, 0% used [0x00000000d6680000,0x00000000d6680000,0x00000000d6800000)
 ParOldGen       total 68608K, used 50806K [0x0000000080000000, 0x0000000084300000, 0x00000000d5580000)
  object space 68608K, 74% used [0x0000000080000000,0x000000008319dad0,0x0000000084300000)
 Metaspace       used 68061K, committed 69568K, reserved 1114112K
  class space    used 7316K, committed 7936K, reserved 1048576K

Card table byte_map: [0x000001cb4eff0000,0x000001cb4f400000] _byte_map_base: 0x000001cb4ebf0000

Marking Bits: (ParMarkBitMap*) 0x00007ffb4b1f2460
 Begin Bits: [0x000001cb61b00000, 0x000001cb63b00000)
 End Bits:   [0x000001cb63b00000, 0x000001cb65b00000)

Polling page: 0x000001cb4d320000

Metaspace:

Usage:
  Non-class:     59.32 MB used.
      Class:      7.15 MB used.
       Both:     66.47 MB used.

Virtual space:
  Non-class space:       64.00 MB reserved,      60.19 MB ( 94%) committed,  1 nodes.
      Class space:        1.00 GB reserved,       7.75 MB ( <1%) committed,  1 nodes.
             Both:        1.06 GB reserved,      67.94 MB (  6%) committed. 

Chunk freelists:
   Non-Class:  3.62 MB
       Class:  8.19 MB
        Both:  11.82 MB

MaxMetaspaceSize: unlimited
CompressedClassSpaceSize: 1.00 GB
Initial GC threshold: 21.00 MB
Current GC threshold: 97.31 MB
CDS: on
 - commit_granule_bytes: 65536.
 - commit_granule_words: 8192.
 - virtual_space_node_default_size: 8388608.
 - enlarge_chunks_in_place: 1.
 - use_allocation_guard: 0.


Internal statistics:

num_allocs_failed_limit: 9.
num_arena_births: 1214.
num_arena_deaths: 42.
num_vsnodes_births: 2.
num_vsnodes_deaths: 0.
num_space_committed: 1087.
num_space_uncommitted: 0.
num_chunks_returned_to_freelist: 62.
num_chunks_taken_from_freelist: 4551.
num_chunk_merges: 23.
num_chunk_splits: 2751.
num_chunks_enlarged: 1491.
num_inconsistent_stats: 0.

CodeHeap 'non-profiled nmethods': size=120000Kb used=5924Kb max_used=5924Kb free=114075Kb
 bounds [0x000001cb5a320000, 0x000001cb5a8f0000, 0x000001cb61850000]
CodeHeap 'profiled nmethods': size=120000Kb used=21172Kb max_used=21172Kb free=98827Kb
 bounds [0x000001cb52850000, 0x000001cb53d00000, 0x000001cb59d80000]
CodeHeap 'non-nmethods': size=5760Kb used=1444Kb max_used=1511Kb free=4315Kb
 bounds [0x000001cb59d80000, 0x000001cb59ff0000, 0x000001cb5a320000]
CodeCache: size=245760Kb, used=28540Kb, max_used=28607Kb, free=217217Kb
 total_blobs=10422, nmethods=9657, adapters=670, full_count=0
Compilation: enabled, stopped_count=0, restarted_count=0

Compilation events (20 events):
Event: 331.465 Thread 0x000001cb660db300 10413       4       org.eclipse.core.internal.resources.ResourceInfo::isSet (14 bytes)
Event: 331.466 Thread 0x000001cb660db300 nmethod 10413 0x000001cb5a8e8b90 code [0x000001cb5a8e8d20, 0x000001cb5a8e8dc0]
Event: 331.514 Thread 0x000001cb660dbe40 10418       3       com.google.gson.internal.bind.TypeAdapterRuntimeTypeWrapper::write (80 bytes)
Event: 331.517 Thread 0x000001cb660dbe40 nmethod 10418 0x000001cb53cf3b90 code [0x000001cb53cf3e00, 0x000001cb53cf4c50]
Event: 331.521 Thread 0x000001cb660dbe40 10419       3       org.eclipse.core.internal.dtree.AbstractDataTreeNode::size (6 bytes)
Event: 331.522 Thread 0x000001cb660dbe40 nmethod 10419 0x000001cb53cf5010 code [0x000001cb53cf51a0, 0x000001cb53cf52b8]
Event: 331.522 Thread 0x000001cb660dbe40 10421       3       org.eclipse.core.internal.dtree.AbstractDataTreeNode::compareWith (364 bytes)
Event: 331.525 Thread 0x000001cb660dbe40 nmethod 10421 0x000001cb53cf5390 code [0x000001cb53cf5700, 0x000001cb53cf7740]
Event: 331.525 Thread 0x000001cb660dbe40 10420       3       org.eclipse.core.internal.dtree.DataTreeNode::compareWith (74 bytes)
Event: 331.526 Thread 0x000001cb660dbe40 nmethod 10420 0x000001cb53cf8090 code [0x000001cb53cf8280, 0x000001cb53cf87f0]
Event: 331.526 Thread 0x000001cb660dbe40 10422       3       org.eclipse.lsp4j.jsonrpc.messages.Either::forLeft (10 bytes)
Event: 331.526 Thread 0x000001cb660dbe40 nmethod 10422 0x000001cb53cf8a90 code [0x000001cb53cf8c40, 0x000001cb53cf8e68]
Event: 362.560 Thread 0x000001cb660dbe40 10423       3       java.util.concurrent.Executors$RunnableAdapter::call (14 bytes)
Event: 362.560 Thread 0x000001cb660dbe40 nmethod 10423 0x000001cb53cf8f90 code [0x000001cb53cf9140, 0x000001cb53cf9328]
Event: 393.223 Thread 0x000001cb660dbe40 10424       3       java.util.concurrent.locks.AbstractQueuedSynchronizer$ConditionObject::canReacquire (38 bytes)
Event: 393.225 Thread 0x000001cb660dbe40 nmethod 10424 0x000001cb53cf9410 code [0x000001cb53cf95e0, 0x000001cb53cf9928]
Event: 36371.935 Thread 0x000001cb660dbe40 10426   !   3       org.eclipse.core.internal.jobs.JobManager::changeState (511 bytes)
Event: 36372.008 Thread 0x000001cb660dbe40 nmethod 10426 0x000001cb53cf9a90 code [0x000001cb53cf9f20, 0x000001cb53cfbfa0]
Event: 36372.008 Thread 0x000001cb660dbe40 10425       1       org.eclipse.core.internal.jobs.InternalJob::setThread (6 bytes)
Event: 36372.011 Thread 0x000001cb660dbe40 nmethod 10425 0x000001cb5a8e8e90 code [0x000001cb5a8e9020, 0x000001cb5a8e9108]

GC Heap History (20 events):
Event: 40.181 GC heap before
{Heap before GC invocations=40 (full 3):
 PSYoungGen      total 19968K, used 19792K [0x00000000d5580000, 0x00000000d6c80000, 0x0000000100000000)
  eden space 17920K, 100% used [0x00000000d5580000,0x00000000d6700000,0x00000000d6700000)
  from space 2048K, 91% used [0x00000000d6a80000,0x00000000d6c54030,0x00000000d6c80000)
  to   space 2560K, 0% used [0x00000000d6780000,0x00000000d6780000,0x00000000d6a00000)
 ParOldGen       total 68608K, used 43480K [0x0000000080000000, 0x0000000084300000, 0x00000000d5580000)
  object space 68608K, 63% used [0x0000000080000000,0x0000000082a763b0,0x0000000084300000)
 Metaspace       used 60146K, committed 61632K, reserved 1114112K
  class space    used 6572K, committed 7168K, reserved 1048576K
}
Event: 40.184 GC heap after
{Heap after GC invocations=40 (full 3):
 PSYoungGen      total 19456K, used 1039K [0x00000000d5580000, 0x00000000d6b00000, 0x0000000100000000)
  eden space 17920K, 0% used [0x00000000d5580000,0x00000000d5580000,0x00000000d6700000)
  from space 1536K, 67% used [0x00000000d6780000,0x00000000d6883d10,0x00000000d6900000)
  to   space 1536K, 0% used [0x00000000d6980000,0x00000000d6980000,0x00000000d6b00000)
 ParOldGen       total 68608K, used 44853K [0x0000000080000000, 0x0000000084300000, 0x00000000d5580000)
  object space 68608K, 65% used [0x0000000080000000,0x0000000082bcd7b8,0x0000000084300000)
 Metaspace       used 60146K, committed 61632K, reserved 1114112K
  class space    used 6572K, committed 7168K, reserved 1048576K
}
Event: 40.352 GC heap before
{Heap before GC invocations=41 (full 3):
 PSYoungGen      total 19456K, used 18959K [0x00000000d5580000, 0x00000000d6b00000, 0x0000000100000000)
  eden space 17920K, 100% used [0x00000000d5580000,0x00000000d6700000,0x00000000d6700000)
  from space 1536K, 67% used [0x00000000d6780000,0x00000000d6883d10,0x00000000d6900000)
  to   space 1536K, 0% used [0x00000000d6980000,0x00000000d6980000,0x00000000d6b00000)
 ParOldGen       total 68608K, used 44853K [0x0000000080000000, 0x0000000084300000, 0x00000000d5580000)
  object space 68608K, 65% used [0x0000000080000000,0x0000000082bcd7b8,0x0000000084300000)
 Metaspace       used 60350K, committed 61824K, reserved 1114112K
  class space    used 6579K, committed 7168K, reserved 1048576K
}
Event: 40.357 GC heap after
{Heap after GC invocations=41 (full 3):
 PSYoungGen      total 18944K, used 1504K [0x00000000d5580000, 0x00000000d6d00000, 0x0000000100000000)
  eden space 17408K, 0% used [0x00000000d5580000,0x00000000d5580000,0x00000000d6680000)
  from space 1536K, 97% used [0x00000000d6980000,0x00000000d6af8020,0x00000000d6b00000)
  to   space 3072K, 0% used [0x00000000d6680000,0x00000000d6680000,0x00000000d6980000)
 ParOldGen       total 68608K, used 45835K [0x0000000080000000, 0x0000000084300000, 0x00000000d5580000)
  object space 68608K, 66% used [0x0000000080000000,0x0000000082cc2c70,0x0000000084300000)
 Metaspace       used 60350K, committed 61824K, reserved 1114112K
  class space    used 6579K, committed 7168K, reserved 1048576K
}
Event: 40.489 GC heap before
{Heap before GC invocations=42 (full 3):
 PSYoungGen      total 18944K, used 18912K [0x00000000d5580000, 0x00000000d6d00000, 0x0000000100000000)
  eden space 17408K, 100% used [0x00000000d5580000,0x00000000d6680000,0x00000000d6680000)
  from space 1536K, 97% used [0x00000000d6980000,0x00000000d6af8020,0x00000000d6b00000)
  to   space 3072K, 0% used [0x00000000d6680000,0x00000000d6680000,0x00000000d6980000)
 ParOldGen       total 68608K, used 45835K [0x0000000080000000, 0x0000000084300000, 0x00000000d5580000)
  object space 68608K, 66% used [0x0000000080000000,0x0000000082cc2c70,0x0000000084300000)
 Metaspace       used 60573K, committed 62080K, reserved 1114112K
  class space    used 6597K, committed 7232K, reserved 1048576K
}
Event: 40.493 GC heap after
{Heap after GC invocations=42 (full 3):
 PSYoungGen      total 19968K, used 2166K [0x00000000d5580000, 0x00000000d6b80000, 0x0000000100000000)
  eden space 17408K, 0% used [0x00000000d5580000,0x00000000d5580000,0x00000000d6680000)
  from space 2560K, 84% used [0x00000000d6680000,0x00000000d689d830,0x00000000d6900000)
  to   space 2560K, 0% used [0x00000000d6900000,0x00000000d6900000,0x00000000d6b80000)
 ParOldGen       total 68608K, used 46442K [0x0000000080000000, 0x0000000084300000, 0x00000000d5580000)
  object space 68608K, 67% used [0x0000000080000000,0x0000000082d5aa10,0x0000000084300000)
 Metaspace       used 60573K, committed 62080K, reserved 1114112K
  class space    used 6597K, committed 7232K, reserved 1048576K
}
Event: 40.858 GC heap before
{Heap before GC invocations=43 (full 3):
 PSYoungGen      total 19968K, used 19574K [0x00000000d5580000, 0x00000000d6b80000, 0x0000000100000000)
  eden space 17408K, 100% used [0x00000000d5580000,0x00000000d6680000,0x00000000d6680000)
  from space 2560K, 84% used [0x00000000d6680000,0x00000000d689d830,0x00000000d6900000)
  to   space 2560K, 0% used [0x00000000d6900000,0x00000000d6900000,0x00000000d6b80000)
 ParOldGen       total 68608K, used 46442K [0x0000000080000000, 0x0000000084300000, 0x00000000d5580000)
  object space 68608K, 67% used [0x0000000080000000,0x0000000082d5aa10,0x0000000084300000)
 Metaspace       used 62072K, committed 63552K, reserved 1114112K
  class space    used 6723K, committed 7360K, reserved 1048576K
}
Event: 40.861 GC heap after
{Heap after GC invocations=43 (full 3):
 PSYoungGen      total 18432K, used 796K [0x00000000d5580000, 0x00000000d6a00000, 0x0000000100000000)
  eden space 17408K, 0% used [0x00000000d5580000,0x00000000d5580000,0x00000000d6680000)
  from space 1024K, 77% used [0x00000000d6900000,0x00000000d69c7220,0x00000000d6a00000)
  to   space 1536K, 0% used [0x00000000d6700000,0x00000000d6700000,0x00000000d6880000)
 ParOldGen       total 68608K, used 46838K [0x0000000080000000, 0x0000000084300000, 0x00000000d5580000)
  object space 68608K, 68% used [0x0000000080000000,0x0000000082dbd940,0x0000000084300000)
 Metaspace       used 62072K, committed 63552K, reserved 1114112K
  class space    used 6723K, committed 7360K, reserved 1048576K
}
Event: 41.212 GC heap before
{Heap before GC invocations=44 (full 3):
 PSYoungGen      total 18432K, used 18204K [0x00000000d5580000, 0x00000000d6a00000, 0x0000000100000000)
  eden space 17408K, 100% used [0x00000000d5580000,0x00000000d6680000,0x00000000d6680000)
  from space 1024K, 77% used [0x00000000d6900000,0x00000000d69c7220,0x00000000d6a00000)
  to   space 1536K, 0% used [0x00000000d6700000,0x00000000d6700000,0x00000000d6880000)
 ParOldGen       total 68608K, used 46838K [0x0000000080000000, 0x0000000084300000, 0x00000000d5580000)
  object space 68608K, 68% used [0x0000000080000000,0x0000000082dbd940,0x0000000084300000)
 Metaspace       used 63874K, committed 65472K, reserved 1114112K
  class space    used 6943K, committed 7616K, reserved 1048576K
}
Event: 41.215 GC heap after
{Heap after GC invocations=44 (full 3):
 PSYoungGen      total 18944K, used 1119K [0x00000000d5580000, 0x00000000d6980000, 0x0000000100000000)
  eden space 17408K, 0% used [0x00000000d5580000,0x00000000d5580000,0x00000000d6680000)
  from space 1536K, 72% used [0x00000000d6700000,0x00000000d6817c48,0x00000000d6880000)
  to   space 1024K, 0% used [0x00000000d6880000,0x00000000d6880000,0x00000000d6980000)
 ParOldGen       total 68608K, used 47450K [0x0000000080000000, 0x0000000084300000, 0x00000000d5580000)
  object space 68608K, 69% used [0x0000000080000000,0x0000000082e56890,0x0000000084300000)
 Metaspace       used 63874K, committed 65472K, reserved 1114112K
  class space    used 6943K, committed 7616K, reserved 1048576K
}
Event: 41.544 GC heap before
{Heap before GC invocations=45 (full 3):
 PSYoungGen      total 18944K, used 18527K [0x00000000d5580000, 0x00000000d6980000, 0x0000000100000000)
  eden space 17408K, 100% used [0x00000000d5580000,0x00000000d6680000,0x00000000d6680000)
  from space 1536K, 72% used [0x00000000d6700000,0x00000000d6817c48,0x00000000d6880000)
  to   space 1024K, 0% used [0x00000000d6880000,0x00000000d6880000,0x00000000d6980000)
 ParOldGen       total 68608K, used 47450K [0x0000000080000000, 0x0000000084300000, 0x00000000d5580000)
  object space 68608K, 69% used [0x0000000080000000,0x0000000082e56890,0x0000000084300000)
 Metaspace       used 65571K, committed 67136K, reserved 1114112K
  class space    used 7114K, committed 7744K, reserved 1048576K
}
Event: 41.546 GC heap after
{Heap after GC invocations=45 (full 3):
 PSYoungGen      total 18432K, used 650K [0x00000000d5580000, 0x00000000d6980000, 0x0000000100000000)
  eden space 17408K, 0% used [0x00000000d5580000,0x00000000d5580000,0x00000000d6680000)
  from space 1024K, 63% used [0x00000000d6880000,0x00000000d6922990,0x00000000d6980000)
  to   space 1024K, 0% used [0x00000000d6780000,0x00000000d6780000,0x00000000d6880000)
 ParOldGen       total 68608K, used 48407K [0x0000000080000000, 0x0000000084300000, 0x00000000d5580000)
  object space 68608K, 70% used [0x0000000080000000,0x0000000082f45e20,0x0000000084300000)
 Metaspace       used 65571K, committed 67136K, reserved 1114112K
  class space    used 7114K, committed 7744K, reserved 1048576K
}
Event: 41.971 GC heap before
{Heap before GC invocations=46 (full 3):
 PSYoungGen      total 18432K, used 18058K [0x00000000d5580000, 0x00000000d6980000, 0x0000000100000000)
  eden space 17408K, 100% used [0x00000000d5580000,0x00000000d6680000,0x00000000d6680000)
  from space 1024K, 63% used [0x00000000d6880000,0x00000000d6922990,0x00000000d6980000)
  to   space 1024K, 0% used [0x00000000d6780000,0x00000000d6780000,0x00000000d6880000)
 ParOldGen       total 68608K, used 48407K [0x0000000080000000, 0x0000000084300000, 0x00000000d5580000)
  object space 68608K, 70% used [0x0000000080000000,0x0000000082f45e20,0x0000000084300000)
 Metaspace       used 66637K, committed 68160K, reserved 1114112K
  class space    used 7216K, committed 7872K, reserved 1048576K
}
Event: 41.975 GC heap after
{Heap after GC invocations=46 (full 3):
 PSYoungGen      total 18432K, used 1016K [0x00000000d5580000, 0x00000000d6a80000, 0x0000000100000000)
  eden space 17408K, 0% used [0x00000000d5580000,0x00000000d5580000,0x00000000d6680000)
  from space 1024K, 99% used [0x00000000d6780000,0x00000000d687e0f8,0x00000000d6880000)
  to   space 2048K, 0% used [0x00000000d6880000,0x00000000d6880000,0x00000000d6a80000)
 ParOldGen       total 68608K, used 49207K [0x0000000080000000, 0x0000000084300000, 0x00000000d5580000)
  object space 68608K, 71% used [0x0000000080000000,0x000000008300de70,0x0000000084300000)
 Metaspace       used 66637K, committed 68160K, reserved 1114112K
  class space    used 7216K, committed 7872K, reserved 1048576K
}
Event: 45.249 GC heap before
{Heap before GC invocations=47 (full 3):
 PSYoungGen      total 18432K, used 18424K [0x00000000d5580000, 0x00000000d6a80000, 0x0000000100000000)
  eden space 17408K, 100% used [0x00000000d5580000,0x00000000d6680000,0x00000000d6680000)
  from space 1024K, 99% used [0x00000000d6780000,0x00000000d687e0f8,0x00000000d6880000)
  to   space 2048K, 0% used [0x00000000d6880000,0x00000000d6880000,0x00000000d6a80000)
 ParOldGen       total 68608K, used 49207K [0x0000000080000000, 0x0000000084300000, 0x00000000d5580000)
  object space 68608K, 71% used [0x0000000080000000,0x000000008300de70,0x0000000084300000)
 Metaspace       used 66932K, committed 68544K, reserved 1114112K
  class space    used 7239K, committed 7872K, reserved 1048576K
}
Event: 45.253 GC heap after
{Heap after GC invocations=47 (full 3):
 PSYoungGen      total 19456K, used 1422K [0x00000000d5580000, 0x00000000d6a80000, 0x0000000100000000)
  eden space 17408K, 0% used [0x00000000d5580000,0x00000000d5580000,0x00000000d6680000)
  from space 2048K, 69% used [0x00000000d6880000,0x00000000d69e3b90,0x00000000d6a80000)
  to   space 2048K, 0% used [0x00000000d6680000,0x00000000d6680000,0x00000000d6880000)
 ParOldGen       total 68608K, used 50161K [0x0000000080000000, 0x0000000084300000, 0x00000000d5580000)
  object space 68608K, 73% used [0x0000000080000000,0x00000000830fc640,0x0000000084300000)
 Metaspace       used 66932K, committed 68544K, reserved 1114112K
  class space    used 7239K, committed 7872K, reserved 1048576K
}
Event: 61.397 GC heap before
{Heap before GC invocations=48 (full 3):
 PSYoungGen      total 19456K, used 18830K [0x00000000d5580000, 0x00000000d6a80000, 0x0000000100000000)
  eden space 17408K, 100% used [0x00000000d5580000,0x00000000d6680000,0x00000000d6680000)
  from space 2048K, 69% used [0x00000000d6880000,0x00000000d69e3b90,0x00000000d6a80000)
  to   space 2048K, 0% used [0x00000000d6680000,0x00000000d6680000,0x00000000d6880000)
 ParOldGen       total 68608K, used 50161K [0x0000000080000000, 0x0000000084300000, 0x00000000d5580000)
  object space 68608K, 73% used [0x0000000080000000,0x00000000830fc640,0x0000000084300000)
 Metaspace       used 67422K, committed 68992K, reserved 1114112K
  class space    used 7269K, committed 7936K, reserved 1048576K
}
Event: 61.399 GC heap after
{Heap after GC invocations=48 (full 3):
 PSYoungGen      total 18432K, used 768K [0x00000000d5580000, 0x00000000d6980000, 0x0000000100000000)
  eden space 17408K, 0% used [0x00000000d5580000,0x00000000d5580000,0x00000000d6680000)
  from space 1024K, 75% used [0x00000000d6680000,0x00000000d6740000,0x00000000d6780000)
  to   space 1536K, 0% used [0x00000000d6800000,0x00000000d6800000,0x00000000d6980000)
 ParOldGen       total 68608K, used 50265K [0x0000000080000000, 0x0000000084300000, 0x00000000d5580000)
  object space 68608K, 73% used [0x0000000080000000,0x0000000083116640,0x0000000084300000)
 Metaspace       used 67422K, committed 68992K, reserved 1114112K
  class space    used 7269K, committed 7936K, reserved 1048576K
}
Event: 331.163 GC heap before
{Heap before GC invocations=49 (full 3):
 PSYoungGen      total 18432K, used 18170K [0x00000000d5580000, 0x00000000d6980000, 0x0000000100000000)
  eden space 17408K, 99% used [0x00000000d5580000,0x00000000d667e9e0,0x00000000d6680000)
  from space 1024K, 75% used [0x00000000d6680000,0x00000000d6740000,0x00000000d6780000)
  to   space 1536K, 0% used [0x00000000d6800000,0x00000000d6800000,0x00000000d6980000)
 ParOldGen       total 68608K, used 50265K [0x0000000080000000, 0x0000000084300000, 0x00000000d5580000)
  object space 68608K, 73% used [0x0000000080000000,0x0000000083116640,0x0000000084300000)
 Metaspace       used 67901K, committed 69440K, reserved 1114112K
  class space    used 7301K, committed 7936K, reserved 1048576K
}
Event: 331.191 GC heap after
{Heap after GC invocations=49 (full 3):
 PSYoungGen      total 18944K, used 1281K [0x00000000d5580000, 0x00000000d6980000, 0x0000000100000000)
  eden space 17408K, 0% used [0x00000000d5580000,0x00000000d5580000,0x00000000d6680000)
  from space 1536K, 83% used [0x00000000d6800000,0x00000000d6940540,0x00000000d6980000)
  to   space 1536K, 0% used [0x00000000d6680000,0x00000000d6680000,0x00000000d6800000)
 ParOldGen       total 68608K, used 50806K [0x0000000080000000, 0x0000000084300000, 0x00000000d5580000)
  object space 68608K, 74% used [0x0000000080000000,0x000000008319dad0,0x0000000084300000)
 Metaspace       used 67901K, committed 69440K, reserved 1114112K
  class space    used 7301K, committed 7936K, reserved 1048576K
}

Dll operation events (10 events):
Event: 0.466 Loaded shared library c:\Users\mishr\.vscode\extensions\redhat.java-1.52.0-win32-x64\jre\21.0.9-win32-x86_64\bin\java.dll
Event: 0.575 Loaded shared library c:\Users\mishr\.vscode\extensions\redhat.java-1.52.0-win32-x64\jre\21.0.9-win32-x86_64\bin\zip.dll
Event: 0.603 Loaded shared library C:\Users\mishr\.vscode\extensions\redhat.java-1.52.0-win32-x64\jre\21.0.9-win32-x86_64\bin\instrument.dll
Event: 0.709 Loaded shared library C:\Users\mishr\.vscode\extensions\redhat.java-1.52.0-win32-x64\jre\21.0.9-win32-x86_64\bin\net.dll
Event: 0.845 Loaded shared library C:\Users\mishr\.vscode\extensions\redhat.java-1.52.0-win32-x64\jre\21.0.9-win32-x86_64\bin\nio.dll
Event: 0.851 Loaded shared library C:\Users\mishr\.vscode\extensions\redhat.java-1.52.0-win32-x64\jre\21.0.9-win32-x86_64\bin\zip.dll
Event: 0.882 Loaded shared library C:\Users\mishr\.vscode\extensions\redhat.java-1.52.0-win32-x64\jre\21.0.9-win32-x86_64\bin\jimage.dll
Event: 1.146 Loaded shared library c:\Users\mishr\.vscode\extensions\redhat.java-1.52.0-win32-x64\jre\21.0.9-win32-x86_64\bin\verify.dll
Event: 16.760 Loaded shared library C:\Users\mishr\AppData\Roaming\Code\User\globalStorage\redhat.java\1.52.0\config_win\org.eclipse.equinox.launcher\org.eclipse.equinox.launcher.win32.win32.x86_64_1.2.1500.v20260121-1430\eclipse_11919.dll
Event: 29.979 Loaded shared library C:\Users\mishr\AppData\Local\Temp\jna-103905697\jna1853747245043178633.dll

Deoptimization events (20 events):
Event: 331.351 Thread 0x000001cb6d7c0120 Uncommon trap: trap_request=0xffffffde fr.pc=0x000001cb5a57250c relative=0x00000000000002ec
Event: 331.351 Thread 0x000001cb6d7c0120 Uncommon trap: reason=class_check action=maybe_recompile pc=0x000001cb5a57250c method=java.io.DataOutputStream.writeByte(I)V @ 5 c2
Event: 331.351 Thread 0x000001cb6d7c0120 DEOPT PACKING pc=0x000001cb5a57250c sp=0x0000001eb5eff170
Event: 331.351 Thread 0x000001cb6d7c0120 DEOPT UNPACKING pc=0x000001cb59dd3aa2 sp=0x0000001eb5eff128 mode 2
Event: 331.351 Thread 0x000001cb6d7c0120 Uncommon trap: trap_request=0xffffffde fr.pc=0x000001cb5a57250c relative=0x00000000000002ec
Event: 331.351 Thread 0x000001cb6d7c0120 Uncommon trap: reason=class_check action=maybe_recompile pc=0x000001cb5a57250c method=java.io.DataOutputStream.writeByte(I)V @ 5 c2
Event: 331.351 Thread 0x000001cb6d7c0120 DEOPT PACKING pc=0x000001cb5a57250c sp=0x0000001eb5eff170
Event: 331.351 Thread 0x000001cb6d7c0120 DEOPT UNPACKING pc=0x000001cb59dd3aa2 sp=0x0000001eb5eff128 mode 2
Event: 331.351 Thread 0x000001cb6d7c0120 Uncommon trap: trap_request=0xffffffde fr.pc=0x000001cb5a564174 relative=0x00000000000003b4
Event: 331.351 Thread 0x000001cb6d7c0120 Uncommon trap: reason=class_check action=maybe_recompile pc=0x000001cb5a564174 method=java.io.DataOutputStream.writeInt(I)V @ 19 c2
Event: 331.351 Thread 0x000001cb6d7c0120 DEOPT PACKING pc=0x000001cb5a564174 sp=0x0000001eb5efee00
Event: 331.351 Thread 0x000001cb6d7c0120 DEOPT UNPACKING pc=0x000001cb59dd3aa2 sp=0x0000001eb5efeda8 mode 2
Event: 331.351 Thread 0x000001cb6d7c0120 Uncommon trap: trap_request=0xffffffde fr.pc=0x000001cb5a564174 relative=0x00000000000003b4
Event: 331.351 Thread 0x000001cb6d7c0120 Uncommon trap: reason=class_check action=maybe_recompile pc=0x000001cb5a564174 method=java.io.DataOutputStream.writeInt(I)V @ 19 c2
Event: 331.351 Thread 0x000001cb6d7c0120 DEOPT PACKING pc=0x000001cb5a564174 sp=0x0000001eb5efeda0
Event: 331.351 Thread 0x000001cb6d7c0120 DEOPT UNPACKING pc=0x000001cb59dd3aa2 sp=0x0000001eb5efed48 mode 2
Event: 331.360 Thread 0x000001cb6d7c0120 Uncommon trap: trap_request=0xffffff45 fr.pc=0x000001cb5a4aaa40 relative=0x00000000000001a0
Event: 331.361 Thread 0x000001cb6d7c0120 Uncommon trap: reason=unstable_if action=reinterpret pc=0x000001cb5a4aaa40 method=jdk.internal.org.objectweb.asm.Frame.push(I)V @ 26 c2
Event: 331.361 Thread 0x000001cb6d7c0120 DEOPT PACKING pc=0x000001cb5a4aaa40 sp=0x0000001eb5efda00
Event: 331.361 Thread 0x000001cb6d7c0120 DEOPT UNPACKING pc=0x000001cb59dd3aa2 sp=0x0000001eb5efd988 mode 2

Classes loaded (20 events):
Event: 331.132 Loading class java/util/stream/Nodes$CollectorTask$OfRef
Event: 331.135 Loading class java/util/stream/Nodes$CollectorTask
Event: 331.141 Loading class java/util/stream/Nodes$CollectorTask done
Event: 331.141 Loading class java/util/stream/Nodes$CollectorTask$OfRef done
Event: 331.144 Loading class java/util/function/LongFunction
Event: 331.145 Loading class java/util/function/LongFunction done
Event: 331.149 Loading class java/util/stream/Nodes$ConcNode
Event: 331.150 Loading class java/util/stream/Nodes$AbstractConcNode
Event: 331.153 Loading class java/util/stream/Nodes$AbstractConcNode done
Event: 331.153 Loading class java/util/stream/Nodes$ConcNode done
Event: 331.252 Loading class java/util/stream/Nodes$ToArrayTask$OfRef
Event: 331.255 Loading class java/util/stream/Nodes$ToArrayTask
Event: 331.256 Loading class java/util/stream/Nodes$ToArrayTask done
Event: 331.256 Loading class java/util/stream/Nodes$ToArrayTask$OfRef done
Event: 331.266 Loading class java/io/ObjectOutputStream$BlockDataOutputStream
Event: 331.268 Loading class java/io/ObjectOutputStream$BlockDataOutputStream done
Event: 331.269 Loading class java/io/ObjectOutputStream$HandleTable
Event: 331.269 Loading class java/io/ObjectOutputStream$HandleTable done
Event: 331.269 Loading class java/io/ObjectOutputStream$ReplaceTable
Event: 331.270 Loading class java/io/ObjectOutputStream$ReplaceTable done

Classes unloaded (20 events):
Event: 30.727 Thread 0x000001cb660a25f0 Unloading class 0x000001cb011a9000 'java/lang/invoke/LambdaForm$MH+0x000001cb011a9000'
Event: 30.727 Thread 0x000001cb660a25f0 Unloading class 0x000001cb011a8c00 'java/lang/invoke/LambdaForm$MH+0x000001cb011a8c00'
Event: 30.727 Thread 0x000001cb660a25f0 Unloading class 0x000001cb011a8800 'java/lang/invoke/LambdaForm$MH+0x000001cb011a8800'
Event: 30.727 Thread 0x000001cb660a25f0 Unloading class 0x000001cb011a8400 'java/lang/invoke/LambdaForm$BMH+0x000001cb011a8400'
Event: 30.727 Thread 0x000001cb660a25f0 Unloading class 0x000001cb011a8000 'java/lang/invoke/LambdaForm$DMH+0x000001cb011a8000'
Event: 30.727 Thread 0x000001cb660a25f0 Unloading class 0x000001cb011a6c00 'java/lang/invoke/LambdaForm$DMH+0x000001cb011a6c00'
Event: 32.408 Thread 0x000001cb660a25f0 Unloading class 0x000001cb0133c000 'java/lang/invoke/LambdaForm$MH+0x000001cb0133c000'
Event: 32.408 Thread 0x000001cb660a25f0 Unloading class 0x000001cb0133b400 'java/lang/invoke/LambdaForm$MH+0x000001cb0133b400'
Event: 32.408 Thread 0x000001cb660a25f0 Unloading class 0x000001cb0133b000 'java/lang/invoke/LambdaForm$MH+0x000001cb0133b000'
Event: 32.408 Thread 0x000001cb660a25f0 Unloading class 0x000001cb0133a400 'java/lang/invoke/LambdaForm$MH+0x000001cb0133a400'
Event: 39.681 Thread 0x000001cb660a25f0 Unloading class 0x000001cb016be800 'java/lang/invoke/LambdaForm$MH+0x000001cb016be800'
Event: 39.681 Thread 0x000001cb660a25f0 Unloading class 0x000001cb016be400 'java/lang/invoke/LambdaForm$MH+0x000001cb016be400'
Event: 39.681 Thread 0x000001cb660a25f0 Unloading class 0x000001cb016bd800 'java/lang/invoke/LambdaForm$MH+0x000001cb016bd800'
Event: 39.681 Thread 0x000001cb660a25f0 Unloading class 0x000001cb016bd400 'java/lang/invoke/LambdaForm$MH+0x000001cb016bd400'
Event: 39.681 Thread 0x000001cb660a25f0 Unloading class 0x000001cb016bd000 'java/lang/invoke/LambdaForm$MH+0x000001cb016bd000'
Event: 39.681 Thread 0x000001cb660a25f0 Unloading class 0x000001cb016bc400 'java/lang/invoke/LambdaForm$MH+0x000001cb016bc400'
Event: 39.681 Thread 0x000001cb660a25f0 Unloading class 0x000001cb016bc800 'java/lang/invoke/LambdaForm$MH+0x000001cb016bc800'
Event: 39.681 Thread 0x000001cb660a25f0 Unloading class 0x000001cb016bc000 'java/lang/invoke/LambdaForm$MH+0x000001cb016bc000'
Event: 39.681 Thread 0x000001cb660a25f0 Unloading class 0x000001cb0167c800 'java/lang/invoke/LambdaForm$DMH+0x000001cb0167c800'
Event: 39.681 Thread 0x000001cb660a25f0 Unloading class 0x000001cb0167c000 'java/lang/invoke/LambdaForm$DMH+0x000001cb0167c000'

Classes redefined (0 events):
No events

Internal exceptions (20 events):
Event: 45.916 Thread 0x000001cb6d7bfa90 Exception <a 'sun/nio/fs/WindowsException'{0x00000000d5ed3428}> (0x00000000d5ed3428) 
thrown [s\src\hotspot\share\prims\jni.cpp, line 520]
Event: 45.930 Thread 0x000001cb6d7bfa90 Exception <a 'sun/nio/fs/WindowsException'{0x00000000d5ee29a8}> (0x00000000d5ee29a8) 
thrown [s\src\hotspot\share\prims\jni.cpp, line 520]
Event: 45.942 Thread 0x000001cb6d7bfa90 Exception <a 'sun/nio/fs/WindowsException'{0x00000000d5ef1f80}> (0x00000000d5ef1f80) 
thrown [s\src\hotspot\share\prims\jni.cpp, line 520]
Event: 45.950 Thread 0x000001cb6d7bfa90 Exception <a 'sun/nio/fs/WindowsException'{0x00000000d5f01460}> (0x00000000d5f01460) 
thrown [s\src\hotspot\share\prims\jni.cpp, line 520]
Event: 45.961 Thread 0x000001cb6d7bfa90 Exception <a 'sun/nio/fs/WindowsException'{0x00000000d5f10d18}> (0x00000000d5f10d18) 
thrown [s\src\hotspot\share\prims\jni.cpp, line 520]
Event: 45.978 Thread 0x000001cb6d7bfa90 Exception <a 'sun/nio/fs/WindowsException'{0x00000000d5f309a8}> (0x00000000d5f309a8) 
thrown [s\src\hotspot\share\prims\jni.cpp, line 520]
Event: 45.984 Thread 0x000001cb6d7bfa90 Exception <a 'sun/nio/fs/WindowsException'{0x00000000d5f41390}> (0x00000000d5f41390) 
thrown [s\src\hotspot\share\prims\jni.cpp, line 520]
Event: 45.995 Thread 0x000001cb6d7bfa90 Exception <a 'sun/nio/fs/WindowsException'{0x00000000d5f51b90}> (0x00000000d5f51b90) 
thrown [s\src\hotspot\share\prims\jni.cpp, line 520]
Event: 46.007 Thread 0x000001cb6d7bfa90 Exception <a 'sun/nio/fs/WindowsException'{0x00000000d5f62490}> (0x00000000d5f62490) 
thrown [s\src\hotspot\share\prims\jni.cpp, line 520]
Event: 46.015 Thread 0x000001cb6d7bfa90 Exception <a 'sun/nio/fs/WindowsException'{0x00000000d5f73a18}> (0x00000000d5f73a18) 
thrown [s\src\hotspot\share\prims\jni.cpp, line 520]
Event: 46.025 Thread 0x000001cb6d7bfa90 Exception <a 'sun/nio/fs/WindowsException'{0x00000000d5f85418}> (0x00000000d5f85418) 
thrown [s\src\hotspot\share\prims\jni.cpp, line 520]
Event: 46.033 Thread 0x000001cb6d7bfa90 Exception <a 'sun/nio/fs/WindowsException'{0x00000000d5f94358}> (0x00000000d5f94358) 
thrown [s\src\hotspot\share\prims\jni.cpp, line 520]
Event: 46.043 Thread 0x000001cb6d7bfa90 Exception <a 'sun/nio/fs/WindowsException'{0x00000000d5fa2f90}> (0x00000000d5fa2f90) 
thrown [s\src\hotspot\share\prims\jni.cpp, line 520]
Event: 46.053 Thread 0x000001cb6d7bfa90 Exception <a 'sun/nio/fs/WindowsException'{0x00000000d5fb1c00}> (0x00000000d5fb1c00) 
thrown [s\src\hotspot\share\prims\jni.cpp, line 520]
Event: 46.054 Thread 0x000001cb6d7bfa90 Exception <a 'sun/nio/fs/WindowsException'{0x00000000d5fb2c10}> (0x00000000d5fb2c10) 
thrown [s\src\hotspot\share\prims\jni.cpp, line 520]
Event: 46.098 Thread 0x000001cb6d7bfa90 Exception <a 'sun/nio/fs/WindowsException'{0x00000000d600f090}> (0x00000000d600f090) 
thrown [s\src\hotspot\share\prims\jni.cpp, line 520]
Event: 46.098 Thread 0x000001cb6d7bfa90 Exception <a 'sun/nio/fs/WindowsException'{0x00000000d600f6c0}> (0x00000000d600f6c0) 
thrown [s\src\hotspot\share\prims\jni.cpp, line 520]
Event: 61.306 Thread 0x000001cb6eb48e40 Exception <a 'java/lang/ArrayIndexOutOfBoundsException'{0x00000000d6364d88}> (0x00000000d6364d88) 
thrown [s\src\hotspot\share\runtime\sharedRuntime.cpp, line 625]
Event: 65.581 Thread 0x000001cb6eb48e40 Exception <a 'java/lang/ArrayIndexOutOfBoundsException'{0x00000000d5e802a8}> (0x00000000d5e802a8) 
thrown [s\src\hotspot\share\runtime\sharedRuntime.cpp, line 625]
Event: 331.365 Thread 0x000001cb6d7c0120 Exception <a 'java/lang/NoSuchMethodError'{0x00000000d5650e18}: 'java.lang.Object java.lang.invoke.DirectMethodHandle$Holder.newInvokeSpecial(java.lang.Object, java.lang.Object, java.lang.Object, java.lang.Object, java.lang.Object, java.lang.Object, java.lang.Object, java.lang.Object)'> (0x00000000d5650e18) 
thrown [s\src\hotspot\share\interpreter\linkResolver.cpp, line 773]

ZGC Phase Switch (0 events):
No events

VM Operations (20 events):
Event: 331.388 Executing VM operation: HandshakeAllThreads (Deoptimize)
Event: 331.389 Executing VM operation: HandshakeAllThreads (Deoptimize) done
Event: 332.395 Executing VM operation: Cleanup
Event: 332.395 Executing VM operation: Cleanup done
Event: 333.410 Executing VM operation: Cleanup
Event: 333.410 Executing VM operation: Cleanup done
Event: 361.392 Executing VM operation: HandshakeAllThreads (HandshakeForDeflation)
Event: 361.393 Executing VM operation: HandshakeAllThreads (HandshakeForDeflation) done
Event: 361.393 Executing VM operation: RendezvousGCThreads
Event: 361.393 Executing VM operation: RendezvousGCThreads done
Event: 363.401 Executing VM operation: Cleanup
Event: 363.401 Executing VM operation: Cleanup done
Event: 373.485 Executing VM operation: Cleanup
Event: 373.485 Executing VM operation: Cleanup done
Event: 36372.424 Executing VM operation: Cleanup
Event: 36372.429 Executing VM operation: Cleanup done
Event: 36412.083 Executing VM operation: HandshakeAllThreads (HandshakeForDeflation)
Event: 36412.085 Executing VM operation: HandshakeAllThreads (HandshakeForDeflation) done
Event: 36412.085 Executing VM operation: RendezvousGCThreads
Event: 36412.086 Executing VM operation: RendezvousGCThreads done

Memory protections (0 events):
No events

Nmethod flushes (20 events):
Event: 39.712 Thread 0x000001cb660a25f0 flushing  nmethod 0x000001cb5310f410
Event: 39.712 Thread 0x000001cb660a25f0 flushing  nmethod 0x000001cb53110490
Event: 39.712 Thread 0x000001cb660a25f0 flushing  nmethod 0x000001cb53113990
Event: 39.712 Thread 0x000001cb660a25f0 flushing  nmethod 0x000001cb53115210
Event: 39.712 Thread 0x000001cb660a25f0 flushing  nmethod 0x000001cb5311ce90
Event: 39.712 Thread 0x000001cb660a25f0 flushing  nmethod 0x000001cb53120910
Event: 39.712 Thread 0x000001cb660a25f0 flushing  nmethod 0x000001cb53121c10
Event: 39.712 Thread 0x000001cb660a25f0 flushing  nmethod 0x000001cb5313b090
Event: 39.712 Thread 0x000001cb660a25f0 flushing  nmethod 0x000001cb53156590
Event: 39.712 Thread 0x000001cb660a25f0 flushing  nmethod 0x000001cb53157490
Event: 39.712 Thread 0x000001cb660a25f0 flushing  nmethod 0x000001cb53158310
Event: 39.712 Thread 0x000001cb660a25f0 flushing  nmethod 0x000001cb53158690
Event: 39.712 Thread 0x000001cb660a25f0 flushing  nmethod 0x000001cb53158b10
Event: 39.712 Thread 0x000001cb660a25f0 flushing  nmethod 0x000001cb5315f190
Event: 39.712 Thread 0x000001cb660a25f0 flushing  nmethod 0x000001cb53164a10
Event: 39.712 Thread 0x000001cb660a25f0 flushing  nmethod 0x000001cb5317c810
Event: 39.712 Thread 0x000001cb660a25f0 flushing  nmethod 0x000001cb53183a10
Event: 39.712 Thread 0x000001cb660a25f0 flushing  nmethod 0x000001cb531b1290
Event: 39.712 Thread 0x000001cb660a25f0 flushing  nmethod 0x000001cb531b4c90
Event: 39.712 Thread 0x000001cb660a25f0 flushing  nmethod 0x000001cb531d7910

Events (20 events):
Event: 163.714 Thread 0x000001cb6eb48e40 Thread exited: 0x000001cb6eb48e40
Event: 165.713 Thread 0x000001cb78fcf930 Thread exited: 0x000001cb78fcf930
Event: 223.718 Thread 0x000001cb6eb487b0 Thread exited: 0x000001cb6eb487b0
Event: 225.723 Thread 0x000001cb78fd0650 Thread exited: 0x000001cb78fd0650
Event: 283.724 Thread 0x000001cb6eb4a1f0 Thread exited: 0x000001cb6eb4a1f0
Event: 285.726 Thread 0x000001cb78fcf2a0 Thread exited: 0x000001cb78fcf2a0
Event: 331.118 Thread 0x000001cb6d7c0120 Thread added: 0x000001cb6eb4bc30
Event: 331.159 Thread 0x000001cb6eb4bc30 Thread exited: 0x000001cb6eb4bc30
Event: 331.248 Thread 0x000001cb6d7c0120 Thread added: 0x000001cb6eb4bc30
Event: 331.252 Thread 0x000001cb6eb4bc30 Thread added: 0x000001cb6eb4a1f0
Event: 331.257 Thread 0x000001cb6eb4bc30 Thread exited: 0x000001cb6eb4bc30
Event: 331.257 Thread 0x000001cb6eb4a1f0 Thread exited: 0x000001cb6eb4a1f0
Event: 343.727 Thread 0x000001cb6eb494d0 Thread exited: 0x000001cb6eb494d0
Event: 345.737 Thread 0x000001cb78fd0ce0 Thread exited: 0x000001cb78fd0ce0
Event: 403.735 Thread 0x000001cb6eb4e390 Thread exited: 0x000001cb6eb4e390
Event: 405.740 Thread 0x000001cb6d7c3c30 Thread exited: 0x000001cb6d7c3c30
Event: 463.742 Thread 0x000001cb6eb4a880 Thread exited: 0x000001cb6eb4a880
Event: 465.755 Thread 0x000001cb78fce580 Thread exited: 0x000001cb78fce580
Event: 36383.639 Thread 0x000001cb6eb48120 Thread exited: 0x000001cb6eb48120
Event: 36385.684 Thread 0x000001cb78fcffc0 Thread exited: 0x000001cb78fcffc0


Dynamic libraries:
0x00007ff7909d0000 - 0x00007ff7909de000 	c:\Users\mishr\.vscode\extensions\redhat.java-1.52.0-win32-x64\jre\21.0.9-win32-x86_64\bin\java.exe
0x00007ffc4cf80000 - 0x00007ffc4d1e8000 	C:\WINDOWS\SYSTEM32\ntdll.dll
0x00007ffc4c3c0000 - 0x00007ffc4c489000 	C:\WINDOWS\System32\KERNEL32.DLL
0x00007ffc49c90000 - 0x00007ffc4a081000 	C:\WINDOWS\System32\KERNELBASE.dll
0x00007ffc499d0000 - 0x00007ffc49b1b000 	C:\WINDOWS\System32\ucrtbase.dll
0x00007ffb9b1b0000 - 0x00007ffb9b1c8000 	c:\Users\mishr\.vscode\extensions\redhat.java-1.52.0-win32-x64\jre\21.0.9-win32-x86_64\bin\jli.dll
0x00007ffb9b230000 - 0x00007ffb9b24e000 	c:\Users\mishr\.vscode\extensions\redhat.java-1.52.0-win32-x64\jre\21.0.9-win32-x86_64\bin\VCRUNTIME140.dll
0x00007ffc4ccd0000 - 0x00007ffc4ce96000 	C:\WINDOWS\System32\USER32.dll
0x00007ffc499a0000 - 0x00007ffc499c7000 	C:\WINDOWS\System32\win32u.dll
0x00007ffc39130000 - 0x00007ffc393c3000 	C:\WINDOWS\WinSxS\amd64_microsoft.windows.common-controls_6595b64144ccf1df_6.0.26100.7705_none_3e06597ae3363b04\COMCTL32.dll
0x00007ffc4b5d0000 - 0x00007ffc4b5fb000 	C:\WINDOWS\System32\GDI32.dll
0x00007ffc4ca20000 - 0x00007ffc4cac9000 	C:\WINDOWS\System32\msvcrt.dll
0x00007ffc4abf0000 - 0x00007ffc4ad1b000 	C:\WINDOWS\System32\gdi32full.dll
0x00007ffc49860000 - 0x00007ffc49903000 	C:\WINDOWS\System32\msvcp_win.dll
0x00007ffc4c9e0000 - 0x00007ffc4ca11000 	C:\WINDOWS\System32\IMM32.DLL
0x00007ffc3c370000 - 0x00007ffc3c37c000 	c:\Users\mishr\.vscode\extensions\redhat.java-1.52.0-win32-x64\jre\21.0.9-win32-x86_64\bin\vcruntime140_1.dll
0x00007ffb6f990000 - 0x00007ffb6fa1d000 	c:\Users\mishr\.vscode\extensions\redhat.java-1.52.0-win32-x64\jre\21.0.9-win32-x86_64\bin\msvcp140.dll
0x00007ffb4a530000 - 0x00007ffb4b2d0000 	c:\Users\mishr\.vscode\extensions\redhat.java-1.52.0-win32-x64\jre\21.0.9-win32-x86_64\bin\server\jvm.dll
0x00007ffc4c4f0000 - 0x00007ffc4c5a4000 	C:\WINDOWS\System32\ADVAPI32.dll
0x00007ffc4cc20000 - 0x00007ffc4ccc6000 	C:\WINDOWS\System32\sechost.dll
0x00007ffc4cae0000 - 0x00007ffc4cbf8000 	C:\WINDOWS\System32\RPCRT4.dll
0x00007ffc4b7e0000 - 0x00007ffc4b854000 	C:\WINDOWS\System32\WS2_32.dll
0x00007ffc496c0000 - 0x00007ffc4971e000 	C:\WINDOWS\SYSTEM32\POWRPROF.dll
0x00007ffc47940000 - 0x00007ffc47975000 	C:\WINDOWS\SYSTEM32\WINMM.dll
0x00007ffc41d30000 - 0x00007ffc41d3b000 	C:\WINDOWS\SYSTEM32\VERSION.dll
0x00007ffc496a0000 - 0x00007ffc496b4000 	C:\WINDOWS\SYSTEM32\UMPDC.dll
0x00007ffc48610000 - 0x00007ffc4862b000 	C:\WINDOWS\SYSTEM32\kernel.appcore.dll
0x00007ffc23530000 - 0x00007ffc2353a000 	c:\Users\mishr\.vscode\extensions\redhat.java-1.52.0-win32-x64\jre\21.0.9-win32-x86_64\bin\jimage.dll
0x00007ffc47680000 - 0x00007ffc478c2000 	C:\WINDOWS\SYSTEM32\DBGHELP.DLL
0x00007ffc4c630000 - 0x00007ffc4c9b6000 	C:\WINDOWS\System32\combase.dll
0x00007ffc4c0e0000 - 0x00007ffc4c1b7000 	C:\WINDOWS\System32\OLEAUT32.dll
0x00007ffc47900000 - 0x00007ffc4793b000 	C:\WINDOWS\SYSTEM32\dbgcore.DLL
0x00007ffc4ab40000 - 0x00007ffc4abe5000 	C:\WINDOWS\System32\bcryptPrimitives.dll
0x00007ffc44d60000 - 0x00007ffc44d6f000 	c:\Users\mishr\.vscode\extensions\redhat.java-1.52.0-win32-x64\jre\21.0.9-win32-x86_64\bin\instrument.dll
0x00007ffb9afc0000 - 0x00007ffb9afe0000 	c:\Users\mishr\.vscode\extensions\redhat.java-1.52.0-win32-x64\jre\21.0.9-win32-x86_64\bin\java.dll
0x00007ffc4b980000 - 0x00007ffc4c0d1000 	C:\WINDOWS\System32\SHELL32.dll
0x00007ffc49b20000 - 0x00007ffc49c8a000 	C:\WINDOWS\System32\wintypes.dll
0x00007ffc4a090000 - 0x00007ffc4a8f2000 	C:\WINDOWS\System32\windows.storage.dll
0x00007ffc4b3d0000 - 0x00007ffc4b4c6000 	C:\WINDOWS\System32\SHCORE.dll
0x00007ffc4cea0000 - 0x00007ffc4cf07000 	C:\WINDOWS\System32\shlwapi.dll
0x00007ffc49780000 - 0x00007ffc497a9000 	C:\WINDOWS\SYSTEM32\profapi.dll
0x00007ffb9abb0000 - 0x00007ffb9abc8000 	c:\Users\mishr\.vscode\extensions\redhat.java-1.52.0-win32-x64\jre\21.0.9-win32-x86_64\bin\zip.dll
0x00007ffc43a50000 - 0x00007ffc43a60000 	C:\Users\mishr\.vscode\extensions\redhat.java-1.52.0-win32-x64\jre\21.0.9-win32-x86_64\bin\net.dll
0x00007ffc3f5b0000 - 0x00007ffc3f6d7000 	C:\WINDOWS\SYSTEM32\WINHTTP.dll
0x00007ffc48b80000 - 0x00007ffc48beb000 	C:\WINDOWS\system32\mswsock.dll
0x00007ffc3c2f0000 - 0x00007ffc3c306000 	C:\Users\mishr\.vscode\extensions\redhat.java-1.52.0-win32-x64\jre\21.0.9-win32-x86_64\bin\nio.dll
0x00007ffc43a40000 - 0x00007ffc43a50000 	c:\Users\mishr\.vscode\extensions\redhat.java-1.52.0-win32-x64\jre\21.0.9-win32-x86_64\bin\verify.dll
0x00007ffc264e0000 - 0x00007ffc26525000 	C:\Users\mishr\AppData\Roaming\Code\User\globalStorage\redhat.java\1.52.0\config_win\org.eclipse.equinox.launcher\org.eclipse.equinox.launcher.win32.win32.x86_64_1.2.1500.v20260121-1430\eclipse_11919.dll
0x00007ffc4b1b0000 - 0x00007ffc4b347000 	C:\WINDOWS\System32\ole32.dll
0x00007ffc48e40000 - 0x00007ffc48e5b000 	C:\WINDOWS\SYSTEM32\CRYPTSP.dll
0x00007ffc48570000 - 0x00007ffc485a9000 	C:\WINDOWS\system32\rsaenh.dll
0x00007ffc48c30000 - 0x00007ffc48c5b000 	C:\WINDOWS\SYSTEM32\USERENV.dll
0x00007ffc49750000 - 0x00007ffc4977a000 	C:\WINDOWS\SYSTEM32\bcrypt.dll
0x00007ffc48e60000 - 0x00007ffc48e6c000 	C:\WINDOWS\SYSTEM32\CRYPTBASE.dll
0x00007ffc47fe0000 - 0x00007ffc48014000 	C:\WINDOWS\SYSTEM32\IPHLPAPI.DLL
0x00007ffc4cad0000 - 0x00007ffc4cada000 	C:\WINDOWS\System32\NSI.dll
0x00007ffc25e60000 - 0x00007ffc25ea9000 	C:\Users\mishr\AppData\Local\Temp\jna-103905697\jna1853747245043178633.dll
0x00007ffc4cc00000 - 0x00007ffc4cc08000 	C:\WINDOWS\System32\PSAPI.DLL
0x00007ffc41ab0000 - 0x00007ffc41ace000 	C:\WINDOWS\SYSTEM32\dhcpcsvc6.DLL
0x00007ffc3f400000 - 0x00007ffc3f423000 	C:\WINDOWS\SYSTEM32\dhcpcsvc.DLL
0x00007ffc48730000 - 0x00007ffc48766000 	C:\WINDOWS\SYSTEM32\ntmarta.dll

JVMTI agents:
c:\Users\mishr\.vscode\extensions\redhat.java-1.52.0-win32-x64\lombok\lombok-1.18.39-4050.jar path:c:\Users\mishr\.vscode\extensions\redhat.java-1.52.0-win32-x64\jre\21.0.9-win32-x86_64\bin\instrument.dll, loaded, initialized, instrumentlib options:none

dbghelp: loaded successfully - version: 4.0.5 - missing functions: none
symbol engine: initialized successfully - sym options: 0x614 - pdb path: .;c:\Users\mishr\.vscode\extensions\redhat.java-1.52.0-win32-x64\jre\21.0.9-win32-x86_64\bin;C:\WINDOWS\SYSTEM32;C:\WINDOWS\WinSxS\amd64_microsoft.windows.common-controls_6595b64144ccf1df_6.0.26100.7705_none_3e06597ae3363b04;c:\Users\mishr\.vscode\extensions\redhat.java-1.52.0-win32-x64\jre\21.0.9-win32-x86_64\bin\server;C:\Users\mishr\AppData\Roaming\Code\User\globalStorage\redhat.java\1.52.0\config_win\org.eclipse.equinox.launcher\org.eclipse.equinox.launcher.win32.win32.x86_64_1.2.1500.v20260121-1430;C:\Users\mishr\AppData\Local\Temp\jna-103905697

VM Arguments:
jvm_args: --add-modules=ALL-SYSTEM --add-opens=java.base/java.util=ALL-UNNAMED --add-opens=java.base/java.lang=ALL-UNNAMED --add-opens=java.base/sun.nio.fs=ALL-UNNAMED -Declipse.application=org.eclipse.jdt.ls.core.id1 -Dosgi.bundles.defaultStartLevel=4 -Declipse.product=org.eclipse.jdt.ls.core.product -Djava.import.generatesMetadataFilesAtProjectRoot=false -DDetectVMInstallationsJob.disabled=true -Dfile.encoding=utf8 -XX:+UseParallelGC -XX:GCTimeRatio=4 -XX:AdaptiveSizePolicyWeight=90 -Dsun.zip.disableMemoryMapping=true -Xmx2G -Xms100m -Xlog:disable -javaagent:c:\Users\mishr\.vscode\extensions\redhat.java-1.52.0-win32-x64\lombok\lombok-1.18.39-4050.jar -XX:+HeapDumpOnOutOfMemoryError -XX:HeapDumpPath=c:\Users\mishr\AppData\Roaming\Code\User\workspaceStorage\6f35ab0fbe508e1a556979e0005c2c23\redhat.java -Daether.dependencyCollector.impl=bf 
java_command: c:\Users\mishr\.vscode\extensions\redhat.java-1.52.0-win32-x64\server\plugins\org.eclipse.equinox.launcher_1.7.100.v20251111-0406.jar -configuration c:\Users\mishr\AppData\Roaming\Code\User\globalStorage\redhat.java\1.52.0\config_win -data c:\Users\mishr\AppData\Roaming\Code\User\workspaceStorage\6f35ab0fbe508e1a556979e0005c2c23\redhat.java\jdt_ws --pipe=\\.\pipe\lsp-0278d9b5e52c1892626c7ed5dad544c7-sock
java_class_path (initial): c:\Users\mishr\.vscode\extensions\redhat.java-1.52.0-win32-x64\server\plugins\org.eclipse.equinox.launcher_1.7.100.v20251111-0406.jar
Launcher Type: SUN_STANDARD

[Global flags]
    uintx AdaptiveSizePolicyWeight                 = 90                                        {product} {command line}
     intx CICompilerCount                          = 4                                         {product} {ergonomic}
    uintx GCTimeRatio                              = 4                                         {product} {command line}
     bool HeapDumpOnOutOfMemoryError               = true                                   {manageable} {command line}
    ccstr HeapDumpPath                             = c:\Users\mishr\AppData\Roaming\Code\User\workspaceStorage\6f35ab0fbe508e1a556979e0005c2c23\redhat.java         {manageable} {command line}
   size_t InitialHeapSize                          = 104857600                                 {product} {command line}
   size_t MaxHeapSize                              = 2147483648                                {product} {command line}
   size_t MaxNewSize                               = 715653120                                 {product} {ergonomic}
   size_t MinHeapDeltaBytes                        = 524288                                    {product} {ergonomic}
   size_t MinHeapSize                              = 104857600                                 {product} {command line}
   size_t NewSize                                  = 34603008                                  {product} {ergonomic}
    uintx NonNMethodCodeHeapSize                   = 5839372                                {pd product} {ergonomic}
    uintx NonProfiledCodeHeapSize                  = 122909434                              {pd product} {ergonomic}
   size_t OldSize                                  = 70254592                                  {product} {ergonomic}
    uintx ProfiledCodeHeapSize                     = 122909434                              {pd product} {ergonomic}
    uintx ReservedCodeCacheSize                    = 251658240                              {pd product} {ergonomic}
     bool SegmentedCodeCache                       = true                                      {product} {ergonomic}
   size_t SoftMaxHeapSize                          = 2147483648                             {manageable} {ergonomic}
     bool UseCompressedOops                        = true                           {product lp64_product} {ergonomic}
     bool UseLargePagesIndividualAllocation        = false                                  {pd product} {ergonomic}
     bool UseParallelGC                            = true                                      {product} {command line}

Logging:
Log output configuration:
 #0: stdout all=off uptime,level,tags foldmultilines=false
 #1: stderr all=off uptime,level,tags foldmultilines=false

Release file:
JAVA_VERSION="21.0.9" 
MODULES="java.base java.compiler java.datatransfer java.xml java.prefs java.desktop java.instrument java.logging java.management java.security.sasl java.naming java.rmi java.management.rmi java.net.http java.scripting java.security.jgss java.transaction.xa java.sql java.sql.rowset java.xml.crypto java.se java.smartcardio jdk.accessibility jdk.internal.jvmstat jdk.attach jdk.charsets jdk.internal.opt jdk.zipfs jdk.compiler jdk.crypto.ec jdk.crypto.cryptoki jdk.crypto.mscapi jdk.dynalink jdk.internal.ed jdk.editpad jdk.hotspot.agent jdk.httpserver jdk.internal.le jdk.internal.vm.ci jdk.internal.vm.compiler jdk.internal.vm.compiler.management jdk.jartool jdk.javadoc jdk.jcmd jdk.management jdk.management.agent jdk.jconsole jdk.jdeps jdk.jdwp.agent jdk.jdi jdk.jfr jdk.jshell jdk.jsobject jdk.jstatd jdk.localedata jdk.management.jfr jdk.naming.dns jdk.naming.rmi jdk.net jdk.nio.mapmode jdk.random jdk.sctp jdk.security.auth jdk.security.jgss jdk.unsupported jdk.unsupported.desktop jdk.xml.dom" 

Environment Variables:
JAVA_HOME=C:\Program Files\Java\jdk-21
PATH=C:\Program Files\Common Files\Oracle\Java\javapath;C:\PYTHON 3.7\Scripts\;C:\PYTHON 3.7\;C:\Users\mishr\AppData\Roaming\Python\Python311\Scripts;C:\WINDOWS\system32;C:\WINDOWS;C:\WINDOWS\System32\Wbem;C:\WINDOWS\System32\WindowsPowerShell\v1.0\;C:\WINDOWS\System32\OpenSSH\;C:\Program Files\Git\cmd;C:\MinGW\mingw32\bin;%JAVA_HOME%\bin;%MAVEN_HOME%\bin;C:\Program Files\apache-maven-3.8.9-bin\apache-maven-3.8.9\bin;C:\Program Files\nodejs\;C:\Program Files\MySQL\MySQL Shell 8.0\bin\;C:\Users\mishr\AppData\Local\Microsoft\WindowsApps;C:\Users\mishr\AppData\Local\Programs\Microsoft VS Code\bin;C:\Users\mishr\AppData\Roaming\Python\Python311\Scripts;C:\Users\mishr\AppData\Roaming\Python\Python311;C:\MinGW\bin;C:\MinGW\mingw32\bin;C:\Program Files\nodejs;C:\Program Files\MySQL\MySQL Server 8.0\bin;C:\Program Files\apache-maven-3.8.9-bin\apache-maven-3.8.9\bin;C:\Program Files\Java\jdk-21;C:\Users\mishr\AppData\Roaming\npm;C:\Users\mishr\Downloads\node-v22.18.0-x64.msi;C:\Program Files\JetBrains\IntelliJ IDEA 2025.3.1\bin
USERNAME=mishr
OS=Windows_NT
PROCESSOR_IDENTIFIER=AMD64 Family 23 Model 104 Stepping 1, AuthenticAMD
TMP=C:\Users\mishr\AppData\Local\Temp
TEMP=C:\Users\mishr\AppData\Local\Temp




Periodic native trim disabled

---------------  S Y S T E M  ---------------

OS:
 Windows 11 , 64 bit Build 26100 (10.0.26100.7705)
OS uptime: 4 days 14:43 hours
Hyper-V role detected

CPU: total 8 (initial active 8) (8 cores per cpu, 2 threads per core) family 23 model 104 stepping 1 microcode 0x8608103, cx8, cmov, fxsr, ht, mmx, 3dnowpref, sse, sse2, sse3, ssse3, sse4a, sse4.1, sse4.2, popcnt, lzcnt, tsc, tscinvbit, avx, avx2, aes, clmul, bmi1, bmi2, adx, sha, fma, vzeroupper, clflush, clflushopt, hv, rdtscp, rdpid, f16c
Processor Information for the first 8 processors :
  Max Mhz: 2600, Current Mhz: 2600, Mhz Limit: 2600

Memory: 4k page, system-wide physical 5966M (294M free)
TotalPageFile size 23406M (AvailPageFile size 2M)
current process WorkingSet (physical memory assigned to process): 7M, peak: 302M
current process commit charge ("private bytes"): 343M, peak: 396M

vm_info: OpenJDK 64-Bit Server VM (21.0.9+10-LTS) for windows-amd64 JRE (21.0.9+10-LTS), built on 2025-10-21T00:00:00Z by "admin" with unknown MS VC++:1942

END.
