#
# There is insufficient memory for the Java Runtime Environment to continue.
# Native memory allocation (malloc) failed to allocate 1111056 bytes. Error detail: Chunk::new
# Possible reasons:
#   The system is out of physical RAM or swap space
#   This process is running with CompressedOops enabled, and the Java Heap may be blocking the growth of the native heap
# Possible solutions:
#   Reduce memory load on the system
#   Increase physical memory or swap space
#   Check if swap backing store is full
#   Decrease Java heap size (-Xmx/-Xms)
#   Decrease number of Java threads
#   Decrease Java thread stack sizes (-Xss)
#   Set larger code cache with -XX:ReservedCodeCacheSize=
#   JVM is running with Unscaled Compressed Oops mode in which the Java heap is
#     placed in the first 4GB address space. The Java Heap base address is the
#     maximum limit for the native heap growth. Please use -XX:HeapBaseMinAddress
#     to set the Java Heap base and to place the Java Heap above 4GB virtual address.
# This output file may be truncated or incomplete.
#
#  Out of Memory Error (arena.cpp:168), pid=7512, tid=37868
#
# JRE version: OpenJDK Runtime Environment Temurin-21.0.9+10 (21.0.9+10) (build 21.0.9+10-LTS)
# Java VM: OpenJDK 64-Bit Server VM Temurin-21.0.9+10 (21.0.9+10-LTS, mixed mode, sharing, tiered, compressed oops, compressed class ptrs, parallel gc, windows-amd64)
# No core dump will be written. Minidumps are not enabled by default on client versions of Windows
#

---------------  S U M M A R Y ------------

Command Line: --add-modules=ALL-SYSTEM --add-opens=java.base/java.util=ALL-UNNAMED --add-opens=java.base/java.lang=ALL-UNNAMED --add-opens=java.base/sun.nio.fs=ALL-UNNAMED -Declipse.application=org.eclipse.jdt.ls.core.id1 -Dosgi.bundles.defaultStartLevel=4 -Declipse.product=org.eclipse.jdt.ls.core.product -Djava.import.generatesMetadataFilesAtProjectRoot=false -DDetectVMInstallationsJob.disabled=true -Dfile.encoding=utf8 -XX:+UseParallelGC -XX:GCTimeRatio=4 -XX:AdaptiveSizePolicyWeight=90 -Dsun.zip.disableMemoryMapping=true -Xmx2G -Xms100m -Xlog:disable -javaagent:c:\Users\mishr\.vscode\extensions\redhat.java-1.52.0-win32-x64\lombok\lombok-1.18.39-4050.jar -XX:+HeapDumpOnOutOfMemoryError -XX:HeapDumpPath=c:\Users\mishr\AppData\Roaming\Code\User\workspaceStorage\6f35ab0fbe508e1a556979e0005c2c23\redhat.java -Daether.dependencyCollector.impl=bf c:\Users\mishr\.vscode\extensions\redhat.java-1.52.0-win32-x64\server\plugins\org.eclipse.equinox.launcher_1.7.100.v20251111-0406.jar -configuration c:\Users\mishr\AppData\Roaming\Code\User\globalStorage\redhat.java\1.52.0\config_win -data c:\Users\mishr\AppData\Roaming\Code\User\workspaceStorage\6f35ab0fbe508e1a556979e0005c2c23\redhat.java\jdt_ws --pipe=\\.\pipe\lsp-4118c70ff044cf4811754751cc34796d-sock

Host: AMD Ryzen 3 5300U with Radeon Graphics         , 8 cores, 5G,  Windows 11 , 64 bit Build 26100 (10.0.26100.7705)
Time: Thu Feb  5 11:45:23 2026 India Standard Time elapsed time: 34.331492 seconds (0d 0h 0m 34s)

---------------  T H R E A D  ---------------

Current thread (0x0000019126fdec50):  JavaThread "C2 CompilerThread0" daemon [_thread_in_native, id=37868, stack(0x0000000101000000,0x0000000101100000) (1024K)]


Current CompileTask:
C2:34332 3234       4       java.lang.invoke.MethodType::makeImpl (109 bytes)

Stack: [0x0000000101000000,0x0000000101100000]
Native frames: (J=compiled Java code, j=interpreted, Vv=VM code, C=native code)
V  [jvm.dll+0x6d6e29]
V  [jvm.dll+0x8b4b76]
V  [jvm.dll+0x8b712e]
V  [jvm.dll+0x8b7813]
V  [jvm.dll+0x283d86]
V  [jvm.dll+0xc66ed]
V  [jvm.dll+0xc6c31]
V  [jvm.dll+0x3be501]
V  [jvm.dll+0x1e3d59]
V  [jvm.dll+0x24c0f3]
V  [jvm.dll+0x24b580]
V  [jvm.dll+0x1cb13e]
V  [jvm.dll+0x25b29d]
V  [jvm.dll+0x25982a]
V  [jvm.dll+0x3f7ea6]
V  [jvm.dll+0x85e9ad]
V  [jvm.dll+0x6d565d]
C  [ucrtbase.dll+0x37b0]
C  [KERNEL32.DLL+0x2e8d7]
C  [ntdll.dll+0x8c40c]


---------------  P R O C E S S  ---------------

Threads class SMR info:
_java_thread_list=0x00000191059aa660, length=22, elements={
0x0000019124be9750, 0x0000019126fbfa70, 0x0000019126fc2ef0, 0x0000019126fc66a0,
0x0000019126fc8460, 0x0000019126fcdca0, 0x0000019126fd1d90, 0x0000019126fdec50,
0x0000019126ff7040, 0x0000019100549690, 0x00000191006589a0, 0x0000019100c5a1f0,
0x0000019100c100b0, 0x00000191005a2bb0, 0x0000019100814080, 0x0000019105260780,
0x0000019100e14e10, 0x00000191056e3700, 0x00000191056e29e0, 0x00000191056e5140,
0x00000191056e3070, 0x00000191056e4420
}

Java Threads: ( => current thread )
  0x0000019124be9750 JavaThread "main"                              [_thread_blocked, id=39484, stack(0x0000000100600000,0x0000000100700000) (1024K)]
  0x0000019126fbfa70 JavaThread "Reference Handler"          daemon [_thread_blocked, id=40512, stack(0x0000000100a00000,0x0000000100b00000) (1024K)]
  0x0000019126fc2ef0 JavaThread "Finalizer"                  daemon [_thread_blocked, id=41832, stack(0x0000000100b00000,0x0000000100c00000) (1024K)]
  0x0000019126fc66a0 JavaThread "Signal Dispatcher"          daemon [_thread_blocked, id=28420, stack(0x0000000100c00000,0x0000000100d00000) (1024K)]
  0x0000019126fc8460 JavaThread "Attach Listener"            daemon [_thread_blocked, id=21680, stack(0x0000000100d00000,0x0000000100e00000) (1024K)]
  0x0000019126fcdca0 JavaThread "Service Thread"             daemon [_thread_blocked, id=27112, stack(0x0000000100e00000,0x0000000100f00000) (1024K)]
  0x0000019126fd1d90 JavaThread "Monitor Deflation Thread"   daemon [_thread_blocked, id=37196, stack(0x0000000100f00000,0x0000000101000000) (1024K)]
=>0x0000019126fdec50 JavaThread "C2 CompilerThread0"         daemon [_thread_in_native, id=37868, stack(0x0000000101000000,0x0000000101100000) (1024K)]
  0x0000019126ff7040 JavaThread "C1 CompilerThread0"         daemon [_thread_in_vm, id=26684, stack(0x0000000101100000,0x0000000101200000) (1024K)]
  0x0000019100549690 JavaThread "Common-Cleaner"             daemon [_thread_blocked, id=38356, stack(0x0000000101200000,0x0000000101300000) (1024K)]
  0x00000191006589a0 JavaThread "Notification Thread"        daemon [_thread_blocked, id=39524, stack(0x0000000101300000,0x0000000101400000) (1024K)]
  0x0000019100c5a1f0 JavaThread "Active Thread: Equinox Container: 910f632a-2ee9-4ece-a183-d157524eab28"        [_thread_blocked, id=36244, stack(0x0000000101a00000,0x0000000101b00000) (1024K)]
  0x0000019100c100b0 JavaThread "Refresh Thread: Equinox Container: 910f632a-2ee9-4ece-a183-d157524eab28" daemon [_thread_blocked, id=12528, stack(0x0000000101c00000,0x0000000101d00000) (1024K)]
  0x00000191005a2bb0 JavaThread "Framework Event Dispatcher: Equinox Container: 910f632a-2ee9-4ece-a183-d157524eab28" daemon [_thread_blocked, id=26300, stack(0x0000000101d00000,0x0000000101e00000) (1024K)]
  0x0000019100814080 JavaThread "Start Level: Equinox Container: 910f632a-2ee9-4ece-a183-d157524eab28" daemon [_thread_in_Java, id=30244, stack(0x0000000101e00000,0x0000000101f00000) (1024K)]
  0x0000019105260780 JavaThread "Bundle File Closer"         daemon [_thread_blocked, id=36944, stack(0x0000000102000000,0x0000000102100000) (1024K)]
  0x0000019100e14e10 JavaThread "SCR Component Actor"        daemon [_thread_blocked, id=35924, stack(0x0000000101f00000,0x0000000102000000) (1024K)]
  0x00000191056e3700 JavaThread "Worker-JM"                         [_thread_blocked, id=41660, stack(0x0000000102100000,0x0000000102200000) (1024K)]
  0x00000191056e29e0 JavaThread "JNA Cleaner"                daemon [_thread_blocked, id=41452, stack(0x0000000102200000,0x0000000102300000) (1024K)]
  0x00000191056e5140 JavaThread "Worker-0: Checking project encoding"        [_thread_blocked, id=13984, stack(0x0000000102300000,0x0000000102400000) (1024K)]
  0x00000191056e3070 JavaThread "Worker-1: Refreshing workspace"        [_thread_blocked, id=38616, stack(0x0000000102400000,0x0000000102500000) (1024K)]
  0x00000191056e4420 JavaThread "Worker-2"                          [_thread_blocked, id=35556, stack(0x0000000102500000,0x0000000102600000) (1024K)]
Total: 22

Other Threads:
  0x000001912710e790 VMThread "VM Thread"                           [id=36784, stack(0x0000000100900000,0x0000000100a00000) (1024K)]
  0x0000019126edba00 WatcherThread "VM Periodic Task Thread"        [id=34872, stack(0x0000000100800000,0x0000000100900000) (1024K)]
  0x000001912706d010 WorkerThread "GC Thread#0"                     [id=20812, stack(0x0000000100700000,0x0000000100800000) (1024K)]
  0x00000191007a2240 WorkerThread "GC Thread#1"                     [id=38364, stack(0x0000000101400000,0x0000000101500000) (1024K)]
  0x00000191007a25e0 WorkerThread "GC Thread#2"                     [id=19136, stack(0x0000000101500000,0x0000000101600000) (1024K)]
  0x00000191007a6d20 WorkerThread "GC Thread#3"                     [id=12492, stack(0x0000000101600000,0x0000000101700000) (1024K)]
  0x00000191007a70c0 WorkerThread "GC Thread#4"                     [id=24832, stack(0x0000000101700000,0x0000000101800000) (1024K)]
  0x00000191007a7460 WorkerThread "GC Thread#5"                     [id=36644, stack(0x0000000101800000,0x0000000101900000) (1024K)]
  0x0000019100c5be80 WorkerThread "GC Thread#6"                     [id=39224, stack(0x0000000101900000,0x0000000101a00000) (1024K)]
  0x000001910081f690 WorkerThread "GC Thread#7"                     [id=23000, stack(0x0000000101b00000,0x0000000101c00000) (1024K)]
Total: 10

Threads with active compile tasks:
C2 CompilerThread0  34408 3234       4       java.lang.invoke.MethodType::makeImpl (109 bytes)
C1 CompilerThread0  34409 3387       3       org.objectweb.asm.Type::getReturnTypeOffset (64 bytes)
Total: 2

VM state: not at safepoint (normal execution)

VM Mutex/Monitor currently owned by a thread: None

Heap address: 0x0000000080000000, size: 2048 MB, Compressed Oops mode: 32-bit

CDS archive(s) mapped at: [0x000001913e000000-0x000001913eba0000-0x000001913eba0000), size 12189696, SharedBaseAddress: 0x000001913e000000, ArchiveRelocationMode: 1.
Compressed class space mapped at: 0x000001913f000000-0x000001917f000000, reserved size: 1073741824
Narrow klass base: 0x000001913e000000, Narrow klass shift: 0, Narrow klass range: 0x100000000

GC Precious Log:
 CardTable entry size: 512
 CPUs: 8 total, 8 available
 Memory: 5966M
 Large Page Support: Disabled
 NUMA Support: Disabled
 Compressed Oops: Enabled (32-bit)
 Alignments: Space 512K, Generation 512K, Heap 2M
 Heap Min Capacity: 100M
 Heap Initial Capacity: 100M
 Heap Max Capacity: 2G
 Pre-touch: Disabled
 Parallel Workers: 8

Heap:
 PSYoungGen      total 29696K, used 24151K [0x00000000d5580000, 0x00000000d7680000, 0x0000000100000000)
  eden space 25600K, 78% used [0x00000000d5580000,0x00000000d691b2e0,0x00000000d6e80000)
  from space 4096K, 99% used [0x00000000d6e80000,0x00000000d727acc8,0x00000000d7280000)
  to   space 4096K, 0% used [0x00000000d7280000,0x00000000d7280000,0x00000000d7680000)
 ParOldGen       total 68608K, used 8004K [0x0000000080000000, 0x0000000084300000, 0x00000000d5580000)
  object space 68608K, 11% used [0x0000000080000000,0x00000000807d12a0,0x0000000084300000)
 Metaspace       used 18328K, committed 19072K, reserved 1114112K
  class space    used 1919K, committed 2240K, reserved 1048576K

Card table byte_map: [0x00000191269f0000,0x0000019126e00000] _byte_map_base: 0x00000191265f0000

Marking Bits: (ParMarkBitMap*) 0x00007ffb4b1f2460
 Begin Bits: [0x0000019139500000, 0x000001913b500000)
 End Bits:   [0x000001913b500000, 0x000001913d500000)

Polling page: 0x0000019124e90000

Metaspace:

Usage:
  Non-class:     16.03 MB used.
      Class:      1.87 MB used.
       Both:     17.90 MB used.

Virtual space:
  Non-class space:       64.00 MB reserved,      16.44 MB ( 26%) committed,  1 nodes.
      Class space:        1.00 GB reserved,       2.19 MB ( <1%) committed,  1 nodes.
             Both:        1.06 GB reserved,      18.62 MB (  2%) committed. 

Chunk freelists:
   Non-Class:  15.12 MB
       Class:  13.78 MB
        Both:  28.90 MB

MaxMetaspaceSize: unlimited
CompressedClassSpaceSize: 1.00 GB
Initial GC threshold: 21.00 MB
Current GC threshold: 21.00 MB
CDS: on
 - commit_granule_bytes: 65536.
 - commit_granule_words: 8192.
 - virtual_space_node_default_size: 8388608.
 - enlarge_chunks_in_place: 1.
 - use_allocation_guard: 0.


Internal statistics:

num_allocs_failed_limit: 0.
num_arena_births: 558.
num_arena_deaths: 0.
num_vsnodes_births: 2.
num_vsnodes_deaths: 0.
num_space_committed: 298.
num_space_uncommitted: 0.
num_chunks_returned_to_freelist: 0.
num_chunks_taken_from_freelist: 1251.
num_chunk_merges: 0.
num_chunk_splits: 809.
num_chunks_enlarged: 512.
num_inconsistent_stats: 0.

CodeHeap 'non-profiled nmethods': size=120000Kb used=1398Kb max_used=1398Kb free=118601Kb
 bounds [0x0000019131d20000, 0x0000019131f90000, 0x0000019139250000]
CodeHeap 'profiled nmethods': size=120000Kb used=6832Kb max_used=6832Kb free=113167Kb
 bounds [0x000001912a250000, 0x000001912a900000, 0x0000019131780000]
CodeHeap 'non-nmethods': size=5760Kb used=1278Kb max_used=1294Kb free=4481Kb
 bounds [0x0000019131780000, 0x00000191319f0000, 0x0000019131d20000]
CodeCache: size=245760Kb, used=9508Kb, max_used=9524Kb, free=236249Kb
 total_blobs=3940, nmethods=3382, adapters=464, full_count=0
Compilation: enabled, stopped_count=0, restarted_count=0

Compilation events (20 events):
Event: 33.151 Thread 0x0000019126ff7040 3332       3       java.lang.invoke.InvokerBytecodeGenerator::<init> (80 bytes)
Event: 33.152 Thread 0x0000019126ff7040 nmethod 3332 0x000001912a8d7810 code [0x000001912a8d79e0, 0x000001912a8d7d78]
Event: 33.154 Thread 0x0000019126ff7040 3335       3       java.lang.invoke.LambdaFormBuffer::insertName (106 bytes)
Event: 33.155 Thread 0x0000019126ff7040 nmethod 3335 0x000001912a8d8010 code [0x000001912a8d81e0, 0x000001912a8d8408]
Event: 33.158 Thread 0x0000019126ff7040 3338       3       jdk.internal.org.objectweb.asm.FieldWriter::<init> (69 bytes)
Event: 33.159 Thread 0x0000019126ff7040 nmethod 3338 0x000001912a8d8510 code [0x000001912a8d8700, 0x000001912a8d8a78]
Event: 33.170 Thread 0x0000019126ff7040 3343   !   3       org.eclipse.osgi.framework.util.SecureAction::getZipFile (131 bytes)
Event: 33.172 Thread 0x0000019126ff7040 nmethod 3343 0x000001912a8d8c90 code [0x000001912a8d8f80, 0x000001912a8d9cb0]
Event: 33.187 Thread 0x0000019126ff7040 3344       3       org.objectweb.asm.ClassReader::readUnsignedShort (26 bytes)
Event: 33.187 Thread 0x0000019126ff7040 nmethod 3344 0x000001912a8da310 code [0x000001912a8da4c0, 0x000001912a8da630]
Event: 33.301 Thread 0x0000019126ff7040 3345       3       java.lang.invoke.DirectMethodHandle$Holder::invokeStatic (14 bytes)
Event: 33.302 Thread 0x0000019126ff7040 nmethod 3345 0x000001912a8da710 code [0x000001912a8da8e0, 0x000001912a8dad30]
Event: 33.305 Thread 0x0000019126ff7040 3346       3       java.util.ArrayDeque::contains (80 bytes)
Event: 33.306 Thread 0x0000019126ff7040 nmethod 3346 0x000001912a8dae90 code [0x000001912a8db080, 0x000001912a8db4f0]
Event: 33.556 Thread 0x0000019126ff7040 3347       3       java.util.concurrent.locks.AbstractQueuedSynchronizer$Node::setPrevRelaxed (12 bytes)
Event: 33.557 Thread 0x0000019126ff7040 nmethod 3347 0x000001912a8db690 code [0x000001912a8db820, 0x000001912a8db950]
Event: 33.717 Thread 0x0000019126ff7040 3348       3       java.util.concurrent.locks.AbstractQueuedSynchronizer::cancelAcquire (45 bytes)
Event: 33.718 Thread 0x0000019126ff7040 nmethod 3348 0x000001912a8dba10 code [0x000001912a8dbbe0, 0x000001912a8dbf38]
Event: 33.718 Thread 0x0000019126ff7040 3349       3       java.util.concurrent.locks.AbstractQueuedSynchronizer::cleanQueue (174 bytes)
Event: 34.326 Thread 0x0000019126ff7040 nmethod 3349 0x000001912a8dc090 code [0x000001912a8dc360, 0x000001912a8dd1b8]

GC Heap History (10 events):
Event: 4.577 GC heap before
{Heap before GC invocations=1 (full 0):
 PSYoungGen      total 29696K, used 25600K [0x00000000d5580000, 0x00000000d7680000, 0x0000000100000000)
  eden space 25600K, 100% used [0x00000000d5580000,0x00000000d6e80000,0x00000000d6e80000)
  from space 4096K, 0% used [0x00000000d7280000,0x00000000d7280000,0x00000000d7680000)
  to   space 4096K, 0% used [0x00000000d6e80000,0x00000000d6e80000,0x00000000d7280000)
 ParOldGen       total 68608K, used 0K [0x0000000080000000, 0x0000000084300000, 0x00000000d5580000)
  object space 68608K, 0% used [0x0000000080000000,0x0000000080000000,0x0000000084300000)
 Metaspace       used 4346K, committed 4608K, reserved 1114112K
  class space    used 472K, committed 576K, reserved 1048576K
}
Event: 4.590 GC heap after
{Heap after GC invocations=1 (full 0):
 PSYoungGen      total 29696K, used 3280K [0x00000000d5580000, 0x00000000d7680000, 0x0000000100000000)
  eden space 25600K, 0% used [0x00000000d5580000,0x00000000d5580000,0x00000000d6e80000)
  from space 4096K, 80% used [0x00000000d6e80000,0x00000000d71b4148,0x00000000d7280000)
  to   space 4096K, 0% used [0x00000000d7280000,0x00000000d7280000,0x00000000d7680000)
 ParOldGen       total 68608K, used 16K [0x0000000080000000, 0x0000000084300000, 0x00000000d5580000)
  object space 68608K, 0% used [0x0000000080000000,0x0000000080004000,0x0000000084300000)
 Metaspace       used 4346K, committed 4608K, reserved 1114112K
  class space    used 472K, committed 576K, reserved 1048576K
}
Event: 7.718 GC heap before
{Heap before GC invocations=2 (full 0):
 PSYoungGen      total 29696K, used 28880K [0x00000000d5580000, 0x00000000d7680000, 0x0000000100000000)
  eden space 25600K, 100% used [0x00000000d5580000,0x00000000d6e80000,0x00000000d6e80000)
  from space 4096K, 80% used [0x00000000d6e80000,0x00000000d71b4148,0x00000000d7280000)
  to   space 4096K, 0% used [0x00000000d7280000,0x00000000d7280000,0x00000000d7680000)
 ParOldGen       total 68608K, used 16K [0x0000000080000000, 0x0000000084300000, 0x00000000d5580000)
  object space 68608K, 0% used [0x0000000080000000,0x0000000080004000,0x0000000084300000)
 Metaspace       used 7964K, committed 8256K, reserved 1114112K
  class space    used 829K, committed 960K, reserved 1048576K
}
Event: 7.733 GC heap after
{Heap after GC invocations=2 (full 0):
 PSYoungGen      total 29696K, used 4071K [0x00000000d5580000, 0x00000000d7680000, 0x0000000100000000)
  eden space 25600K, 0% used [0x00000000d5580000,0x00000000d5580000,0x00000000d6e80000)
  from space 4096K, 99% used [0x00000000d7280000,0x00000000d7679e98,0x00000000d7680000)
  to   space 4096K, 0% used [0x00000000d6e80000,0x00000000d6e80000,0x00000000d7280000)
 ParOldGen       total 68608K, used 2008K [0x0000000080000000, 0x0000000084300000, 0x00000000d5580000)
  object space 68608K, 2% used [0x0000000080000000,0x00000000801f6020,0x0000000084300000)
 Metaspace       used 7964K, committed 8256K, reserved 1114112K
  class space    used 829K, committed 960K, reserved 1048576K
}
Event: 9.984 GC heap before
{Heap before GC invocations=3 (full 0):
 PSYoungGen      total 29696K, used 29643K [0x00000000d5580000, 0x00000000d7680000, 0x0000000100000000)
  eden space 25600K, 99% used [0x00000000d5580000,0x00000000d6e78e70,0x00000000d6e80000)
  from space 4096K, 99% used [0x00000000d7280000,0x00000000d7679e98,0x00000000d7680000)
  to   space 4096K, 0% used [0x00000000d6e80000,0x00000000d6e80000,0x00000000d7280000)
 ParOldGen       total 68608K, used 2008K [0x0000000080000000, 0x0000000084300000, 0x00000000d5580000)
  object space 68608K, 2% used [0x0000000080000000,0x00000000801f6020,0x0000000084300000)
 Metaspace       used 9451K, committed 9792K, reserved 1114112K
  class space    used 1008K, committed 1152K, reserved 1048576K
}
Event: 9.996 GC heap after
{Heap after GC invocations=3 (full 0):
 PSYoungGen      total 29696K, used 4091K [0x00000000d5580000, 0x00000000d7680000, 0x0000000100000000)
  eden space 25600K, 0% used [0x00000000d5580000,0x00000000d5580000,0x00000000d6e80000)
  from space 4096K, 99% used [0x00000000d6e80000,0x00000000d727efc8,0x00000000d7280000)
  to   space 4096K, 0% used [0x00000000d7280000,0x00000000d7280000,0x00000000d7680000)
 ParOldGen       total 68608K, used 4671K [0x0000000080000000, 0x0000000084300000, 0x00000000d5580000)
  object space 68608K, 6% used [0x0000000080000000,0x000000008048fc18,0x0000000084300000)
 Metaspace       used 9451K, committed 9792K, reserved 1114112K
  class space    used 1008K, committed 1152K, reserved 1048576K
}
Event: 16.608 GC heap before
{Heap before GC invocations=4 (full 0):
 PSYoungGen      total 29696K, used 29691K [0x00000000d5580000, 0x00000000d7680000, 0x0000000100000000)
  eden space 25600K, 100% used [0x00000000d5580000,0x00000000d6e80000,0x00000000d6e80000)
  from space 4096K, 99% used [0x00000000d6e80000,0x00000000d727efc8,0x00000000d7280000)
  to   space 4096K, 0% used [0x00000000d7280000,0x00000000d7280000,0x00000000d7680000)
 ParOldGen       total 68608K, used 4671K [0x0000000080000000, 0x0000000084300000, 0x00000000d5580000)
  object space 68608K, 6% used [0x0000000080000000,0x000000008048fc18,0x0000000084300000)
 Metaspace       used 11683K, committed 12032K, reserved 1114112K
  class space    used 1234K, committed 1408K, reserved 1048576K
}
Event: 16.616 GC heap after
{Heap after GC invocations=4 (full 0):
 PSYoungGen      total 29696K, used 4078K [0x00000000d5580000, 0x00000000d7680000, 0x0000000100000000)
  eden space 25600K, 0% used [0x00000000d5580000,0x00000000d5580000,0x00000000d6e80000)
  from space 4096K, 99% used [0x00000000d7280000,0x00000000d767b808,0x00000000d7680000)
  to   space 4096K, 0% used [0x00000000d6e80000,0x00000000d6e80000,0x00000000d7280000)
 ParOldGen       total 68608K, used 6595K [0x0000000080000000, 0x0000000084300000, 0x00000000d5580000)
  object space 68608K, 9% used [0x0000000080000000,0x0000000080670f30,0x0000000084300000)
 Metaspace       used 11683K, committed 12032K, reserved 1114112K
  class space    used 1234K, committed 1408K, reserved 1048576K
}
Event: 18.682 GC heap before
{Heap before GC invocations=5 (full 0):
 PSYoungGen      total 29696K, used 29678K [0x00000000d5580000, 0x00000000d7680000, 0x0000000100000000)
  eden space 25600K, 100% used [0x00000000d5580000,0x00000000d6e80000,0x00000000d6e80000)
  from space 4096K, 99% used [0x00000000d7280000,0x00000000d767b808,0x00000000d7680000)
  to   space 4096K, 0% used [0x00000000d6e80000,0x00000000d6e80000,0x00000000d7280000)
 ParOldGen       total 68608K, used 6595K [0x0000000080000000, 0x0000000084300000, 0x00000000d5580000)
  object space 68608K, 9% used [0x0000000080000000,0x0000000080670f30,0x0000000084300000)
 Metaspace       used 15542K, committed 16192K, reserved 1114112K
  class space    used 1611K, committed 1920K, reserved 1048576K
}
Event: 20.699 GC heap after
{Heap after GC invocations=5 (full 0):
 PSYoungGen      total 29696K, used 4075K [0x00000000d5580000, 0x00000000d7680000, 0x0000000100000000)
  eden space 25600K, 0% used [0x00000000d5580000,0x00000000d5580000,0x00000000d6e80000)
  from space 4096K, 99% used [0x00000000d6e80000,0x00000000d727acc8,0x00000000d7280000)
  to   space 4096K, 0% used [0x00000000d7280000,0x00000000d7280000,0x00000000d7680000)
 ParOldGen       total 68608K, used 8004K [0x0000000080000000, 0x0000000084300000, 0x00000000d5580000)
  object space 68608K, 11% used [0x0000000080000000,0x00000000807d12a0,0x0000000084300000)
 Metaspace       used 15542K, committed 16192K, reserved 1114112K
  class space    used 1611K, committed 1920K, reserved 1048576K
}

Dll operation events (10 events):
Event: 0.029 Loaded shared library c:\Users\mishr\.vscode\extensions\redhat.java-1.52.0-win32-x64\jre\21.0.9-win32-x86_64\bin\java.dll
Event: 0.252 Loaded shared library c:\Users\mishr\.vscode\extensions\redhat.java-1.52.0-win32-x64\jre\21.0.9-win32-x86_64\bin\zip.dll
Event: 0.327 Loaded shared library C:\Users\mishr\.vscode\extensions\redhat.java-1.52.0-win32-x64\jre\21.0.9-win32-x86_64\bin\instrument.dll
Event: 0.341 Loaded shared library C:\Users\mishr\.vscode\extensions\redhat.java-1.52.0-win32-x64\jre\21.0.9-win32-x86_64\bin\net.dll
Event: 0.349 Loaded shared library C:\Users\mishr\.vscode\extensions\redhat.java-1.52.0-win32-x64\jre\21.0.9-win32-x86_64\bin\nio.dll
Event: 0.366 Loaded shared library C:\Users\mishr\.vscode\extensions\redhat.java-1.52.0-win32-x64\jre\21.0.9-win32-x86_64\bin\zip.dll
Event: 0.485 Loaded shared library C:\Users\mishr\.vscode\extensions\redhat.java-1.52.0-win32-x64\jre\21.0.9-win32-x86_64\bin\jimage.dll
Event: 0.876 Loaded shared library c:\Users\mishr\.vscode\extensions\redhat.java-1.52.0-win32-x64\jre\21.0.9-win32-x86_64\bin\verify.dll
Event: 7.974 Loaded shared library C:\Users\mishr\AppData\Roaming\Code\User\globalStorage\redhat.java\1.52.0\config_win\org.eclipse.equinox.launcher\org.eclipse.equinox.launcher.win32.win32.x86_64_1.2.1500.v20260121-1430\eclipse_11919.dll
Event: 32.647 Loaded shared library C:\Users\mishr\AppData\Local\Temp\jna-103905697\jna6391557201455614989.dll

Deoptimization events (20 events):
Event: 32.849 Thread 0x0000019100814080 Uncommon trap: trap_request=0xffffffc6 fr.pc=0x0000019131dcad04 relative=0x0000000000000b84
Event: 32.849 Thread 0x0000019100814080 Uncommon trap: reason=bimorphic_or_optimized_type_check action=maybe_recompile pc=0x0000019131dcad04 method=java.util.HashMap.putVal(ILjava/lang/Object;Ljava/lang/Object;ZZ)Ljava/lang/Object; @ 91 c2
Event: 32.850 Thread 0x0000019100814080 DEOPT PACKING pc=0x0000019131dcad04 sp=0x0000000101ef35e0
Event: 32.850 Thread 0x0000019100814080 DEOPT UNPACKING pc=0x00000191317d3aa2 sp=0x0000000101ef3508 mode 2
Event: 32.851 Thread 0x0000019100814080 Uncommon trap: trap_request=0xffffff45 fr.pc=0x0000019131e71d2c relative=0x000000000000094c
Event: 32.851 Thread 0x0000019100814080 Uncommon trap: reason=unstable_if action=reinterpret pc=0x0000019131e71d2c method=java.util.concurrent.ConcurrentHashMap.putVal(Ljava/lang/Object;Ljava/lang/Object;Z)Ljava/lang/Object; @ 401 c2
Event: 32.851 Thread 0x0000019100814080 DEOPT PACKING pc=0x0000019131e71d2c sp=0x0000000101ef2de0
Event: 32.851 Thread 0x0000019100814080 DEOPT UNPACKING pc=0x00000191317d3aa2 sp=0x0000000101ef2d50 mode 2
Event: 32.885 Thread 0x0000019100814080 Uncommon trap: trap_request=0xffffff45 fr.pc=0x0000019131d9e46c relative=0x000000000000020c
Event: 32.885 Thread 0x0000019100814080 Uncommon trap: reason=unstable_if action=reinterpret pc=0x0000019131d9e46c method=java.io.BufferedInputStream.read1([BII)I @ 34 c2
Event: 32.886 Thread 0x0000019100814080 DEOPT PACKING pc=0x0000019131d9e46c sp=0x0000000101ef4670
Event: 32.887 Thread 0x0000019100814080 DEOPT UNPACKING pc=0x00000191317d3aa2 sp=0x0000000101ef4628 mode 2
Event: 32.980 Thread 0x0000019100814080 Uncommon trap: trap_request=0xffffff45 fr.pc=0x0000019131e637a4 relative=0x0000000000000084
Event: 32.980 Thread 0x0000019100814080 Uncommon trap: reason=unstable_if action=reinterpret pc=0x0000019131e637a4 method=java.lang.ref.SoftReference.get()Ljava/lang/Object; @ 6 c2
Event: 32.980 Thread 0x0000019100814080 DEOPT PACKING pc=0x0000019131e637a4 sp=0x0000000101ef4e60
Event: 32.980 Thread 0x0000019100814080 DEOPT UNPACKING pc=0x00000191317d3aa2 sp=0x0000000101ef4df8 mode 2
Event: 33.080 Thread 0x00000191056e5140 Uncommon trap: trap_request=0xffffff45 fr.pc=0x0000019131e0bf60 relative=0x00000000000000c0
Event: 33.080 Thread 0x00000191056e5140 Uncommon trap: reason=unstable_if action=reinterpret pc=0x0000019131e0bf60 method=java.util.concurrent.locks.ReentrantLock$NonfairSync.initialTryLock()Z @ 25 c2
Event: 33.080 Thread 0x00000191056e5140 DEOPT PACKING pc=0x0000019131e0bf60 sp=0x00000001023fdcc0
Event: 33.080 Thread 0x00000191056e5140 DEOPT UNPACKING pc=0x00000191317d3aa2 sp=0x00000001023fdc40 mode 2

Classes loaded (20 events):
Event: 32.706 Loading class java/lang/reflect/UndeclaredThrowableException
Event: 32.707 Loading class java/lang/reflect/UndeclaredThrowableException done
Event: 32.708 Loading class java/lang/Class$AnnotationData
Event: 32.709 Loading class java/lang/Class$AnnotationData done
Event: 32.711 Loading class jdk/internal/reflect/MethodHandleIntegerFieldAccessorImpl
Event: 32.712 Loading class jdk/internal/reflect/MethodHandleIntegerFieldAccessorImpl done
Event: 32.813 Loading class java/io/PrintWriter
Event: 32.814 Loading class java/io/PrintWriter done
Event: 32.846 Loading class jdk/internal/reflect/MethodHandleShortFieldAccessorImpl
Event: 32.847 Loading class jdk/internal/reflect/MethodHandleShortFieldAccessorImpl done
Event: 32.847 Loading class java/lang/Short$ShortCache
Event: 32.848 Loading class java/lang/Short$ShortCache done
Event: 32.956 Loading class java/util/function/LongUnaryOperator
Event: 32.956 Loading class java/util/function/LongUnaryOperator done
Event: 32.957 Loading class java/lang/ThreadDeath
Event: 32.960 Loading class java/lang/ThreadDeath done
Event: 32.996 Loading class java/util/stream/SortedOps$SizedRefSortingSink
Event: 32.997 Loading class java/util/stream/SortedOps$SizedRefSortingSink done
Event: 33.117 Loading class java/util/concurrent/atomic/Striped64$1
Event: 33.118 Loading class java/util/concurrent/atomic/Striped64$1 done

Classes unloaded (0 events):
No events

Classes redefined (0 events):
No events

Internal exceptions (20 events):
Event: 18.586 Thread 0x0000019100814080 Exception <a 'java/io/FileNotFoundException'{0x00000000d6c72560}> (0x00000000d6c72560) 
thrown [s\src\hotspot\share\prims\jni.cpp, line 520]
Event: 26.083 Thread 0x0000019100814080 Exception <a 'java/lang/NoSuchMethodError'{0x00000000d5a9fdc0}: 'java.lang.Object java.lang.invoke.DirectMethodHandle$Holder.invokeStaticInit(java.lang.Object, int)'> (0x00000000d5a9fdc0) 
thrown [s\src\hotspot\share\interpreter\linkResolver.cpp, line 773]
Event: 30.284 Thread 0x0000019100814080 Exception <a 'java/lang/NoSuchMethodError'{0x00000000d5d21668}: 'java.lang.Object java.lang.invoke.DirectMethodHandle$Holder.invokeStaticInit(java.lang.Object, int, int, int, int)'> (0x00000000d5d21668) 
thrown [s\src\hotspot\share\interpreter\linkResolver.cpp, line 773]
Event: 31.391 Thread 0x0000019100814080 Exception <a 'java/lang/NoSuchMethodError'{0x00000000d5e3fd00}: 'java.lang.Object java.lang.invoke.DirectMethodHandle$Holder.invokeStaticInit(java.lang.Object, java.lang.Object, int, int, int, int)'> (0x00000000d5e3fd00) 
thrown [s\src\hotspot\share\interpreter\linkResolver.cpp, line 773]
Event: 32.713 Thread 0x0000019100814080 Exception <a 'java/lang/NoSuchMethodError'{0x00000000d5f547f8}: 'void java.lang.invoke.DirectMethodHandle$Holder.invokeSpecial(java.lang.Object, java.lang.Object, java.lang.Object, int)'> (0x00000000d5f547f8) 
thrown [s\src\hotspot\share\interpreter\linkResolver.cpp, line 773]
Event: 32.714 Thread 0x0000019100814080 Exception <a 'java/lang/NoSuchMethodError'{0x00000000d5f58438}: 'void java.lang.invoke.DelegatingMethodHandle$Holder.reinvoke_L(java.lang.Object, java.lang.Object, int)'> (0x00000000d5f58438) 
thrown [s\src\hotspot\share\interpreter\linkResolver.cpp, line 773]
Event: 32.717 Thread 0x0000019100814080 Exception <a 'java/lang/NoSuchMethodError'{0x00000000d5f5f3d0}: 'int java.lang.invoke.Invokers$Holder.invokeExact_MT(java.lang.Object, java.lang.Object, java.lang.Object)'> (0x00000000d5f5f3d0) 
thrown [s\src\hotspot\share\interpreter\linkResolver.cpp, line 773]
Event: 32.854 Thread 0x0000019100814080 Exception <a 'java/lang/NoSuchMethodError'{0x00000000d6085da8}: 'void java.lang.invoke.Invokers$Holder.invokeExact_MT(java.lang.Object, java.lang.Object, int, java.lang.Object)'> (0x00000000d6085da8) 
thrown [s\src\hotspot\share\interpreter\linkResolver.cpp, line 773]
Event: 32.948 Thread 0x0000019100814080 Exception <a 'java/lang/NoSuchMethodError'{0x00000000d61c6d60}: 'java.lang.Object java.lang.invoke.DirectMethodHandle$Holder.invokeSpecial(java.lang.Object, java.lang.Object, java.lang.Object, long, java.lang.Object)'> (0x00000000d61c6d60) 
thrown [s\src\hotspot\share\interpreter\linkResolver.cpp, line 773]
Event: 32.950 Thread 0x0000019100814080 Exception <a 'java/lang/NoSuchMethodError'{0x00000000d61ce5a8}: 'java.lang.Object java.lang.invoke.DirectMethodHandle$Holder.newInvokeSpecial(java.lang.Object, java.lang.Object, java.lang.Object, long)'> (0x00000000d61ce5a8) 
thrown [s\src\hotspot\share\interpreter\linkResolver.cpp, line 773]
Event: 32.952 Thread 0x0000019100814080 Exception <a 'java/lang/NoSuchMethodError'{0x00000000d61d2958}: 'java.lang.Object java.lang.invoke.DirectMethodHandle$Holder.invokeSpecial(java.lang.Object, java.lang.Object, java.lang.Object, java.lang.Object, long)'> (0x00000000d61d2958) 
thrown [s\src\hotspot\share\interpreter\linkResolver.cpp, line 773]
Event: 32.954 Thread 0x0000019100814080 Exception <a 'java/lang/NoSuchMethodError'{0x00000000d61d6578}: 'java.lang.Object java.lang.invoke.Invokers$Holder.linkToTargetMethod(java.lang.Object, java.lang.Object, long, java.lang.Object)'> (0x00000000d61d6578) 
thrown [s\src\hotspot\share\interpreter\linkResolver.cpp, line 773]
Event: 32.988 Thread 0x0000019100814080 Exception <a 'java/lang/NoSuchMethodError'{0x00000000d6252eb8}: 'int java.lang.invoke.DirectMethodHandle$Holder.invokeStaticInit(java.lang.Object, java.lang.Object, java.lang.Object)'> (0x00000000d6252eb8) 
thrown [s\src\hotspot\share\interpreter\linkResolver.cpp, line 773]
Event: 33.059 Thread 0x0000019100814080 Exception <a 'java/lang/IncompatibleClassChangeError'{0x00000000d6300748}: Found class java.lang.Object, but interface was expected> (0x00000000d6300748) 
thrown [s\src\hotspot\share\interpreter\linkResolver.cpp, line 840]
Event: 33.070 Thread 0x0000019100814080 Exception <a 'java/lang/NoSuchMethodError'{0x00000000d63144d0}: 'java.lang.Object java.lang.invoke.DirectMethodHandle$Holder.invokeSpecial(java.lang.Object, java.lang.Object, java.lang.Object, int, java.lang.Object, java.lang.Object)'> (0x00000000d63144d0) 
thrown [s\src\hotspot\share\interpreter\linkResolver.cpp, line 773]
Event: 33.072 Thread 0x0000019100814080 Exception <a 'java/lang/NoSuchMethodError'{0x00000000d631bf60}: 'java.lang.Object java.lang.invoke.DirectMethodHandle$Holder.newInvokeSpecial(java.lang.Object, java.lang.Object, java.lang.Object, int, java.lang.Object)'> (0x00000000d631bf60) 
thrown [s\src\hotspot\share\interpreter\linkResolver.cpp, line 773]
Event: 33.073 Thread 0x0000019100814080 Exception <a 'java/lang/NoSuchMethodError'{0x00000000d631fee0}: 'java.lang.Object java.lang.invoke.DirectMethodHandle$Holder.invokeSpecial(java.lang.Object, java.lang.Object, java.lang.Object, java.lang.Object, int, java.lang.Object)'> (0x00000000d631fee0) 
thrown [s\src\hotspot\share\interpreter\linkResolver.cpp, line 773]
Event: 33.074 Thread 0x0000019100814080 Exception <a 'java/lang/NoSuchMethodError'{0x00000000d6323a20}: 'java.lang.Object java.lang.invoke.Invokers$Holder.linkToTargetMethod(java.lang.Object, java.lang.Object, int, java.lang.Object, java.lang.Object)'> (0x00000000d6323a20) 
thrown [s\src\hotspot\share\interpreter\linkResolver.cpp, line 773]
Event: 33.075 Thread 0x00000191056e5140 Exception <a 'java/lang/NoSuchMethodError'{0x00000000d620f418}: 'java.lang.Object java.lang.invoke.DirectMethodHandle$Holder.invokeSpecial(java.lang.Object, java.lang.Object, int, java.lang.Object, java.lang.Object)'> (0x00000000d620f418) 
thrown [s\src\hotspot\share\interpreter\linkResolver.cpp, line 773]
Event: 33.126 Thread 0x0000019100814080 Exception <a 'java/lang/NoSuchMethodError'{0x00000000d6429b78}: 'void java.lang.invoke.DirectMethodHandle$Holder.invokeSpecial(java.lang.Object, java.lang.Object, java.lang.Object, java.lang.Object, java.lang.Object)'> (0x00000000d6429b78) 
thrown [s\src\hotspot\share\interpreter\linkResolver.cpp, line 773]

ZGC Phase Switch (0 events):
No events

VM Operations (20 events):
Event: 24.891 Executing VM operation: Cleanup
Event: 24.891 Executing VM operation: Cleanup done
Event: 26.891 Executing VM operation: Cleanup
Event: 27.158 Executing VM operation: Cleanup done
Event: 28.172 Executing VM operation: Cleanup
Event: 28.172 Executing VM operation: Cleanup done
Event: 29.172 Executing VM operation: Cleanup
Event: 29.246 Executing VM operation: Cleanup done
Event: 30.247 Executing VM operation: Cleanup
Event: 30.278 Executing VM operation: Cleanup done
Event: 30.350 Executing VM operation: HandshakeAllThreads (Deoptimize)
Event: 30.351 Executing VM operation: HandshakeAllThreads (Deoptimize) done
Event: 31.351 Executing VM operation: Cleanup
Event: 31.376 Executing VM operation: Cleanup done
Event: 32.380 Executing VM operation: Cleanup
Event: 32.380 Executing VM operation: Cleanup done
Event: 32.676 Executing VM operation: HandshakeAllThreads (Deoptimize)
Event: 32.676 Executing VM operation: HandshakeAllThreads (Deoptimize) done
Event: 33.686 Executing VM operation: Cleanup
Event: 33.686 Executing VM operation: Cleanup done

Memory protections (0 events):
No events

Nmethod flushes (0 events):
No events

Events (20 events):
Event: 0.114 Thread 0x0000019124be9750 Thread added: 0x0000019126ff7040
Event: 0.332 Thread 0x0000019124be9750 Thread added: 0x0000019100549690
Event: 1.316 Thread 0x0000019124be9750 Thread added: 0x00000191006589a0
Event: 7.170 Thread 0x0000019124be9750 Thread added: 0x0000019100c5a1f0
Event: 7.904 Thread 0x0000019124be9750 Thread added: 0x0000019100c100b0
Event: 8.203 Thread 0x0000019100c100b0 Thread added: 0x00000191005a2bb0
Event: 8.211 Thread 0x0000019124be9750 Thread added: 0x0000019100814080
Event: 11.248 Thread 0x0000019126ff7040 Thread added: 0x000001910525fd10
Event: 11.249 Thread 0x0000019100814080 Thread added: 0x0000019105260780
Event: 11.367 Thread 0x000001910525fd10 Thread exited: 0x000001910525fd10
Event: 16.499 Thread 0x0000019100814080 Thread added: 0x0000019100e14e10
Event: 17.167 Thread 0x0000019126ff7040 Thread added: 0x000001910525a070
Event: 17.360 Thread 0x000001910525a070 Thread exited: 0x000001910525a070
Event: 18.134 Thread 0x0000019100814080 Thread added: 0x00000191056e3700
Event: 23.884 Thread 0x0000019126ff7040 Thread added: 0x00000191058721d0
Event: 25.024 Thread 0x00000191058721d0 Thread exited: 0x00000191058721d0
Event: 32.750 Thread 0x0000019100814080 Thread added: 0x00000191056e29e0
Event: 32.967 Thread 0x0000019100814080 Thread added: 0x00000191056e5140
Event: 33.075 Thread 0x0000019100814080 Thread added: 0x00000191056e3070
Event: 33.301 Thread 0x00000191056e3070 Thread added: 0x00000191056e4420


Dynamic libraries:
0x00007ff7909d0000 - 0x00007ff7909de000 	c:\Users\mishr\.vscode\extensions\redhat.java-1.52.0-win32-x64\jre\21.0.9-win32-x86_64\bin\java.exe
0x00007ffc4cf80000 - 0x00007ffc4d1e8000 	C:\WINDOWS\SYSTEM32\ntdll.dll
0x00007ffc4c3c0000 - 0x00007ffc4c489000 	C:\WINDOWS\System32\KERNEL32.DLL
0x00007ffc49c90000 - 0x00007ffc4a081000 	C:\WINDOWS\System32\KERNELBASE.dll
0x00007ffc499d0000 - 0x00007ffc49b1b000 	C:\WINDOWS\System32\ucrtbase.dll
0x00007ffb9b230000 - 0x00007ffb9b24e000 	c:\Users\mishr\.vscode\extensions\redhat.java-1.52.0-win32-x64\jre\21.0.9-win32-x86_64\bin\VCRUNTIME140.dll
0x00007ffb9b1b0000 - 0x00007ffb9b1c8000 	c:\Users\mishr\.vscode\extensions\redhat.java-1.52.0-win32-x64\jre\21.0.9-win32-x86_64\bin\jli.dll
0x00007ffc4ccd0000 - 0x00007ffc4ce96000 	C:\WINDOWS\System32\USER32.dll
0x00007ffc499a0000 - 0x00007ffc499c7000 	C:\WINDOWS\System32\win32u.dll
0x00007ffc39130000 - 0x00007ffc393c3000 	C:\WINDOWS\WinSxS\amd64_microsoft.windows.common-controls_6595b64144ccf1df_6.0.26100.7705_none_3e06597ae3363b04\COMCTL32.dll
0x00007ffc4b5d0000 - 0x00007ffc4b5fb000 	C:\WINDOWS\System32\GDI32.dll
0x00007ffc4abf0000 - 0x00007ffc4ad1b000 	C:\WINDOWS\System32\gdi32full.dll
0x00007ffc4ca20000 - 0x00007ffc4cac9000 	C:\WINDOWS\System32\msvcrt.dll
0x00007ffc49860000 - 0x00007ffc49903000 	C:\WINDOWS\System32\msvcp_win.dll
0x00007ffc4c9e0000 - 0x00007ffc4ca11000 	C:\WINDOWS\System32\IMM32.DLL
0x00007ffc3c370000 - 0x00007ffc3c37c000 	c:\Users\mishr\.vscode\extensions\redhat.java-1.52.0-win32-x64\jre\21.0.9-win32-x86_64\bin\vcruntime140_1.dll
0x00007ffb6f990000 - 0x00007ffb6fa1d000 	c:\Users\mishr\.vscode\extensions\redhat.java-1.52.0-win32-x64\jre\21.0.9-win32-x86_64\bin\msvcp140.dll
0x00007ffb4a530000 - 0x00007ffb4b2d0000 	c:\Users\mishr\.vscode\extensions\redhat.java-1.52.0-win32-x64\jre\21.0.9-win32-x86_64\bin\server\jvm.dll
0x00007ffc4c4f0000 - 0x00007ffc4c5a4000 	C:\WINDOWS\System32\ADVAPI32.dll
0x00007ffc4cc20000 - 0x00007ffc4ccc6000 	C:\WINDOWS\System32\sechost.dll
0x00007ffc4cae0000 - 0x00007ffc4cbf8000 	C:\WINDOWS\System32\RPCRT4.dll
0x00007ffc4b7e0000 - 0x00007ffc4b854000 	C:\WINDOWS\System32\WS2_32.dll
0x00007ffc496c0000 - 0x00007ffc4971e000 	C:\WINDOWS\SYSTEM32\POWRPROF.dll
0x00007ffc47940000 - 0x00007ffc47975000 	C:\WINDOWS\SYSTEM32\WINMM.dll
0x00007ffc41d30000 - 0x00007ffc41d3b000 	C:\WINDOWS\SYSTEM32\VERSION.dll
0x00007ffc496a0000 - 0x00007ffc496b4000 	C:\WINDOWS\SYSTEM32\UMPDC.dll
0x00007ffc48610000 - 0x00007ffc4862b000 	C:\WINDOWS\SYSTEM32\kernel.appcore.dll
0x00007ffc23530000 - 0x00007ffc2353a000 	c:\Users\mishr\.vscode\extensions\redhat.java-1.52.0-win32-x64\jre\21.0.9-win32-x86_64\bin\jimage.dll
0x00007ffc47680000 - 0x00007ffc478c2000 	C:\WINDOWS\SYSTEM32\DBGHELP.DLL
0x00007ffc4c630000 - 0x00007ffc4c9b6000 	C:\WINDOWS\System32\combase.dll
0x00007ffc4c0e0000 - 0x00007ffc4c1b7000 	C:\WINDOWS\System32\OLEAUT32.dll
0x00007ffc47900000 - 0x00007ffc4793b000 	C:\WINDOWS\SYSTEM32\dbgcore.DLL
0x00007ffc4ab40000 - 0x00007ffc4abe5000 	C:\WINDOWS\System32\bcryptPrimitives.dll
0x00007ffc44d60000 - 0x00007ffc44d6f000 	c:\Users\mishr\.vscode\extensions\redhat.java-1.52.0-win32-x64\jre\21.0.9-win32-x86_64\bin\instrument.dll
0x00007ffb9afc0000 - 0x00007ffb9afe0000 	c:\Users\mishr\.vscode\extensions\redhat.java-1.52.0-win32-x64\jre\21.0.9-win32-x86_64\bin\java.dll
0x00007ffc4b980000 - 0x00007ffc4c0d1000 	C:\WINDOWS\System32\SHELL32.dll
0x00007ffc49b20000 - 0x00007ffc49c8a000 	C:\WINDOWS\System32\wintypes.dll
0x00007ffc4a090000 - 0x00007ffc4a8f2000 	C:\WINDOWS\System32\windows.storage.dll
0x00007ffc4b3d0000 - 0x00007ffc4b4c6000 	C:\WINDOWS\System32\SHCORE.dll
0x00007ffc4cea0000 - 0x00007ffc4cf07000 	C:\WINDOWS\System32\shlwapi.dll
0x00007ffc49780000 - 0x00007ffc497a9000 	C:\WINDOWS\SYSTEM32\profapi.dll
0x00007ffb9abb0000 - 0x00007ffb9abc8000 	c:\Users\mishr\.vscode\extensions\redhat.java-1.52.0-win32-x64\jre\21.0.9-win32-x86_64\bin\zip.dll
0x00007ffc43a50000 - 0x00007ffc43a60000 	C:\Users\mishr\.vscode\extensions\redhat.java-1.52.0-win32-x64\jre\21.0.9-win32-x86_64\bin\net.dll
0x00007ffc3f5b0000 - 0x00007ffc3f6d7000 	C:\WINDOWS\SYSTEM32\WINHTTP.dll
0x00007ffc48b80000 - 0x00007ffc48beb000 	C:\WINDOWS\system32\mswsock.dll
0x00007ffc3c2f0000 - 0x00007ffc3c306000 	C:\Users\mishr\.vscode\extensions\redhat.java-1.52.0-win32-x64\jre\21.0.9-win32-x86_64\bin\nio.dll
0x00007ffc43a40000 - 0x00007ffc43a50000 	c:\Users\mishr\.vscode\extensions\redhat.java-1.52.0-win32-x64\jre\21.0.9-win32-x86_64\bin\verify.dll
0x00007ffc264e0000 - 0x00007ffc26525000 	C:\Users\mishr\AppData\Roaming\Code\User\globalStorage\redhat.java\1.52.0\config_win\org.eclipse.equinox.launcher\org.eclipse.equinox.launcher.win32.win32.x86_64_1.2.1500.v20260121-1430\eclipse_11919.dll
0x00007ffc4b1b0000 - 0x00007ffc4b347000 	C:\WINDOWS\System32\ole32.dll
0x00007ffc48e40000 - 0x00007ffc48e5b000 	C:\WINDOWS\SYSTEM32\CRYPTSP.dll
0x00007ffc48570000 - 0x00007ffc485a9000 	C:\WINDOWS\system32\rsaenh.dll
0x00007ffc48c30000 - 0x00007ffc48c5b000 	C:\WINDOWS\SYSTEM32\USERENV.dll
0x00007ffc49750000 - 0x00007ffc4977a000 	C:\WINDOWS\SYSTEM32\bcrypt.dll
0x00007ffc48e60000 - 0x00007ffc48e6c000 	C:\WINDOWS\SYSTEM32\CRYPTBASE.dll
0x00007ffc47fe0000 - 0x00007ffc48014000 	C:\WINDOWS\SYSTEM32\IPHLPAPI.DLL
0x00007ffc4cad0000 - 0x00007ffc4cada000 	C:\WINDOWS\System32\NSI.dll
0x00007ffb89eb0000 - 0x00007ffb89ef9000 	C:\Users\mishr\AppData\Local\Temp\jna-103905697\jna6391557201455614989.dll
0x00007ffc4cc00000 - 0x00007ffc4cc08000 	C:\WINDOWS\System32\PSAPI.DLL

JVMTI agents:
c:\Users\mishr\.vscode\extensions\redhat.java-1.52.0-win32-x64\lombok\lombok-1.18.39-4050.jar path:c:\Users\mishr\.vscode\extensions\redhat.java-1.52.0-win32-x64\jre\21.0.9-win32-x86_64\bin\instrument.dll, loaded, initialized, instrumentlib options:none

dbghelp: loaded successfully - version: 4.0.5 - missing functions: none
symbol engine: initialized successfully - sym options: 0x614 - pdb path: .;c:\Users\mishr\.vscode\extensions\redhat.java-1.52.0-win32-x64\jre\21.0.9-win32-x86_64\bin;C:\WINDOWS\SYSTEM32;C:\WINDOWS\WinSxS\amd64_microsoft.windows.common-controls_6595b64144ccf1df_6.0.26100.7705_none_3e06597ae3363b04;c:\Users\mishr\.vscode\extensions\redhat.java-1.52.0-win32-x64\jre\21.0.9-win32-x86_64\bin\server;C:\Users\mishr\AppData\Roaming\Code\User\globalStorage\redhat.java\1.52.0\config_win\org.eclipse.equinox.launcher\org.eclipse.equinox.launcher.win32.win32.x86_64_1.2.1500.v20260121-1430;C:\Users\mishr\AppData\Local\Temp\jna-103905697

VM Arguments:
jvm_args: --add-modules=ALL-SYSTEM --add-opens=java.base/java.util=ALL-UNNAMED --add-opens=java.base/java.lang=ALL-UNNAMED --add-opens=java.base/sun.nio.fs=ALL-UNNAMED -Declipse.application=org.eclipse.jdt.ls.core.id1 -Dosgi.bundles.defaultStartLevel=4 -Declipse.product=org.eclipse.jdt.ls.core.product -Djava.import.generatesMetadataFilesAtProjectRoot=false -DDetectVMInstallationsJob.disabled=true -Dfile.encoding=utf8 -XX:+UseParallelGC -XX:GCTimeRatio=4 -XX:AdaptiveSizePolicyWeight=90 -Dsun.zip.disableMemoryMapping=true -Xmx2G -Xms100m -Xlog:disable -javaagent:c:\Users\mishr\.vscode\extensions\redhat.java-1.52.0-win32-x64\lombok\lombok-1.18.39-4050.jar -XX:+HeapDumpOnOutOfMemoryError -XX:HeapDumpPath=c:\Users\mishr\AppData\Roaming\Code\User\workspaceStorage\6f35ab0fbe508e1a556979e0005c2c23\redhat.java -Daether.dependencyCollector.impl=bf 
java_command: c:\Users\mishr\.vscode\extensions\redhat.java-1.52.0-win32-x64\server\plugins\org.eclipse.equinox.launcher_1.7.100.v20251111-0406.jar -configuration c:\Users\mishr\AppData\Roaming\Code\User\globalStorage\redhat.java\1.52.0\config_win -data c:\Users\mishr\AppData\Roaming\Code\User\workspaceStorage\6f35ab0fbe508e1a556979e0005c2c23\redhat.java\jdt_ws --pipe=\\.\pipe\lsp-4118c70ff044cf4811754751cc34796d-sock
java_class_path (initial): c:\Users\mishr\.vscode\extensions\redhat.java-1.52.0-win32-x64\server\plugins\org.eclipse.equinox.launcher_1.7.100.v20251111-0406.jar
Launcher Type: SUN_STANDARD

[Global flags]
    uintx AdaptiveSizePolicyWeight                 = 90                                        {product} {command line}
     intx CICompilerCount                          = 4                                         {product} {ergonomic}
    uintx GCTimeRatio                              = 4                                         {product} {command line}
     bool HeapDumpOnOutOfMemoryError               = true                                   {manageable} {command line}
    ccstr HeapDumpPath                             = c:\Users\mishr\AppData\Roaming\Code\User\workspaceStorage\6f35ab0fbe508e1a556979e0005c2c23\redhat.java         {manageable} {command line}
   size_t InitialHeapSize                          = 104857600                                 {product} {command line}
   size_t MaxHeapSize                              = 2147483648                                {product} {command line}
   size_t MaxNewSize                               = 715653120                                 {product} {ergonomic}
   size_t MinHeapDeltaBytes                        = 524288                                    {product} {ergonomic}
   size_t MinHeapSize                              = 104857600                                 {product} {command line}
   size_t NewSize                                  = 34603008                                  {product} {ergonomic}
    uintx NonNMethodCodeHeapSize                   = 5839372                                {pd product} {ergonomic}
    uintx NonProfiledCodeHeapSize                  = 122909434                              {pd product} {ergonomic}
   size_t OldSize                                  = 70254592                                  {product} {ergonomic}
    uintx ProfiledCodeHeapSize                     = 122909434                              {pd product} {ergonomic}
    uintx ReservedCodeCacheSize                    = 251658240                              {pd product} {ergonomic}
     bool SegmentedCodeCache                       = true                                      {product} {ergonomic}
   size_t SoftMaxHeapSize                          = 2147483648                             {manageable} {ergonomic}
     bool UseCompressedOops                        = true                           {product lp64_product} {ergonomic}
     bool UseLargePagesIndividualAllocation        = false                                  {pd product} {ergonomic}
     bool UseParallelGC                            = true                                      {product} {command line}

Logging:
Log output configuration:
 #0: stdout all=off uptime,level,tags foldmultilines=false
 #1: stderr all=off uptime,level,tags foldmultilines=false

Release file:
JAVA_VERSION="21.0.9" 
MODULES="java.base java.compiler java.datatransfer java.xml java.prefs java.desktop java.instrument java.logging java.management java.security.sasl java.naming java.rmi java.management.rmi java.net.http java.scripting java.security.jgss java.transaction.xa java.sql java.sql.rowset java.xml.crypto java.se java.smartcardio jdk.accessibility jdk.internal.jvmstat jdk.attach jdk.charsets jdk.internal.opt jdk.zipfs jdk.compiler jdk.crypto.ec jdk.crypto.cryptoki jdk.crypto.mscapi jdk.dynalink jdk.internal.ed jdk.editpad jdk.hotspot.agent jdk.httpserver jdk.internal.le jdk.internal.vm.ci jdk.internal.vm.compiler jdk.internal.vm.compiler.management jdk.jartool jdk.javadoc jdk.jcmd jdk.management jdk.management.agent jdk.jconsole jdk.jdeps jdk.jdwp.agent jdk.jdi jdk.jfr jdk.jshell jdk.jsobject jdk.jstatd jdk.localedata jdk.management.jfr jdk.naming.dns jdk.naming.rmi jdk.net jdk.nio.mapmode jdk.random jdk.sctp jdk.security.auth jdk.security.jgss jdk.unsupported jdk.unsupported.desktop jdk.xml.dom" 

Environment Variables:
JAVA_HOME=C:\Program Files\Java\jdk-21
PATH=C:\Program Files\Common Files\Oracle\Java\javapath;C:\PYTHON 3.7\Scripts\;C:\PYTHON 3.7\;C:\Users\mishr\AppData\Roaming\Python\Python311\Scripts;C:\WINDOWS\system32;C:\WINDOWS;C:\WINDOWS\System32\Wbem;C:\WINDOWS\System32\WindowsPowerShell\v1.0\;C:\WINDOWS\System32\OpenSSH\;C:\Program Files\Git\cmd;C:\MinGW\mingw32\bin;%JAVA_HOME%\bin;%MAVEN_HOME%\bin;C:\Program Files\apache-maven-3.8.9-bin\apache-maven-3.8.9\bin;C:\Program Files\nodejs\;C:\Program Files\MySQL\MySQL Shell 8.0\bin\;C:\Users\mishr\AppData\Local\Microsoft\WindowsApps;C:\Users\mishr\AppData\Local\Programs\Microsoft VS Code\bin;C:\Users\mishr\AppData\Roaming\Python\Python311\Scripts;C:\Users\mishr\AppData\Roaming\Python\Python311;C:\MinGW\bin;C:\MinGW\mingw32\bin;C:\Program Files\nodejs;C:\Program Files\MySQL\MySQL Server 8.0\bin;C:\Program Files\apache-maven-3.8.9-bin\apache-maven-3.8.9\bin;C:\Program Files\Java\jdk-21;C:\Users\mishr\AppData\Roaming\npm;C:\Users\mishr\Downloads\node-v22.18.0-x64.msi;C:\Program Files\JetBrains\IntelliJ IDEA 2025.3.1\bin
USERNAME=mishr
OS=Windows_NT
PROCESSOR_IDENTIFIER=AMD64 Family 23 Model 104 Stepping 1, AuthenticAMD
TMP=C:\Users\mishr\AppData\Local\Temp
TEMP=C:\Users\mishr\AppData\Local\Temp




Periodic native trim disabled

---------------  S Y S T E M  ---------------

OS:
 Windows 11 , 64 bit Build 26100 (10.0.26100.7705)
OS uptime: 4 days 14:44 hours
Hyper-V role detected

CPU: total 8 (initial active 8) (8 cores per cpu, 2 threads per core) family 23 model 104 stepping 1 microcode 0x8608103, cx8, cmov, fxsr, ht, mmx, 3dnowpref, sse, sse2, sse3, ssse3, sse4a, sse4.1, sse4.2, popcnt, lzcnt, tsc, tscinvbit, avx, avx2, aes, clmul, bmi1, bmi2, adx, sha, fma, vzeroupper, clflush, clflushopt, hv, rdtscp, rdpid, f16c
Processor Information for processor 0
  Max Mhz: 2600, Current Mhz: 1896, Mhz Limit: 2600
Processor Information for processor 1
  Max Mhz: 2600, Current Mhz: 1896, Mhz Limit: 2600
Processor Information for processor 2
  Max Mhz: 2600, Current Mhz: 1896, Mhz Limit: 2600
Processor Information for processor 3
  Max Mhz: 2600, Current Mhz: 1896, Mhz Limit: 2600
Processor Information for processor 4
  Max Mhz: 2600, Current Mhz: 1789, Mhz Limit: 2600
Processor Information for processor 5
  Max Mhz: 2600, Current Mhz: 1896, Mhz Limit: 2600
Processor Information for processor 6
  Max Mhz: 2600, Current Mhz: 1896, Mhz Limit: 2600
Processor Information for processor 7
  Max Mhz: 2600, Current Mhz: 1896, Mhz Limit: 2600

Memory: 4k page, system-wide physical 5966M (362M free)
TotalPageFile size 23406M (AvailPageFile size 0M)
current process WorkingSet (physical memory assigned to process): 122M, peak: 124M
current process commit charge ("private bytes"): 275M, peak: 276M

vm_info: OpenJDK 64-Bit Server VM (21.0.9+10-LTS) for windows-amd64 JRE (21.0.9+10-LTS), built on 2025-10-21T00:00:00Z by "admin" with unknown MS VC++:1942

END.
