#
# There is insufficient memory for the Java Runtime Environment to continue.
# Native memory allocation (malloc) failed to allocate 1048576 bytes. Error detail: AllocateHeap
# Possible reasons:
#   The system is out of physical RAM or swap space
#   This process is running with CompressedOops enabled, and the Java Heap may be blocking the growth of the native heap
# Possible solutions:
#   Reduce memory load on the system
#   Increase physical memory or swap space
#   Check if swap backing store is full
#   Decrease Java heap size (-Xmx/-Xms)
#   Decrease number of Java threads
#   Decrease Java thread stack sizes (-Xss)
#   Set larger code cache with -XX:ReservedCodeCacheSize=
#   JVM is running with Unscaled Compressed Oops mode in which the Java heap is
#     placed in the first 4GB address space. The Java Heap base address is the
#     maximum limit for the native heap growth. Please use -XX:HeapBaseMinAddress
#     to set the Java Heap base and to place the Java Heap above 4GB virtual address.
# This output file may be truncated or incomplete.
#
#  Out of Memory Error (allocation.cpp:44), pid=27992, tid=34204
#
# JRE version: OpenJDK Runtime Environment Temurin-21.0.9+10 (21.0.9+10) (build 21.0.9+10-LTS)
# Java VM: OpenJDK 64-Bit Server VM Temurin-21.0.9+10 (21.0.9+10-LTS, mixed mode, sharing, tiered, compressed oops, compressed class ptrs, parallel gc, windows-amd64)
# No core dump will be written. Minidumps are not enabled by default on client versions of Windows
#

---------------  S U M M A R Y ------------

Command Line: --add-modules=ALL-SYSTEM --add-opens=java.base/java.util=ALL-UNNAMED --add-opens=java.base/java.lang=ALL-UNNAMED --add-opens=java.base/sun.nio.fs=ALL-UNNAMED -Declipse.application=org.eclipse.jdt.ls.core.id1 -Dosgi.bundles.defaultStartLevel=4 -Declipse.product=org.eclipse.jdt.ls.core.product -Djava.import.generatesMetadataFilesAtProjectRoot=false -DDetectVMInstallationsJob.disabled=true -Dfile.encoding=utf8 -XX:+UseParallelGC -XX:GCTimeRatio=4 -XX:AdaptiveSizePolicyWeight=90 -Dsun.zip.disableMemoryMapping=true -Xmx2G -Xms100m -Xlog:disable -javaagent:c:\Users\mishr\.vscode\extensions\redhat.java-1.52.0-win32-x64\lombok\lombok-1.18.39-4050.jar -XX:+HeapDumpOnOutOfMemoryError -XX:HeapDumpPath=c:\Users\mishr\AppData\Roaming\Code\User\workspaceStorage\6f35ab0fbe508e1a556979e0005c2c23\redhat.java -Daether.dependencyCollector.impl=bf c:\Users\mishr\.vscode\extensions\redhat.java-1.52.0-win32-x64\server\plugins\org.eclipse.equinox.launcher_1.7.100.v20251111-0406.jar -configuration c:\Users\mishr\AppData\Roaming\Code\User\globalStorage\redhat.java\1.52.0\config_win -data c:\Users\mishr\AppData\Roaming\Code\User\workspaceStorage\6f35ab0fbe508e1a556979e0005c2c23\redhat.java\jdt_ws --pipe=\\.\pipe\lsp-fa03734214870fff0679aa3d2ab0ad5b-sock

Host: AMD Ryzen 3 5300U with Radeon Graphics         , 8 cores, 5G,  Windows 11 , 64 bit Build 26100 (10.0.26100.7705)
Time: Thu Feb  5 00:27:46 2026 India Standard Time elapsed time: 87473.203215 seconds (1d 0h 17m 53s)

---------------  T H R E A D  ---------------

Current thread (0x000001dcbcc35d70):  JavaThread "Attach Listener" daemon [_thread_in_vm, id=34204, stack(0x0000007e5d200000,0x0000007e5d300000) (1024K)]

Stack: [0x0000007e5d200000,0x0000007e5d300000]
Native frames: (J=compiled Java code, j=interpreted, Vv=VM code, C=native code)
V  [jvm.dll+0x6d6e29]
V  [jvm.dll+0x8b4b76]
V  [jvm.dll+0x8b712e]
V  [jvm.dll+0x8b7813]
V  [jvm.dll+0x283d86]
V  [jvm.dll+0xc1277]
V  [jvm.dll+0x6d76d9]
V  [jvm.dll+0x133466]
V  [jvm.dll+0x3f7ea6]
V  [jvm.dll+0x85e9ad]
V  [jvm.dll+0x6d565d]
C  [ucrtbase.dll+0x37b0]
C  [KERNEL32.DLL+0x2e8d7]
C  [ntdll.dll+0x8c40c]


---------------  P R O C E S S  ---------------

Threads class SMR info:
_java_thread_list=0x000001dd1e9c1bb0, length=52, elements={
0x000001dcbccc2e80, 0x000001dcbcc2e220, 0x000001dcbcc30650, 0x000001dcbcc35120,
0x000001dcbcc35d70, 0x000001dcbcc369c0, 0x000001dcbcc39420, 0x000001dcbcc3a250,
0x000001dd1a008120, 0x000001dd1a1bd040, 0x000001dd1a316bf0, 0x000001dd1a9b2dc0,
0x000001dd1ad80a80, 0x000001dd1a844eb0, 0x000001dd1a85ad00, 0x000001dd1aa381e0,
0x000001dd1b1d4290, 0x000001dd1a04bd80, 0x000001dd1a04a9d0, 0x000001dd1a04c410,
0x000001dd1cb6b920, 0x000001dd1cb6bfb0, 0x000001dd1cb6ac00, 0x000001dd1cb6c640,
0x000001dd1cb6ccd0, 0x000001dd1cb6d360, 0x000001dd1cb6a570, 0x000001dd1cb6e710,
0x000001dd1cb70150, 0x000001dd1cb6d9f0, 0x000001dd1cb6fac0, 0x000001dd1cb70e70,
0x000001dd1a04b6f0, 0x000001dd1b108630, 0x000001dd1b109350, 0x000001dd1b10a070,
0x000001dd1b10b420, 0x000001dd1b108cc0, 0x000001dd1b10e8a0, 0x000001dd1b10e210,
0x000001dd1b10fc50, 0x000001dd1b10ce60, 0x000001dd1b10ef30, 0x000001dd1b10c7d0,
0x000001dd1b25b060, 0x000001dd1b25caa0, 0x000001dd1b25eb70, 0x000001dd1b25ff20,
0x000001dd1b259cb0, 0x000001dd1b25bd80, 0x000001dd1b25d7c0, 0x000001dd1b25f890
}

Java Threads: ( => current thread )
  0x000001dcbccc2e80 JavaThread "main"                              [_thread_blocked, id=24040, stack(0x0000007e5cb00000,0x0000007e5cc00000) (1024K)]
  0x000001dcbcc2e220 JavaThread "Reference Handler"          daemon [_thread_blocked, id=21832, stack(0x0000007e5cf00000,0x0000007e5d000000) (1024K)]
  0x000001dcbcc30650 JavaThread "Finalizer"                  daemon [_thread_blocked, id=34564, stack(0x0000007e5d000000,0x0000007e5d100000) (1024K)]
  0x000001dcbcc35120 JavaThread "Signal Dispatcher"          daemon [_thread_blocked, id=696, stack(0x0000007e5d100000,0x0000007e5d200000) (1024K)]
=>0x000001dcbcc35d70 JavaThread "Attach Listener"            daemon [_thread_in_vm, id=34204, stack(0x0000007e5d200000,0x0000007e5d300000) (1024K)]
  0x000001dcbcc369c0 JavaThread "Service Thread"             daemon [_thread_blocked, id=21952, stack(0x0000007e5d300000,0x0000007e5d400000) (1024K)]
  0x000001dcbcc39420 JavaThread "Monitor Deflation Thread"   daemon [_thread_blocked, id=23520, stack(0x0000007e5d400000,0x0000007e5d500000) (1024K)]
  0x000001dcbcc3a250 JavaThread "C2 CompilerThread0"         daemon [_thread_blocked, id=30104, stack(0x0000007e5d500000,0x0000007e5d600000) (1024K)]
  0x000001dd1a008120 JavaThread "C1 CompilerThread0"         daemon [_thread_blocked, id=22764, stack(0x0000007e5d600000,0x0000007e5d700000) (1024K)]
  0x000001dd1a1bd040 JavaThread "Common-Cleaner"             daemon [_thread_blocked, id=32644, stack(0x0000007e5d700000,0x0000007e5d800000) (1024K)]
  0x000001dd1a316bf0 JavaThread "Notification Thread"        daemon [_thread_blocked, id=31948, stack(0x0000007e5d800000,0x0000007e5d900000) (1024K)]
  0x000001dd1a9b2dc0 JavaThread "Active Thread: Equinox Container: ac9d87d3-f505-4989-b0ef-3b8b73f7dab4"        [_thread_blocked, id=22704, stack(0x0000007e5df00000,0x0000007e5e000000) (1024K)]
  0x000001dd1ad80a80 JavaThread "Refresh Thread: Equinox Container: ac9d87d3-f505-4989-b0ef-3b8b73f7dab4" daemon [_thread_blocked, id=11824, stack(0x0000007e5e100000,0x0000007e5e200000) (1024K)]
  0x000001dd1a844eb0 JavaThread "Framework Event Dispatcher: Equinox Container: ac9d87d3-f505-4989-b0ef-3b8b73f7dab4" daemon [_thread_blocked, id=32512, stack(0x0000007e5e200000,0x0000007e5e300000) (1024K)]
  0x000001dd1a85ad00 JavaThread "Start Level: Equinox Container: ac9d87d3-f505-4989-b0ef-3b8b73f7dab4" daemon [_thread_blocked, id=34228, stack(0x0000007e5e300000,0x0000007e5e400000) (1024K)]
  0x000001dd1aa381e0 JavaThread "Bundle File Closer"         daemon [_thread_blocked, id=33008, stack(0x0000007e5e500000,0x0000007e5e600000) (1024K)]
  0x000001dd1b1d4290 JavaThread "SCR Component Actor"        daemon [_thread_blocked, id=30496, stack(0x0000007e5e400000,0x0000007e5e500000) (1024K)]
  0x000001dd1a04bd80 JavaThread "Worker-JM"                         [_thread_blocked, id=22728, stack(0x0000007e5e600000,0x0000007e5e700000) (1024K)]
  0x000001dd1a04a9d0 JavaThread "JNA Cleaner"                daemon [_thread_blocked, id=20680, stack(0x0000007e5e700000,0x0000007e5e800000) (1024K)]
  0x000001dd1a04c410 JavaThread "Java indexing"              daemon [_thread_blocked, id=13740, stack(0x0000007e5ee00000,0x0000007e5ef00000) (1024K)]
  0x000001dd1cb6b920 JavaThread "Thread-1"                   daemon [_thread_in_native, id=22856, stack(0x0000007e5f300000,0x0000007e5f400000) (1024K)]
  0x000001dd1cb6bfb0 JavaThread "Thread-2"                   daemon [_thread_in_native, id=27264, stack(0x0000007e5f400000,0x0000007e5f500000) (1024K)]
  0x000001dd1cb6ac00 JavaThread "Thread-3"                   daemon [_thread_in_native, id=34028, stack(0x0000007e5f500000,0x0000007e5f600000) (1024K)]
  0x000001dd1cb6c640 JavaThread "Thread-4"                   daemon [_thread_in_native, id=21228, stack(0x0000007e5f600000,0x0000007e5f700000) (1024K)]
  0x000001dd1cb6ccd0 JavaThread "Thread-5"                   daemon [_thread_in_native, id=624, stack(0x0000007e5f700000,0x0000007e5f800000) (1024K)]
  0x000001dd1cb6d360 JavaThread "Thread-6"                   daemon [_thread_in_native, id=3104, stack(0x0000007e5f800000,0x0000007e5f900000) (1024K)]
  0x000001dd1cb6a570 JavaThread "Thread-7"                   daemon [_thread_in_native, id=28932, stack(0x0000007e5f900000,0x0000007e5fa00000) (1024K)]
  0x000001dd1cb6e710 JavaThread "Thread-8"                   daemon [_thread_in_native, id=3784, stack(0x0000007e5fa00000,0x0000007e5fb00000) (1024K)]
  0x000001dd1cb70150 JavaThread "Thread-9"                   daemon [_thread_in_native, id=20524, stack(0x0000007e5fb00000,0x0000007e5fc00000) (1024K)]
  0x000001dd1cb6d9f0 JavaThread "pool-2-thread-1"                   [_thread_blocked, id=26116, stack(0x0000007e5fc00000,0x0000007e5fd00000) (1024K)]
  0x000001dd1cb6fac0 JavaThread "WorkspaceEventsHandler"            [_thread_blocked, id=31016, stack(0x0000007e5fd00000,0x0000007e5fe00000) (1024K)]
  0x000001dd1cb70e70 JavaThread "pool-1-thread-1"                   [_thread_blocked, id=26164, stack(0x0000007e5fe00000,0x0000007e5ff00000) (1024K)]
  0x000001dd1a04b6f0 JavaThread "Cleaner-0"                  daemon [_thread_blocked, id=11860, stack(0x0000007e5ed00000,0x0000007e5ee00000) (1024K)]
  0x000001dd1b108630 JavaThread "Worker-37"                         [_thread_blocked, id=35196, stack(0x0000007e5e800000,0x0000007e5e900000) (1024K)]
  0x000001dd1b109350 JavaThread "ForkJoinPool.commonPool-worker-79" daemon [_thread_blocked, id=6292, stack(0x0000007e5c900000,0x0000007e5ca00000) (1024K)]
  0x000001dd1b10a070 JavaThread "ForkJoinPool.commonPool-worker-80" daemon [_thread_blocked, id=25996, stack(0x0000007e5ca00000,0x0000007e5cb00000) (1024K)]
  0x000001dd1b10b420 JavaThread "ForkJoinPool.commonPool-worker-81" daemon [_thread_blocked, id=28568, stack(0x0000007e5e900000,0x0000007e5ea00000) (1024K)]
  0x000001dd1b108cc0 JavaThread "ForkJoinPool.commonPool-worker-82" daemon [_thread_blocked, id=20100, stack(0x0000007e5ea00000,0x0000007e5eb00000) (1024K)]
  0x000001dd1b10e8a0 JavaThread "ForkJoinPool.commonPool-worker-83" daemon [_thread_blocked, id=27612, stack(0x0000007e5eb00000,0x0000007e5ec00000) (1024K)]
  0x000001dd1b10e210 JavaThread "LocalFile Deleter"          daemon [_thread_blocked, id=36016, stack(0x0000007e5ec00000,0x0000007e5ed00000) (1024K)]
  0x000001dd1b10fc50 JavaThread "LocalFile Deleter"          daemon [_thread_blocked, id=33120, stack(0x0000007e5ef00000,0x0000007e5f000000) (1024K)]
  0x000001dd1b10ce60 JavaThread "LocalFile Deleter"          daemon [_thread_blocked, id=35440, stack(0x0000007e5f000000,0x0000007e5f100000) (1024K)]
  0x000001dd1b10ef30 JavaThread "LocalFile Deleter"          daemon [_thread_blocked, id=37800, stack(0x0000007e5f100000,0x0000007e5f200000) (1024K)]
  0x000001dd1b10c7d0 JavaThread "LocalFile Deleter"          daemon [_thread_blocked, id=15216, stack(0x0000007e5f200000,0x0000007e5f300000) (1024K)]
  0x000001dd1b25b060 JavaThread "LocalFile Deleter"          daemon [_thread_blocked, id=33340, stack(0x0000007e5ff00000,0x0000007e60000000) (1024K)]
  0x000001dd1b25caa0 JavaThread "LocalFile Deleter"          daemon [_thread_blocked, id=23004, stack(0x0000007e60100000,0x0000007e60200000) (1024K)]
  0x000001dd1b25eb70 JavaThread "Worker-40"                         [_thread_blocked, id=34936, stack(0x0000007e60300000,0x0000007e60400000) (1024K)]
  0x000001dd1b25ff20 JavaThread "ForkJoinPool.commonPool-worker-84" daemon [_thread_blocked, id=34364, stack(0x0000007e60600000,0x0000007e60700000) (1024K)]
  0x000001dd1b259cb0 JavaThread "ForkJoinPool.commonPool-worker-85" daemon [_thread_blocked, id=14740, stack(0x0000007e5c800000,0x0000007e5c900000) (1024K)]
  0x000001dd1b25bd80 JavaThread "Worker-42"                         [_thread_blocked, id=31192, stack(0x0000007e60000000,0x0000007e60100000) (1024K)]
  0x000001dd1b25d7c0 JavaThread "LocalFile Deleter"          daemon [_thread_blocked, id=32272, stack(0x0000007e60200000,0x0000007e60300000) (1024K)]
  0x000001dd1b25f890 JavaThread "Worker-43"                         [_thread_blocked, id=24740, stack(0x0000007e60400000,0x0000007e60500000) (1024K)]
Total: 52

Other Threads:
  0x000001dcbaa2ea50 VMThread "VM Thread"                           [id=17192, stack(0x0000007e5ce00000,0x0000007e5cf00000) (1024K)] _threads_hazard_ptr=0x000001dd1e9c1bb0
  0x000001dcbcb4ba00 WatcherThread "VM Periodic Task Thread"        [id=6904, stack(0x0000007e5cd00000,0x0000007e5ce00000) (1024K)]
  0x000001dcbcce22f0 WorkerThread "GC Thread#0"                     [id=27240, stack(0x0000007e5cc00000,0x0000007e5cd00000) (1024K)]
  0x000001dd1a553370 WorkerThread "GC Thread#1"                     [id=34188, stack(0x0000007e5d900000,0x0000007e5da00000) (1024K)]
  0x000001dd1a4f5f60 WorkerThread "GC Thread#2"                     [id=25788, stack(0x0000007e5da00000,0x0000007e5db00000) (1024K)]
  0x000001dd1a391ac0 WorkerThread "GC Thread#3"                     [id=33408, stack(0x0000007e5db00000,0x0000007e5dc00000) (1024K)]
  0x000001dd1a58ddf0 WorkerThread "GC Thread#4"                     [id=10168, stack(0x0000007e5dc00000,0x0000007e5dd00000) (1024K)]
  0x000001dd1a94f1c0 WorkerThread "GC Thread#5"                     [id=33044, stack(0x0000007e5dd00000,0x0000007e5de00000) (1024K)]
  0x000001dd1a94e6e0 WorkerThread "GC Thread#6"                     [id=14024, stack(0x0000007e5de00000,0x0000007e5df00000) (1024K)]
  0x000001dd1a94dfa0 WorkerThread "GC Thread#7"                     [id=34392, stack(0x0000007e5e000000,0x0000007e5e100000) (1024K)]
Total: 10

Threads with active compile tasks:
Total: 0

VM state: synchronizing (normal execution)

VM Mutex/Monitor currently owned by a thread:  ([mutex/lock_event])
[0x00007ffb4b1ed570] Threads_lock - owner thread: 0x000001dcbaa2ea50
[0x00007ffb4b1ed670] Heap_lock - owner thread: 0x000001dd1a04c410

Heap address: 0x0000000080000000, size: 2048 MB, Compressed Oops mode: 32-bit

CDS archive(s) mapped at: [0x000001dcd4000000-0x000001dcd4ba0000-0x000001dcd4ba0000), size 12189696, SharedBaseAddress: 0x000001dcd4000000, ArchiveRelocationMode: 1.
Compressed class space mapped at: 0x000001dcd5000000-0x000001dd15000000, reserved size: 1073741824
Narrow klass base: 0x000001dcd4000000, Narrow klass shift: 0, Narrow klass range: 0x100000000

GC Precious Log:
 CardTable entry size: 512
 CPUs: 8 total, 8 available
 Memory: 5966M
 Large Page Support: Disabled
 NUMA Support: Disabled
 Compressed Oops: Enabled (32-bit)
 Alignments: Space 512K, Generation 512K, Heap 2M
 Heap Min Capacity: 100M
 Heap Initial Capacity: 100M
 Heap Max Capacity: 2G
 Pre-touch: Disabled
 Parallel Workers: 8

Heap:
 PSYoungGen      total 2560K, used 2541K [0x00000000d5580000, 0x00000000d5980000, 0x0000000100000000)
  eden space 1536K, 100% used [0x00000000d5580000,0x00000000d5700000,0x00000000d5700000)
  from space 1024K, 98% used [0x00000000d5780000,0x00000000d587b600,0x00000000d5880000)
  to   space 1024K, 0% used [0x00000000d5880000,0x00000000d5880000,0x00000000d5980000)
 ParOldGen       total 1266176K, used 1265728K [0x0000000080000000, 0x00000000cd480000, 0x00000000d5580000)
  object space 1266176K, 99% used [0x0000000080000000,0x00000000cd4103b0,0x00000000cd480000)
 Metaspace       used 91117K, committed 92672K, reserved 1179648K
  class space    used 9040K, committed 9792K, reserved 1048576K

Card table byte_map: [0x000001dcbc660000,0x000001dcbca70000] _byte_map_base: 0x000001dcbc260000

Marking Bits: (ParMarkBitMap*) 0x00007ffb4b1f2460
 Begin Bits: [0x000001dccf170000, 0x000001dcd1170000)
 End Bits:   [0x000001dcd1170000, 0x000001dcd3170000)

Polling page: 0x000001dcbae60000

Metaspace:

Usage:
  Non-class:     80.15 MB used.
      Class:      8.83 MB used.
       Both:     88.98 MB used.

Virtual space:
  Non-class space:      128.00 MB reserved,      80.94 MB ( 63%) committed,  2 nodes.
      Class space:        1.00 GB reserved,       9.56 MB ( <1%) committed,  1 nodes.
             Both:        1.12 GB reserved,      90.50 MB (  8%) committed. 

Chunk freelists:
   Non-Class:  14.30 MB
       Class:  6.41 MB
        Both:  20.71 MB

MaxMetaspaceSize: unlimited
CompressedClassSpaceSize: 1.00 GB
Initial GC threshold: 21.00 MB
Current GC threshold: 150.44 MB
CDS: on
 - commit_granule_bytes: 65536.
 - commit_granule_words: 8192.
 - virtual_space_node_default_size: 8388608.
 - enlarge_chunks_in_place: 1.
 - use_allocation_guard: 0.


Internal statistics:

num_allocs_failed_limit: 15.
num_arena_births: 1694.
num_arena_deaths: 410.
num_vsnodes_births: 3.
num_vsnodes_deaths: 0.
num_space_committed: 1448.
num_space_uncommitted: 0.
num_chunks_returned_to_freelist: 475.
num_chunks_taken_from_freelist: 6326.
num_chunk_merges: 126.
num_chunk_splits: 3655.
num_chunks_enlarged: 2035.
num_inconsistent_stats: 0.

CodeHeap 'non-profiled nmethods': size=120000Kb used=19847Kb max_used=20325Kb free=100152Kb
 bounds [0x000001dcc7990000, 0x000001dcc8d70000, 0x000001dcceec0000]
CodeHeap 'profiled nmethods': size=120000Kb used=37032Kb max_used=45696Kb free=82967Kb
 bounds [0x000001dcbfec0000, 0x000001dcc2b60000, 0x000001dcc73f0000]
CodeHeap 'non-nmethods': size=5760Kb used=1518Kb max_used=1577Kb free=4241Kb
 bounds [0x000001dcc73f0000, 0x000001dcc7660000, 0x000001dcc7990000]
CodeCache: size=245760Kb, used=58397Kb, max_used=67598Kb, free=187360Kb
 total_blobs=16682, nmethods=15848, adapters=736, full_count=0
Compilation: enabled, stopped_count=0, restarted_count=0

Compilation events (20 events):
Event: 87460.292 Thread 0x000001dcbcc3a250 23853       4       org.eclipse.core.runtime.jobs.Job::setThread (6 bytes)
Event: 87460.293 Thread 0x000001dcbcc3a250 nmethod 23853 0x000001dcc8300a90 code [0x000001dcc8300c20, 0x000001dcc8300cc8]
Event: 87460.310 Thread 0x000001dcbcc3a250 23854       4       org.eclipse.jdt.core.dom.ASTConverter::convert (708 bytes)
Event: 87460.405 Thread 0x000001dcbcc3a250 nmethod 23854 0x000001dcc7f24b90 code [0x000001dcc7f24fe0, 0x000001dcc7f27120]
Event: 87461.290 Thread 0x000001dd1a008120 23855       3       org.eclipse.jdt.internal.core.search.indexing.IndexingParser::<init> (67 bytes)
Event: 87461.296 Thread 0x000001dd1a008120 nmethod 23855 0x000001dcc1abf590 code [0x000001dcc1abf7e0, 0x000001dcc1ac0210]
Event: 87461.296 Thread 0x000001dd1a008120 23856       3       org.eclipse.core.filebuffers.FileBuffers::normalizeLocation (56 bytes)
Event: 87461.301 Thread 0x000001dd1a008120 nmethod 23856 0x000001dcc24c7190 code [0x000001dcc24c7440, 0x000001dcc24c8398]
Event: 87461.301 Thread 0x000001dd1a008120 23857       3       org.eclipse.core.internal.resources.Container::exists (26 bytes)
Event: 87461.303 Thread 0x000001dd1a008120 nmethod 23857 0x000001dcc136ce90 code [0x000001dcc136d060, 0x000001dcc136d358]
Event: 87461.303 Thread 0x000001dd1a008120 23858       3       org.eclipse.jface.text.AbstractDocument::removePositionCategory (45 bytes)
Event: 87461.304 Thread 0x000001dd1a008120 nmethod 23858 0x000001dcc0d58d10 code [0x000001dcc0d58f00, 0x000001dcc0d593f0]
Event: 87462.378 Thread 0x000001dcbcc3a250 23859       4       org.eclipse.jdt.internal.compiler.lookup.BlockScope::problemReporter (8 bytes)
Event: 87462.391 Thread 0x000001dcbcc3a250 nmethod 23859 0x000001dcc8300610 code [0x000001dcc83007c0, 0x000001dcc8300928]
Event: 87463.763 Thread 0x000001dcbcc3a250 23860   !   4       org.eclipse.jdt.internal.compiler.ast.BinaryExpression::analyseCode (153 bytes)
Event: 87463.776 Thread 0x000001dcbcc3a250 nmethod 23860 0x000001dcc7f23d90 code [0x000001dcc7f23fc0, 0x000001dcc7f24570]
Event: 87464.555 Thread 0x000001dcbcc3a250 23861       4       org.eclipse.jdt.internal.compiler.parser.Parser::consumeInternalCompilationUnitWithPotentialImplicitlyDeclaredClass (437 bytes)
Event: 87464.582 Thread 0x000001dcbcc3a250 nmethod 23861 0x000001dcc7f22e10 code [0x000001dcc7f22fe0, 0x000001dcc7f236c0]
Event: 87465.442 Thread 0x000001dcbcc3a250 23862       4       org.eclipse.jdt.internal.compiler.codegen.CodeStream::generateInlinedValue (138 bytes)
Event: 87465.455 Thread 0x000001dcbcc3a250 nmethod 23862 0x000001dcc7f21c90 code [0x000001dcc7f21ec0, 0x000001dcc7f228b0]

GC Heap History (20 events):
Event: 87467.090 GC heap before
{Heap before GC invocations=7078 (full 7):
 PSYoungGen      total 3584K, used 2783K [0x00000000d5580000, 0x00000000d5980000, 0x0000000100000000)
  eden space 2560K, 99% used [0x00000000d5580000,0x00000000d57ffff0,0x00000000d5800000)
  from space 1024K, 21% used [0x00000000d5800000,0x00000000d5838000,0x00000000d5900000)
  to   space 512K, 0% used [0x00000000d5900000,0x00000000d5900000,0x00000000d5980000)
 ParOldGen       total 1257984K, used 1257907K [0x0000000080000000, 0x00000000ccc80000, 0x00000000d5580000)
  object space 1257984K, 99% used [0x0000000080000000,0x00000000ccc6ce90,0x00000000ccc80000)
 Metaspace       used 91117K, committed 92672K, reserved 1179648K
  class space    used 9040K, committed 9792K, reserved 1048576K
}
Event: 87467.094 GC heap after
{Heap after GC invocations=7078 (full 7):
 PSYoungGen      total 3072K, used 272K [0x00000000d5580000, 0x00000000d5980000, 0x0000000100000000)
  eden space 2560K, 0% used [0x00000000d5580000,0x00000000d5580000,0x00000000d5800000)
  from space 512K, 53% used [0x00000000d5900000,0x00000000d5944010,0x00000000d5980000)
  to   space 512K, 0% used [0x00000000d5880000,0x00000000d5880000,0x00000000d5900000)
 ParOldGen       total 1257984K, used 1257963K [0x0000000080000000, 0x00000000ccc80000, 0x00000000d5580000)
  object space 1257984K, 99% used [0x0000000080000000,0x00000000ccc7ae90,0x00000000ccc80000)
 Metaspace       used 91117K, committed 92672K, reserved 1179648K
  class space    used 9040K, committed 9792K, reserved 1048576K
}
Event: 87467.954 GC heap before
{Heap before GC invocations=7079 (full 7):
 PSYoungGen      total 3072K, used 2832K [0x00000000d5580000, 0x00000000d5980000, 0x0000000100000000)
  eden space 2560K, 100% used [0x00000000d5580000,0x00000000d5800000,0x00000000d5800000)
  from space 512K, 53% used [0x00000000d5900000,0x00000000d5944010,0x00000000d5980000)
  to   space 512K, 0% used [0x00000000d5880000,0x00000000d5880000,0x00000000d5900000)
 ParOldGen       total 1257984K, used 1257963K [0x0000000080000000, 0x00000000ccc80000, 0x00000000d5580000)
  object space 1257984K, 99% used [0x0000000080000000,0x00000000ccc7ae90,0x00000000ccc80000)
 Metaspace       used 91117K, committed 92672K, reserved 1179648K
  class space    used 9040K, committed 9792K, reserved 1048576K
}
Event: 87467.960 GC heap after
{Heap after GC invocations=7079 (full 7):
 PSYoungGen      total 3072K, used 499K [0x00000000d5580000, 0x00000000d5b00000, 0x0000000100000000)
  eden space 2560K, 0% used [0x00000000d5580000,0x00000000d5580000,0x00000000d5800000)
  from space 512K, 97% used [0x00000000d5880000,0x00000000d58fce80,0x00000000d5900000)
  to   space 1536K, 0% used [0x00000000d5980000,0x00000000d5980000,0x00000000d5b00000)
 ParOldGen       total 1259008K, used 1258767K [0x0000000080000000, 0x00000000ccd80000, 0x00000000d5580000)
  object space 1259008K, 99% used [0x0000000080000000,0x00000000ccd43d10,0x00000000ccd80000)
 Metaspace       used 91117K, committed 92672K, reserved 1179648K
  class space    used 9040K, committed 9792K, reserved 1048576K
}
Event: 87467.970 GC heap before
{Heap before GC invocations=7080 (full 7):
 PSYoungGen      total 3072K, used 3059K [0x00000000d5580000, 0x00000000d5b00000, 0x0000000100000000)
  eden space 2560K, 100% used [0x00000000d5580000,0x00000000d5800000,0x00000000d5800000)
  from space 512K, 97% used [0x00000000d5880000,0x00000000d58fce80,0x00000000d5900000)
  to   space 1536K, 0% used [0x00000000d5980000,0x00000000d5980000,0x00000000d5b00000)
 ParOldGen       total 1259008K, used 1258767K [0x0000000080000000, 0x00000000ccd80000, 0x00000000d5580000)
  object space 1259008K, 99% used [0x0000000080000000,0x00000000ccd43d10,0x00000000ccd80000)
 Metaspace       used 91117K, committed 92672K, reserved 1179648K
  class space    used 9040K, committed 9792K, reserved 1048576K
}
Event: 87468.977 GC heap after
{Heap after GC invocations=7080 (full 7):
 PSYoungGen      total 2048K, used 1536K [0x00000000d5580000, 0x00000000d5f00000, 0x0000000100000000)
  eden space 512K, 0% used [0x00000000d5580000,0x00000000d5580000,0x00000000d5600000)
  from space 1536K, 100% used [0x00000000d5980000,0x00000000d5b00000,0x00000000d5b00000)
  to   space 3584K, 0% used [0x00000000d5600000,0x00000000d5600000,0x00000000d5980000)
 ParOldGen       total 1260544K, used 1260242K [0x0000000080000000, 0x00000000ccf00000, 0x00000000d5580000)
  object space 1260544K, 99% used [0x0000000080000000,0x00000000cceb4bb0,0x00000000ccf00000)
 Metaspace       used 91117K, committed 92672K, reserved 1179648K
  class space    used 9040K, committed 9792K, reserved 1048576K
}
Event: 87468.983 GC heap before
{Heap before GC invocations=7081 (full 7):
 PSYoungGen      total 2048K, used 2047K [0x00000000d5580000, 0x00000000d5f00000, 0x0000000100000000)
  eden space 512K, 99% used [0x00000000d5580000,0x00000000d55fffd0,0x00000000d5600000)
  from space 1536K, 100% used [0x00000000d5980000,0x00000000d5b00000,0x00000000d5b00000)
  to   space 3584K, 0% used [0x00000000d5600000,0x00000000d5600000,0x00000000d5980000)
 ParOldGen       total 1260544K, used 1260242K [0x0000000080000000, 0x00000000ccf00000, 0x00000000d5580000)
  object space 1260544K, 99% used [0x0000000080000000,0x00000000cceb4bb0,0x00000000ccf00000)
 Metaspace       used 91117K, committed 92672K, reserved 1179648K
  class space    used 9040K, committed 9792K, reserved 1048576K
}
Event: 87468.994 GC heap after
{Heap after GC invocations=7081 (full 7):
 PSYoungGen      total 1536K, used 608K [0x00000000d5580000, 0x00000000d5a00000, 0x0000000100000000)
  eden space 512K, 0% used [0x00000000d5580000,0x00000000d5580000,0x00000000d5600000)
  from space 1024K, 59% used [0x00000000d5600000,0x00000000d5698000,0x00000000d5700000)
  to   space 1536K, 0% used [0x00000000d5880000,0x00000000d5880000,0x00000000d5a00000)
 ParOldGen       total 1262080K, used 1261810K [0x0000000080000000, 0x00000000cd080000, 0x00000000d5580000)
  object space 1262080K, 99% used [0x0000000080000000,0x00000000cd03cbb0,0x00000000cd080000)
 Metaspace       used 91117K, committed 92672K, reserved 1179648K
  class space    used 9040K, committed 9792K, reserved 1048576K
}
Event: 87469.000 GC heap before
{Heap before GC invocations=7082 (full 7):
 PSYoungGen      total 1536K, used 1120K [0x00000000d5580000, 0x00000000d5a00000, 0x0000000100000000)
  eden space 512K, 100% used [0x00000000d5580000,0x00000000d5600000,0x00000000d5600000)
  from space 1024K, 59% used [0x00000000d5600000,0x00000000d5698000,0x00000000d5700000)
  to   space 1536K, 0% used [0x00000000d5880000,0x00000000d5880000,0x00000000d5a00000)
 ParOldGen       total 1262080K, used 1261810K [0x0000000080000000, 0x00000000cd080000, 0x00000000d5580000)
  object space 1262080K, 99% used [0x0000000080000000,0x00000000cd03cbb0,0x00000000cd080000)
 Metaspace       used 91117K, committed 92672K, reserved 1179648K
  class space    used 9040K, committed 9792K, reserved 1048576K
}
Event: 87469.007 GC heap after
{Heap after GC invocations=7082 (full 7):
 PSYoungGen      total 1536K, used 640K [0x00000000d5580000, 0x00000000d5980000, 0x0000000100000000)
  eden space 512K, 0% used [0x00000000d5580000,0x00000000d5580000,0x00000000d5600000)
  from space 1024K, 62% used [0x00000000d5880000,0x00000000d5920000,0x00000000d5980000)
  to   space 1024K, 0% used [0x00000000d5600000,0x00000000d5600000,0x00000000d5700000)
 ParOldGen       total 1262592K, used 1262314K [0x0000000080000000, 0x00000000cd100000, 0x00000000d5580000)
  object space 1262592K, 99% used [0x0000000080000000,0x00000000cd0babb0,0x00000000cd100000)
 Metaspace       used 91117K, committed 92672K, reserved 1179648K
  class space    used 9040K, committed 9792K, reserved 1048576K
}
Event: 87469.013 GC heap before
{Heap before GC invocations=7083 (full 7):
 PSYoungGen      total 1536K, used 1152K [0x00000000d5580000, 0x00000000d5980000, 0x0000000100000000)
  eden space 512K, 100% used [0x00000000d5580000,0x00000000d5600000,0x00000000d5600000)
  from space 1024K, 62% used [0x00000000d5880000,0x00000000d5920000,0x00000000d5980000)
  to   space 1024K, 0% used [0x00000000d5600000,0x00000000d5600000,0x00000000d5700000)
 ParOldGen       total 1262592K, used 1262314K [0x0000000080000000, 0x00000000cd100000, 0x00000000d5580000)
  object space 1262592K, 99% used [0x0000000080000000,0x00000000cd0babb0,0x00000000cd100000)
 Metaspace       used 91117K, committed 92672K, reserved 1179648K
  class space    used 9040K, committed 9792K, reserved 1048576K
}
Event: 87469.018 GC heap after
{Heap after GC invocations=7083 (full 7):
 PSYoungGen      total 1536K, used 608K [0x00000000d5580000, 0x00000000d5900000, 0x0000000100000000)
  eden space 512K, 0% used [0x00000000d5580000,0x00000000d5580000,0x00000000d5600000)
  from space 1024K, 59% used [0x00000000d5600000,0x00000000d5698000,0x00000000d5700000)
  to   space 1024K, 0% used [0x00000000d5800000,0x00000000d5800000,0x00000000d5900000)
 ParOldGen       total 1263104K, used 1262826K [0x0000000080000000, 0x00000000cd180000, 0x00000000d5580000)
  object space 1263104K, 99% used [0x0000000080000000,0x00000000cd13abb0,0x00000000cd180000)
 Metaspace       used 91117K, committed 92672K, reserved 1179648K
  class space    used 9040K, committed 9792K, reserved 1048576K
}
Event: 87469.027 GC heap before
{Heap before GC invocations=7084 (full 7):
 PSYoungGen      total 1536K, used 1120K [0x00000000d5580000, 0x00000000d5900000, 0x0000000100000000)
  eden space 512K, 100% used [0x00000000d5580000,0x00000000d5600000,0x00000000d5600000)
  from space 1024K, 59% used [0x00000000d5600000,0x00000000d5698000,0x00000000d5700000)
  to   space 1024K, 0% used [0x00000000d5800000,0x00000000d5800000,0x00000000d5900000)
 ParOldGen       total 1263104K, used 1262826K [0x0000000080000000, 0x00000000cd180000, 0x00000000d5580000)
  object space 1263104K, 99% used [0x0000000080000000,0x00000000cd13abb0,0x00000000cd180000)
 Metaspace       used 91117K, committed 92672K, reserved 1179648K
  class space    used 9040K, committed 9792K, reserved 1048576K
}
Event: 87469.034 GC heap after
{Heap after GC invocations=7084 (full 7):
 PSYoungGen      total 1536K, used 497K [0x00000000d5580000, 0x00000000d5880000, 0x0000000100000000)
  eden space 1024K, 0% used [0x00000000d5580000,0x00000000d5580000,0x00000000d5680000)
  from space 512K, 97% used [0x00000000d5800000,0x00000000d587c700,0x00000000d5880000)
  to   space 1024K, 0% used [0x00000000d5680000,0x00000000d5680000,0x00000000d5780000)
 ParOldGen       total 1263616K, used 1263330K [0x0000000080000000, 0x00000000cd200000, 0x00000000d5580000)
  object space 1263616K, 99% used [0x0000000080000000,0x00000000cd1b8bb0,0x00000000cd200000)
 Metaspace       used 91117K, committed 92672K, reserved 1179648K
  class space    used 9040K, committed 9792K, reserved 1048576K
}
Event: 87469.051 GC heap before
{Heap before GC invocations=7085 (full 7):
 PSYoungGen      total 1536K, used 1521K [0x00000000d5580000, 0x00000000d5880000, 0x0000000100000000)
  eden space 1024K, 100% used [0x00000000d5580000,0x00000000d5680000,0x00000000d5680000)
  from space 512K, 97% used [0x00000000d5800000,0x00000000d587c700,0x00000000d5880000)
  to   space 1024K, 0% used [0x00000000d5680000,0x00000000d5680000,0x00000000d5780000)
 ParOldGen       total 1263616K, used 1263330K [0x0000000080000000, 0x00000000cd200000, 0x00000000d5580000)
  object space 1263616K, 99% used [0x0000000080000000,0x00000000cd1b8bb0,0x00000000cd200000)
 Metaspace       used 91117K, committed 92672K, reserved 1179648K
  class space    used 9040K, committed 9792K, reserved 1048576K
}
Event: 87469.057 GC heap after
{Heap after GC invocations=7085 (full 7):
 PSYoungGen      total 2048K, used 967K [0x00000000d5580000, 0x00000000d5a00000, 0x0000000100000000)
  eden space 1024K, 0% used [0x00000000d5580000,0x00000000d5580000,0x00000000d5680000)
  from space 1024K, 94% used [0x00000000d5680000,0x00000000d5771c00,0x00000000d5780000)
  to   space 1536K, 0% used [0x00000000d5880000,0x00000000d5880000,0x00000000d5a00000)
 ParOldGen       total 1264128K, used 1263618K [0x0000000080000000, 0x00000000cd280000, 0x00000000d5580000)
  object space 1264128K, 99% used [0x0000000080000000,0x00000000cd200bb0,0x00000000cd280000)
 Metaspace       used 91117K, committed 92672K, reserved 1179648K
  class space    used 9040K, committed 9792K, reserved 1048576K
}
Event: 87469.067 GC heap before
{Heap before GC invocations=7086 (full 7):
 PSYoungGen      total 2048K, used 1719K [0x00000000d5580000, 0x00000000d5a00000, 0x0000000100000000)
  eden space 1024K, 73% used [0x00000000d5580000,0x00000000d563c318,0x00000000d5680000)
  from space 1024K, 94% used [0x00000000d5680000,0x00000000d5771c00,0x00000000d5780000)
  to   space 1536K, 0% used [0x00000000d5880000,0x00000000d5880000,0x00000000d5a00000)
 ParOldGen       total 1264128K, used 1263618K [0x0000000080000000, 0x00000000cd280000, 0x00000000d5580000)
  object space 1264128K, 99% used [0x0000000080000000,0x00000000cd200bb0,0x00000000cd280000)
 Metaspace       used 91117K, committed 92672K, reserved 1179648K
  class space    used 9040K, committed 9792K, reserved 1048576K
}
Event: 87469.075 GC heap after
{Heap after GC invocations=7086 (full 7):
 PSYoungGen      total 2560K, used 871K [0x00000000d5580000, 0x00000000d5980000, 0x0000000100000000)
  eden space 1536K, 0% used [0x00000000d5580000,0x00000000d5580000,0x00000000d5700000)
  from space 1024K, 85% used [0x00000000d5880000,0x00000000d5959c00,0x00000000d5980000)
  to   space 1024K, 0% used [0x00000000d5780000,0x00000000d5780000,0x00000000d5880000)
 ParOldGen       total 1264640K, used 1264433K [0x0000000080000000, 0x00000000cd300000, 0x00000000d5580000)
  object space 1264640K, 99% used [0x0000000080000000,0x00000000cd2cc7b0,0x00000000cd300000)
 Metaspace       used 91117K, committed 92672K, reserved 1179648K
  class space    used 9040K, committed 9792K, reserved 1048576K
}
Event: 87469.143 GC heap before
{Heap before GC invocations=7087 (full 7):
 PSYoungGen      total 2560K, used 2407K [0x00000000d5580000, 0x00000000d5980000, 0x0000000100000000)
  eden space 1536K, 100% used [0x00000000d5580000,0x00000000d5700000,0x00000000d5700000)
  from space 1024K, 85% used [0x00000000d5880000,0x00000000d5959c00,0x00000000d5980000)
  to   space 1024K, 0% used [0x00000000d5780000,0x00000000d5780000,0x00000000d5880000)
 ParOldGen       total 1264640K, used 1264433K [0x0000000080000000, 0x00000000cd300000, 0x00000000d5580000)
  object space 1264640K, 99% used [0x0000000080000000,0x00000000cd2cc7b0,0x00000000cd300000)
 Metaspace       used 91117K, committed 92672K, reserved 1179648K
  class space    used 9040K, committed 9792K, reserved 1048576K
}
Event: 87472.177 GC heap after
{Heap after GC invocations=7087 (full 7):
 PSYoungGen      total 2560K, used 1005K [0x00000000d5580000, 0x00000000d5980000, 0x0000000100000000)
  eden space 1536K, 0% used [0x00000000d5580000,0x00000000d5580000,0x00000000d5700000)
  from space 1024K, 98% used [0x00000000d5780000,0x00000000d587b600,0x00000000d5880000)
  to   space 1024K, 0% used [0x00000000d5880000,0x00000000d5880000,0x00000000d5980000)
 ParOldGen       total 1266176K, used 1265728K [0x0000000080000000, 0x00000000cd480000, 0x00000000d5580000)
  object space 1266176K, 99% used [0x0000000080000000,0x00000000cd4103b0,0x00000000cd480000)
 Metaspace       used 91117K, committed 92672K, reserved 1179648K
  class space    used 9040K, committed 9792K, reserved 1048576K
}

Dll operation events (12 events):
Event: 0.064 Loaded shared library c:\Users\mishr\.vscode\extensions\redhat.java-1.52.0-win32-x64\jre\21.0.9-win32-x86_64\bin\java.dll
Event: 0.286 Loaded shared library c:\Users\mishr\.vscode\extensions\redhat.java-1.52.0-win32-x64\jre\21.0.9-win32-x86_64\bin\zip.dll
Event: 0.382 Loaded shared library C:\Users\mishr\.vscode\extensions\redhat.java-1.52.0-win32-x64\jre\21.0.9-win32-x86_64\bin\instrument.dll
Event: 0.509 Loaded shared library C:\Users\mishr\.vscode\extensions\redhat.java-1.52.0-win32-x64\jre\21.0.9-win32-x86_64\bin\net.dll
Event: 0.529 Loaded shared library C:\Users\mishr\.vscode\extensions\redhat.java-1.52.0-win32-x64\jre\21.0.9-win32-x86_64\bin\nio.dll
Event: 0.562 Loaded shared library C:\Users\mishr\.vscode\extensions\redhat.java-1.52.0-win32-x64\jre\21.0.9-win32-x86_64\bin\zip.dll
Event: 0.879 Loaded shared library C:\Users\mishr\.vscode\extensions\redhat.java-1.52.0-win32-x64\jre\21.0.9-win32-x86_64\bin\jimage.dll
Event: 1.365 Loaded shared library c:\Users\mishr\.vscode\extensions\redhat.java-1.52.0-win32-x64\jre\21.0.9-win32-x86_64\bin\verify.dll
Event: 5.788 Loaded shared library C:\Users\mishr\AppData\Roaming\Code\User\globalStorage\redhat.java\1.52.0\config_win\org.eclipse.equinox.launcher\org.eclipse.equinox.launcher.win32.win32.x86_64_1.2.1500.v20260121-1430\eclipse_11919.dll
Event: 12.800 Loaded shared library C:\Users\mishr\AppData\Local\Temp\jna-103905697\jna6145060109337239838.dll
Event: 75485.275 Loaded shared library C:\Users\mishr\.vscode\extensions\redhat.java-1.52.0-win32-x64\jre\21.0.9-win32-x86_64\bin\sunmscapi.dll
Event: 75485.845 Loaded shared library C:\Users\mishr\.vscode\extensions\redhat.java-1.52.0-win32-x64\jre\21.0.9-win32-x86_64\bin\extnet.dll

Deoptimization events (20 events):
Event: 87391.718 Thread 0x000001dd1b25caa0 DEOPT PACKING pc=0x000001dcc7cda708 sp=0x0000007e601ff230
Event: 87391.718 Thread 0x000001dd1b25caa0 DEOPT UNPACKING pc=0x000001dcc7443aa2 sp=0x0000007e601ff0a8 mode 2
Event: 87422.869 Thread 0x000001dd1b10a070 Uncommon trap: trap_request=0xffffff45 fr.pc=0x000001dcc7ab5174 relative=0x00000000000002d4
Event: 87422.869 Thread 0x000001dd1b10a070 Uncommon trap: reason=unstable_if action=reinterpret pc=0x000001dcc7ab5174 method=java.util.HashMap.putVal(ILjava/lang/Object;Ljava/lang/Object;ZZ)Ljava/lang/Object; @ 162 c2
Event: 87422.869 Thread 0x000001dd1b10a070 DEOPT PACKING pc=0x000001dcc7ab5174 sp=0x0000007e5cafd170
Event: 87422.870 Thread 0x000001dd1b10a070 DEOPT UNPACKING pc=0x000001dcc7443aa2 sp=0x0000007e5cafcfb0 mode 2
Event: 87422.876 Thread 0x000001dd1b10a070 Uncommon trap: trap_request=0xffffff45 fr.pc=0x000001dcc79e76a0 relative=0x0000000000000440
Event: 87422.876 Thread 0x000001dd1b10a070 Uncommon trap: reason=unstable_if action=reinterpret pc=0x000001dcc79e76a0 method=java.util.HashMap.resize()[Ljava/util/HashMap$Node; @ 203 c2
Event: 87422.876 Thread 0x000001dd1b10a070 DEOPT PACKING pc=0x000001dcc79e76a0 sp=0x0000007e5cafcf80
Event: 87422.876 Thread 0x000001dd1b10a070 DEOPT UNPACKING pc=0x000001dcc7443aa2 sp=0x0000007e5cafcee8 mode 2
Event: 87427.517 Thread 0x000001dd1b25f890 Uncommon trap: trap_request=0xffffff45 fr.pc=0x000001dcc86bf4d4 relative=0x0000000000000374
Event: 87427.517 Thread 0x000001dd1b25f890 Uncommon trap: reason=unstable_if action=reinterpret pc=0x000001dcc86bf4d4 method=org.eclipse.jdt.internal.compiler.parser.Scanner.pushLineSeparator()V @ 107 c2
Event: 87427.517 Thread 0x000001dd1b25f890 DEOPT PACKING pc=0x000001dcc86bf4d4 sp=0x0000007e604fe9a0
Event: 87427.518 Thread 0x000001dd1b25f890 DEOPT UNPACKING pc=0x000001dcc7443aa2 sp=0x0000007e604fe940 mode 2
Event: 87458.741 Thread 0x000001dd1b10b420 DEOPT PACKING pc=0x000001dcc0adab93 sp=0x0000007e5e9ff070
Event: 87458.741 Thread 0x000001dd1b10b420 DEOPT UNPACKING pc=0x000001dcc7444242 sp=0x0000007e5e9fe5c0 mode 0
Event: 87465.021 Thread 0x000001dd1b25eb70 Uncommon trap: trap_request=0xffffff6e fr.pc=0x000001dcc7f23510 relative=0x0000000000000530
Event: 87465.021 Thread 0x000001dd1b25eb70 Uncommon trap: reason=loop_limit_check action=maybe_recompile pc=0x000001dcc7f23510 method=org.eclipse.jdt.internal.compiler.parser.Parser.consumeInternalCompilationUnitWithPotentialImplicitlyDeclaredClass()V @ 203 c2
Event: 87465.021 Thread 0x000001dd1b25eb70 DEOPT PACKING pc=0x000001dcc7f23510 sp=0x0000007e603fece0
Event: 87465.021 Thread 0x000001dd1b25eb70 DEOPT UNPACKING pc=0x000001dcc7443aa2 sp=0x0000007e603fec68 mode 2

Classes loaded (20 events):
Event: 75486.604 Loading class sun/net/www/http/KeepAliveStreamCleaner$1
Event: 75486.604 Loading class sun/net/www/http/KeepAliveStreamCleaner$1 done
Event: 75486.604 Loading class sun/net/www/http/KeepAliveStreamCleaner$2
Event: 75486.604 Loading class sun/net/www/http/KeepAliveStreamCleaner$2 done
Event: 75486.605 Loading class sun/net/www/protocol/http/HttpURLConnection$HttpInputStream
Event: 75486.605 Loading class sun/net/www/protocol/http/HttpURLConnection$HttpInputStream done
Event: 75486.608 Loading class sun/net/www/http/KeepAliveCache$1
Event: 75486.609 Loading class sun/net/www/http/KeepAliveCache$1 done
Event: 75486.609 Loading class sun/net/www/http/KeepAliveCache$ClientVector
Event: 75486.610 Loading class sun/net/www/http/KeepAliveCache$ClientVector done
Event: 75486.625 Loading class sun/net/www/http/KeepAliveEntry
Event: 75486.625 Loading class sun/net/www/http/KeepAliveEntry done
Event: 75496.628 Loading class sun/security/ssl/Alert
Event: 75496.629 Loading class sun/security/ssl/Alert done
Event: 75496.631 Loading class sun/security/ssl/Alert$AlertConsumer
Event: 75496.631 Loading class sun/security/ssl/Alert$AlertConsumer done
Event: 75496.631 Loading class sun/security/ssl/Alert$Level
Event: 75496.631 Loading class sun/security/ssl/Alert$Level done
Event: 76362.141 Loading class java/util/HashMap$EntrySpliterator
Event: 76362.143 Loading class java/util/HashMap$EntrySpliterator done

Classes unloaded (20 events):
Event: 84511.825 Thread 0x000001dcbaa2ea50 Unloading class 0x000001dcd5172800 'java/lang/invoke/LambdaForm$MH+0x000001dcd5172800'
Event: 84511.825 Thread 0x000001dcbaa2ea50 Unloading class 0x000001dcd5172000 'java/lang/invoke/LambdaForm$MH+0x000001dcd5172000'
Event: 84511.825 Thread 0x000001dcbaa2ea50 Unloading class 0x000001dcd5171c00 'java/lang/invoke/LambdaForm$MH+0x000001dcd5171c00'
Event: 84511.825 Thread 0x000001dcbaa2ea50 Unloading class 0x000001dcd5082400 'java/lang/invoke/LambdaForm$MH+0x000001dcd5082400'
Event: 84511.826 Thread 0x000001dcbaa2ea50 Unloading class 0x000001dcd5081c00 'java/lang/invoke/LambdaForm$MH+0x000001dcd5081c00'
Event: 84511.826 Thread 0x000001dcbaa2ea50 Unloading class 0x000001dcd5081800 'java/lang/invoke/LambdaForm$MH+0x000001dcd5081800'
Event: 84511.826 Thread 0x000001dcbaa2ea50 Unloading class 0x000001dcd5081400 'java/lang/invoke/LambdaForm$MH+0x000001dcd5081400'
Event: 84511.826 Thread 0x000001dcbaa2ea50 Unloading class 0x000001dcd5081000 'java/lang/invoke/LambdaForm$MH+0x000001dcd5081000'
Event: 84511.826 Thread 0x000001dcbaa2ea50 Unloading class 0x000001dcd5080800 'java/lang/invoke/LambdaForm$MH+0x000001dcd5080800'
Event: 84511.826 Thread 0x000001dcbaa2ea50 Unloading class 0x000001dcd5080400 'java/lang/invoke/LambdaForm$MH+0x000001dcd5080400'
Event: 84511.826 Thread 0x000001dcbaa2ea50 Unloading class 0x000001dcd5080000 'java/lang/invoke/LambdaForm$MH+0x000001dcd5080000'
Event: 84511.826 Thread 0x000001dcbaa2ea50 Unloading class 0x000001dcd5016400 'java/lang/invoke/LambdaForm$MH+0x000001dcd5016400'
Event: 84511.826 Thread 0x000001dcbaa2ea50 Unloading class 0x000001dcd5014800 'java/lang/invoke/LambdaForm$MH+0x000001dcd5014800'
Event: 84511.826 Thread 0x000001dcbaa2ea50 Unloading class 0x000001dcd5000400 'java/lang/invoke/LambdaForm$MH+0x000001dcd5000400'
Event: 86956.382 Thread 0x000001dcbaa2ea50 Unloading class 0x000001dcd5171800 'java/lang/invoke/LambdaForm$MH+0x000001dcd5171800'
Event: 86956.383 Thread 0x000001dcbaa2ea50 Unloading class 0x000001dcd501f800 'java/lang/invoke/LambdaForm$MH+0x000001dcd501f800'
Event: 86956.383 Thread 0x000001dcbaa2ea50 Unloading class 0x000001dcd501e800 'java/lang/invoke/LambdaForm$MH+0x000001dcd501e800'
Event: 86956.383 Thread 0x000001dcbaa2ea50 Unloading class 0x000001dcd501e400 'java/lang/invoke/LambdaForm$MH+0x000001dcd501e400'
Event: 86956.383 Thread 0x000001dcbaa2ea50 Unloading class 0x000001dcd501dc00 'java/lang/invoke/LambdaForm$MH+0x000001dcd501dc00'
Event: 86956.383 Thread 0x000001dcbaa2ea50 Unloading class 0x000001dcd501d400 'java/lang/invoke/LambdaForm$MH+0x000001dcd501d400'

Classes redefined (0 events):
No events

Internal exceptions (20 events):
Event: 87467.049 Thread 0x000001dd1b25bd80 Exception <a 'sun/nio/fs/WindowsException'{0x00000000d5765ac0}> (0x00000000d5765ac0) 
thrown [s\src\hotspot\share\prims\jni.cpp, line 520]
Event: 87467.055 Thread 0x000001dd1b25bd80 Exception <a 'sun/nio/fs/WindowsException'{0x00000000d577d520}> (0x00000000d577d520) 
thrown [s\src\hotspot\share\prims\jni.cpp, line 520]
Event: 87467.060 Thread 0x000001dd1b25bd80 Exception <a 'sun/nio/fs/WindowsException'{0x00000000d578efa0}> (0x00000000d578efa0) 
thrown [s\src\hotspot\share\prims\jni.cpp, line 520]
Event: 87467.064 Thread 0x000001dd1b25bd80 Exception <a 'sun/nio/fs/WindowsException'{0x00000000d57a0e28}> (0x00000000d57a0e28) 
thrown [s\src\hotspot\share\prims\jni.cpp, line 520]
Event: 87467.069 Thread 0x000001dd1b25bd80 Exception <a 'sun/nio/fs/WindowsException'{0x00000000d57b2d60}> (0x00000000d57b2d60) 
thrown [s\src\hotspot\share\prims\jni.cpp, line 520]
Event: 87467.076 Thread 0x000001dd1b25bd80 Exception <a 'sun/nio/fs/WindowsException'{0x00000000d57c66c0}> (0x00000000d57c66c0) 
thrown [s\src\hotspot\share\prims\jni.cpp, line 520]
Event: 87467.083 Thread 0x000001dd1b25bd80 Exception <a 'sun/nio/fs/WindowsException'{0x00000000d57e3d40}> (0x00000000d57e3d40) 
thrown [s\src\hotspot\share\prims\jni.cpp, line 520]
Event: 87467.087 Thread 0x000001dd1b25bd80 Exception <a 'sun/nio/fs/WindowsException'{0x00000000d57f5a38}> (0x00000000d57f5a38) 
thrown [s\src\hotspot\share\prims\jni.cpp, line 520]
Event: 87467.096 Thread 0x000001dd1b25bd80 Exception <a 'sun/nio/fs/WindowsException'{0x00000000d5586b68}> (0x00000000d5586b68) 
thrown [s\src\hotspot\share\prims\jni.cpp, line 520]
Event: 87467.101 Thread 0x000001dd1b25bd80 Exception <a 'sun/nio/fs/WindowsException'{0x00000000d5596270}> (0x00000000d5596270) 
thrown [s\src\hotspot\share\prims\jni.cpp, line 520]
Event: 87467.105 Thread 0x000001dd1b25bd80 Exception <a 'sun/nio/fs/WindowsException'{0x00000000d55a5d80}> (0x00000000d55a5d80) 
thrown [s\src\hotspot\share\prims\jni.cpp, line 520]
Event: 87467.115 Thread 0x000001dd1b25bd80 Exception <a 'sun/nio/fs/WindowsException'{0x00000000d55c6080}> (0x00000000d55c6080) 
thrown [s\src\hotspot\share\prims\jni.cpp, line 520]
Event: 87467.121 Thread 0x000001dd1b25bd80 Exception <a 'sun/nio/fs/WindowsException'{0x00000000d55d6c68}> (0x00000000d55d6c68) 
thrown [s\src\hotspot\share\prims\jni.cpp, line 520]
Event: 87467.125 Thread 0x000001dd1b25bd80 Exception <a 'sun/nio/fs/WindowsException'{0x00000000d55e7928}> (0x00000000d55e7928) 
thrown [s\src\hotspot\share\prims\jni.cpp, line 520]
Event: 87467.131 Thread 0x000001dd1b25bd80 Exception <a 'sun/nio/fs/WindowsException'{0x00000000d560dc28}> (0x00000000d560dc28) 
thrown [s\src\hotspot\share\prims\jni.cpp, line 520]
Event: 87467.137 Thread 0x000001dd1b25bd80 Exception <a 'sun/nio/fs/WindowsException'{0x00000000d561f400}> (0x00000000d561f400) 
thrown [s\src\hotspot\share\prims\jni.cpp, line 520]
Event: 87467.142 Thread 0x000001dd1b25bd80 Exception <a 'sun/nio/fs/WindowsException'{0x00000000d5630f40}> (0x00000000d5630f40) 
thrown [s\src\hotspot\share\prims\jni.cpp, line 520]
Event: 87467.160 Thread 0x000001dd1b25bd80 Exception <a 'sun/nio/fs/WindowsException'{0x00000000d568e668}> (0x00000000d568e668) 
thrown [s\src\hotspot\share\prims\jni.cpp, line 520]
Event: 87467.160 Thread 0x000001dd1b25bd80 Exception <a 'sun/nio/fs/WindowsException'{0x00000000d568ec98}> (0x00000000d568ec98) 
thrown [s\src\hotspot\share\prims\jni.cpp, line 520]
Event: 87467.941 Thread 0x000001dd1a04c410 Exception <a 'sun/nio/fs/WindowsException'{0x00000000d56aa818}> (0x00000000d56aa818) 
thrown [s\src\hotspot\share\prims\jni.cpp, line 520]

ZGC Phase Switch (0 events):
No events

VM Operations (20 events):
Event: 87467.094 Executing VM operation: ParallelGCFailedAllocation (Allocation Failure) done
Event: 87467.954 Executing VM operation: ParallelGCFailedAllocation (Allocation Failure)
Event: 87467.960 Executing VM operation: ParallelGCFailedAllocation (Allocation Failure) done
Event: 87467.970 Executing VM operation: ParallelGCFailedAllocation (Allocation Failure)
Event: 87468.977 Executing VM operation: ParallelGCFailedAllocation (Allocation Failure) done
Event: 87468.983 Executing VM operation: ParallelGCFailedAllocation (Allocation Failure)
Event: 87468.994 Executing VM operation: ParallelGCFailedAllocation (Allocation Failure) done
Event: 87469.000 Executing VM operation: ParallelGCFailedAllocation (Allocation Failure)
Event: 87469.007 Executing VM operation: ParallelGCFailedAllocation (Allocation Failure) done
Event: 87469.013 Executing VM operation: ParallelGCFailedAllocation (Allocation Failure)
Event: 87469.018 Executing VM operation: ParallelGCFailedAllocation (Allocation Failure) done
Event: 87469.027 Executing VM operation: ParallelGCFailedAllocation (Allocation Failure)
Event: 87469.034 Executing VM operation: ParallelGCFailedAllocation (Allocation Failure) done
Event: 87469.051 Executing VM operation: ParallelGCFailedAllocation (Allocation Failure)
Event: 87469.057 Executing VM operation: ParallelGCFailedAllocation (Allocation Failure) done
Event: 87469.067 Executing VM operation: ParallelGCFailedAllocation (Allocation Failure)
Event: 87469.075 Executing VM operation: ParallelGCFailedAllocation (Allocation Failure) done
Event: 87469.143 Executing VM operation: ParallelGCFailedAllocation (Allocation Failure)
Event: 87472.178 Executing VM operation: ParallelGCFailedAllocation (Allocation Failure) done
Event: 87472.184 Executing VM operation: ParallelGCFailedAllocation (Allocation Failure)

Memory protections (0 events):
No events

Nmethod flushes (20 events):
Event: 86957.027 Thread 0x000001dcbaa2ea50 flushing  nmethod 0x000001dcc277eb10
Event: 86957.027 Thread 0x000001dcbaa2ea50 flushing  nmethod 0x000001dcc2791010
Event: 86957.027 Thread 0x000001dcbaa2ea50 flushing  nmethod 0x000001dcc27b7f90
Event: 86957.027 Thread 0x000001dcbaa2ea50 flushing  nmethod 0x000001dcc27d0890
Event: 86957.027 Thread 0x000001dcbaa2ea50 flushing  nmethod 0x000001dcc2832990
Event: 86957.027 Thread 0x000001dcbaa2ea50 flushing  nmethod 0x000001dcc2899e90
Event: 86957.027 Thread 0x000001dcbaa2ea50 flushing  nmethod 0x000001dcc289a610
Event: 86957.027 Thread 0x000001dcbaa2ea50 flushing  nmethod 0x000001dcc289ab90
Event: 86957.028 Thread 0x000001dcbaa2ea50 flushing  nmethod 0x000001dcc28b2e90
Event: 86957.028 Thread 0x000001dcbaa2ea50 flushing  nmethod 0x000001dcc28d7890
Event: 86957.028 Thread 0x000001dcbaa2ea50 flushing  nmethod 0x000001dcc291cd10
Event: 86957.028 Thread 0x000001dcbaa2ea50 flushing  nmethod 0x000001dcc293b590
Event: 86957.029 Thread 0x000001dcbaa2ea50 flushing  nmethod 0x000001dcc2a51310
Event: 86957.029 Thread 0x000001dcbaa2ea50 flushing  nmethod 0x000001dcc2a69290
Event: 86957.029 Thread 0x000001dcbaa2ea50 flushing  nmethod 0x000001dcc2a69c90
Event: 86957.029 Thread 0x000001dcbaa2ea50 flushing  nmethod 0x000001dcc2a92690
Event: 86957.029 Thread 0x000001dcbaa2ea50 flushing  nmethod 0x000001dcc2abe910
Event: 86957.029 Thread 0x000001dcbaa2ea50 flushing  nmethod 0x000001dcc2b34410
Event: 86957.029 Thread 0x000001dcbaa2ea50 flushing  nmethod 0x000001dcc2b57b10
Event: 86957.029 Thread 0x000001dcbaa2ea50 flushing  nmethod 0x000001dcc2b59e90

Events (20 events):
Event: 87054.678 Thread 0x000001dd1b25f890 Thread added: 0x000001dd1b25f200
Event: 87054.678 Thread 0x000001dd1b25f890 Thread added: 0x000001dd1b2605b0
Event: 87054.679 Thread 0x000001dd1b2605b0 Thread exited: 0x000001dd1b2605b0
Event: 87054.679 Thread 0x000001dd1b25f200 Thread exited: 0x000001dd1b25f200
Event: 87054.679 Thread 0x000001dd1b25f890 Thread exited: 0x000001dd1b25f890
Event: 87217.934 Thread 0x000001dd1b25d7c0 Thread exited: 0x000001dd1b25d7c0
Event: 87217.934 Thread 0x000001dd1b25bd80 Thread exited: 0x000001dd1b25bd80
Event: 87218.038 Thread 0x000001dd1b259cb0 Thread exited: 0x000001dd1b259cb0
Event: 87219.367 Thread 0x000001dd1b10c140 Thread exited: 0x000001dd1b10c140
Event: 87247.495 Thread 0x000001dd1b10a700 Thread exited: 0x000001dd1b10a700
Event: 87252.813 Thread 0x000001dd1b109350 Thread added: 0x000001dd1b259cb0
Event: 87253.320 Thread 0x000001dd1b108630 Thread added: 0x000001dd1b25bd80
Event: 87253.678 Thread 0x000001dd1b10e210 Thread added: 0x000001dd1b25d7c0
Event: 87273.034 Thread 0x000001dd1b25bd80 Thread added: 0x000001dd1b25f890
Event: 87356.172 Thread 0x000001dd1b108630 Thread added: 0x000001dd1cb6e080
Event: 87356.177 Thread 0x000001dd1cb6e080 Thread exited: 0x000001dd1cb6e080
Event: 87356.182 Thread 0x000001dd1b108630 Thread added: 0x000001dd1cb6b290
Event: 87356.184 Thread 0x000001dd1cb6b290 Thread added: 0x000001dd1cb71500
Event: 87356.186 Thread 0x000001dd1cb6b290 Thread exited: 0x000001dd1cb6b290
Event: 87356.186 Thread 0x000001dd1cb71500 Thread exited: 0x000001dd1cb71500


Dynamic libraries:
0x00007ff7909d0000 - 0x00007ff7909de000 	c:\Users\mishr\.vscode\extensions\redhat.java-1.52.0-win32-x64\jre\21.0.9-win32-x86_64\bin\java.exe
0x00007ffc4cf80000 - 0x00007ffc4d1e8000 	C:\WINDOWS\SYSTEM32\ntdll.dll
0x00007ffc4c3c0000 - 0x00007ffc4c489000 	C:\WINDOWS\System32\KERNEL32.DLL
0x00007ffc49c90000 - 0x00007ffc4a081000 	C:\WINDOWS\System32\KERNELBASE.dll
0x00007ffc499d0000 - 0x00007ffc49b1b000 	C:\WINDOWS\System32\ucrtbase.dll
0x00007ffb9b230000 - 0x00007ffb9b24e000 	c:\Users\mishr\.vscode\extensions\redhat.java-1.52.0-win32-x64\jre\21.0.9-win32-x86_64\bin\VCRUNTIME140.dll
0x00007ffb9b1b0000 - 0x00007ffb9b1c8000 	c:\Users\mishr\.vscode\extensions\redhat.java-1.52.0-win32-x64\jre\21.0.9-win32-x86_64\bin\jli.dll
0x00007ffc4ccd0000 - 0x00007ffc4ce96000 	C:\WINDOWS\System32\USER32.dll
0x00007ffc499a0000 - 0x00007ffc499c7000 	C:\WINDOWS\System32\win32u.dll
0x00007ffc4b5d0000 - 0x00007ffc4b5fb000 	C:\WINDOWS\System32\GDI32.dll
0x00007ffc4abf0000 - 0x00007ffc4ad1b000 	C:\WINDOWS\System32\gdi32full.dll
0x00007ffc49860000 - 0x00007ffc49903000 	C:\WINDOWS\System32\msvcp_win.dll
0x00007ffc39130000 - 0x00007ffc393c3000 	C:\WINDOWS\WinSxS\amd64_microsoft.windows.common-controls_6595b64144ccf1df_6.0.26100.7705_none_3e06597ae3363b04\COMCTL32.dll
0x00007ffc4ca20000 - 0x00007ffc4cac9000 	C:\WINDOWS\System32\msvcrt.dll
0x00007ffc4c9e0000 - 0x00007ffc4ca11000 	C:\WINDOWS\System32\IMM32.DLL
0x00007ffc3c370000 - 0x00007ffc3c37c000 	c:\Users\mishr\.vscode\extensions\redhat.java-1.52.0-win32-x64\jre\21.0.9-win32-x86_64\bin\vcruntime140_1.dll
0x00007ffb6f990000 - 0x00007ffb6fa1d000 	c:\Users\mishr\.vscode\extensions\redhat.java-1.52.0-win32-x64\jre\21.0.9-win32-x86_64\bin\msvcp140.dll
0x00007ffb4a530000 - 0x00007ffb4b2d0000 	c:\Users\mishr\.vscode\extensions\redhat.java-1.52.0-win32-x64\jre\21.0.9-win32-x86_64\bin\server\jvm.dll
0x00007ffc4c4f0000 - 0x00007ffc4c5a4000 	C:\WINDOWS\System32\ADVAPI32.dll
0x00007ffc4cc20000 - 0x00007ffc4ccc6000 	C:\WINDOWS\System32\sechost.dll
0x00007ffc4cae0000 - 0x00007ffc4cbf8000 	C:\WINDOWS\System32\RPCRT4.dll
0x00007ffc4b7e0000 - 0x00007ffc4b854000 	C:\WINDOWS\System32\WS2_32.dll
0x00007ffc496c0000 - 0x00007ffc4971e000 	C:\WINDOWS\SYSTEM32\POWRPROF.dll
0x00007ffc47940000 - 0x00007ffc47975000 	C:\WINDOWS\SYSTEM32\WINMM.dll
0x00007ffc41d30000 - 0x00007ffc41d3b000 	C:\WINDOWS\SYSTEM32\VERSION.dll
0x00007ffc496a0000 - 0x00007ffc496b4000 	C:\WINDOWS\SYSTEM32\UMPDC.dll
0x00007ffc48610000 - 0x00007ffc4862b000 	C:\WINDOWS\SYSTEM32\kernel.appcore.dll
0x00007ffc23530000 - 0x00007ffc2353a000 	c:\Users\mishr\.vscode\extensions\redhat.java-1.52.0-win32-x64\jre\21.0.9-win32-x86_64\bin\jimage.dll
0x00007ffc47680000 - 0x00007ffc478c2000 	C:\WINDOWS\SYSTEM32\DBGHELP.DLL
0x00007ffc4c630000 - 0x00007ffc4c9b6000 	C:\WINDOWS\System32\combase.dll
0x00007ffc4c0e0000 - 0x00007ffc4c1b7000 	C:\WINDOWS\System32\OLEAUT32.dll
0x00007ffc47900000 - 0x00007ffc4793b000 	C:\WINDOWS\SYSTEM32\dbgcore.DLL
0x00007ffc4ab40000 - 0x00007ffc4abe5000 	C:\WINDOWS\System32\bcryptPrimitives.dll
0x00007ffc18ff0000 - 0x00007ffc18fff000 	c:\Users\mishr\.vscode\extensions\redhat.java-1.52.0-win32-x64\jre\21.0.9-win32-x86_64\bin\instrument.dll
0x00007ffb9afc0000 - 0x00007ffb9afe0000 	c:\Users\mishr\.vscode\extensions\redhat.java-1.52.0-win32-x64\jre\21.0.9-win32-x86_64\bin\java.dll
0x00007ffc4b980000 - 0x00007ffc4c0d1000 	C:\WINDOWS\System32\SHELL32.dll
0x00007ffc49b20000 - 0x00007ffc49c8a000 	C:\WINDOWS\System32\wintypes.dll
0x00007ffc4a090000 - 0x00007ffc4a8f2000 	C:\WINDOWS\System32\windows.storage.dll
0x00007ffc4b3d0000 - 0x00007ffc4b4c6000 	C:\WINDOWS\System32\SHCORE.dll
0x00007ffc4cea0000 - 0x00007ffc4cf07000 	C:\WINDOWS\System32\shlwapi.dll
0x00007ffc49780000 - 0x00007ffc497a9000 	C:\WINDOWS\SYSTEM32\profapi.dll
0x00007ffb9abb0000 - 0x00007ffb9abc8000 	c:\Users\mishr\.vscode\extensions\redhat.java-1.52.0-win32-x64\jre\21.0.9-win32-x86_64\bin\zip.dll
0x00007ffc12120000 - 0x00007ffc12130000 	C:\Users\mishr\.vscode\extensions\redhat.java-1.52.0-win32-x64\jre\21.0.9-win32-x86_64\bin\net.dll
0x00007ffc3f5b0000 - 0x00007ffc3f6d7000 	C:\WINDOWS\SYSTEM32\WINHTTP.dll
0x00007ffc48b80000 - 0x00007ffc48beb000 	C:\WINDOWS\system32\mswsock.dll
0x00007ffb9a520000 - 0x00007ffb9a536000 	C:\Users\mishr\.vscode\extensions\redhat.java-1.52.0-win32-x64\jre\21.0.9-win32-x86_64\bin\nio.dll
0x00007ffbfce50000 - 0x00007ffbfce60000 	c:\Users\mishr\.vscode\extensions\redhat.java-1.52.0-win32-x64\jre\21.0.9-win32-x86_64\bin\verify.dll
0x00007ffb8b760000 - 0x00007ffb8b7a5000 	C:\Users\mishr\AppData\Roaming\Code\User\globalStorage\redhat.java\1.52.0\config_win\org.eclipse.equinox.launcher\org.eclipse.equinox.launcher.win32.win32.x86_64_1.2.1500.v20260121-1430\eclipse_11919.dll
0x00007ffc4b1b0000 - 0x00007ffc4b347000 	C:\WINDOWS\System32\ole32.dll
0x00007ffc48e40000 - 0x00007ffc48e5b000 	C:\WINDOWS\SYSTEM32\CRYPTSP.dll
0x00007ffc48570000 - 0x00007ffc485a9000 	C:\WINDOWS\system32\rsaenh.dll
0x00007ffc48c30000 - 0x00007ffc48c5b000 	C:\WINDOWS\SYSTEM32\USERENV.dll
0x00007ffc49750000 - 0x00007ffc4977a000 	C:\WINDOWS\SYSTEM32\bcrypt.dll
0x00007ffc48e60000 - 0x00007ffc48e6c000 	C:\WINDOWS\SYSTEM32\CRYPTBASE.dll
0x00007ffc47fe0000 - 0x00007ffc48014000 	C:\WINDOWS\SYSTEM32\IPHLPAPI.DLL
0x00007ffc4cad0000 - 0x00007ffc4cada000 	C:\WINDOWS\System32\NSI.dll
0x00007ffb84d60000 - 0x00007ffb84da9000 	C:\Users\mishr\AppData\Local\Temp\jna-103905697\jna6145060109337239838.dll
0x00007ffc4cc00000 - 0x00007ffc4cc08000 	C:\WINDOWS\System32\PSAPI.DLL
0x00007ffc41ab0000 - 0x00007ffc41ace000 	C:\WINDOWS\SYSTEM32\dhcpcsvc6.DLL
0x00007ffc3f400000 - 0x00007ffc3f423000 	C:\WINDOWS\SYSTEM32\dhcpcsvc.DLL
0x00007ffc3f870000 - 0x00007ffc3f87e000 	C:\Users\mishr\.vscode\extensions\redhat.java-1.52.0-win32-x64\jre\21.0.9-win32-x86_64\bin\sunmscapi.dll
0x00007ffc4a900000 - 0x00007ffc4aa77000 	C:\WINDOWS\System32\CRYPT32.dll
0x00007ffc49060000 - 0x00007ffc49090000 	C:\WINDOWS\SYSTEM32\ncrypt.dll
0x00007ffc49010000 - 0x00007ffc4904f000 	C:\WINDOWS\SYSTEM32\NTASN1.dll
0x00007ffc48020000 - 0x00007ffc4814c000 	C:\WINDOWS\SYSTEM32\DNSAPI.dll
0x00007ffc43010000 - 0x00007ffc4301b000 	C:\Windows\System32\rasadhlp.dll
0x00007ffc3d900000 - 0x00007ffc3d986000 	C:\WINDOWS\System32\fwpuclnt.dll
0x00007ffc44d60000 - 0x00007ffc44d69000 	C:\Users\mishr\.vscode\extensions\redhat.java-1.52.0-win32-x64\jre\21.0.9-win32-x86_64\bin\extnet.dll

JVMTI agents:
c:\Users\mishr\.vscode\extensions\redhat.java-1.52.0-win32-x64\lombok\lombok-1.18.39-4050.jar path:c:\Users\mishr\.vscode\extensions\redhat.java-1.52.0-win32-x64\jre\21.0.9-win32-x86_64\bin\instrument.dll, loaded, initialized, instrumentlib options:none

dbghelp: loaded successfully - version: 4.0.5 - missing functions: none
symbol engine: initialized successfully - sym options: 0x614 - pdb path: .;c:\Users\mishr\.vscode\extensions\redhat.java-1.52.0-win32-x64\jre\21.0.9-win32-x86_64\bin;C:\WINDOWS\SYSTEM32;C:\WINDOWS\WinSxS\amd64_microsoft.windows.common-controls_6595b64144ccf1df_6.0.26100.7705_none_3e06597ae3363b04;c:\Users\mishr\.vscode\extensions\redhat.java-1.52.0-win32-x64\jre\21.0.9-win32-x86_64\bin\server;C:\Users\mishr\AppData\Roaming\Code\User\globalStorage\redhat.java\1.52.0\config_win\org.eclipse.equinox.launcher\org.eclipse.equinox.launcher.win32.win32.x86_64_1.2.1500.v20260121-1430;C:\Users\mishr\AppData\Local\Temp\jna-103905697

VM Arguments:
jvm_args: --add-modules=ALL-SYSTEM --add-opens=java.base/java.util=ALL-UNNAMED --add-opens=java.base/java.lang=ALL-UNNAMED --add-opens=java.base/sun.nio.fs=ALL-UNNAMED -Declipse.application=org.eclipse.jdt.ls.core.id1 -Dosgi.bundles.defaultStartLevel=4 -Declipse.product=org.eclipse.jdt.ls.core.product -Djava.import.generatesMetadataFilesAtProjectRoot=false -DDetectVMInstallationsJob.disabled=true -Dfile.encoding=utf8 -XX:+UseParallelGC -XX:GCTimeRatio=4 -XX:AdaptiveSizePolicyWeight=90 -Dsun.zip.disableMemoryMapping=true -Xmx2G -Xms100m -Xlog:disable -javaagent:c:\Users\mishr\.vscode\extensions\redhat.java-1.52.0-win32-x64\lombok\lombok-1.18.39-4050.jar -XX:+HeapDumpOnOutOfMemoryError -XX:HeapDumpPath=c:\Users\mishr\AppData\Roaming\Code\User\workspaceStorage\6f35ab0fbe508e1a556979e0005c2c23\redhat.java -Daether.dependencyCollector.impl=bf 
java_command: c:\Users\mishr\.vscode\extensions\redhat.java-1.52.0-win32-x64\server\plugins\org.eclipse.equinox.launcher_1.7.100.v20251111-0406.jar -configuration c:\Users\mishr\AppData\Roaming\Code\User\globalStorage\redhat.java\1.52.0\config_win -data c:\Users\mishr\AppData\Roaming\Code\User\workspaceStorage\6f35ab0fbe508e1a556979e0005c2c23\redhat.java\jdt_ws --pipe=\\.\pipe\lsp-fa03734214870fff0679aa3d2ab0ad5b-sock
java_class_path (initial): c:\Users\mishr\.vscode\extensions\redhat.java-1.52.0-win32-x64\server\plugins\org.eclipse.equinox.launcher_1.7.100.v20251111-0406.jar
Launcher Type: SUN_STANDARD

[Global flags]
    uintx AdaptiveSizePolicyWeight                 = 90                                        {product} {command line}
     intx CICompilerCount                          = 4                                         {product} {ergonomic}
    uintx GCTimeRatio                              = 4                                         {product} {command line}
     bool HeapDumpOnOutOfMemoryError               = true                                   {manageable} {command line}
    ccstr HeapDumpPath                             = c:\Users\mishr\AppData\Roaming\Code\User\workspaceStorage\6f35ab0fbe508e1a556979e0005c2c23\redhat.java         {manageable} {command line}
   size_t InitialHeapSize                          = 104857600                                 {product} {command line}
   size_t MaxHeapSize                              = 2147483648                                {product} {command line}
   size_t MaxNewSize                               = 715653120                                 {product} {ergonomic}
   size_t MinHeapDeltaBytes                        = 524288                                    {product} {ergonomic}
   size_t MinHeapSize                              = 104857600                                 {product} {command line}
   size_t NewSize                                  = 34603008                                  {product} {ergonomic}
    uintx NonNMethodCodeHeapSize                   = 5839372                                {pd product} {ergonomic}
    uintx NonProfiledCodeHeapSize                  = 122909434                              {pd product} {ergonomic}
   size_t OldSize                                  = 70254592                                  {product} {ergonomic}
    uintx ProfiledCodeHeapSize                     = 122909434                              {pd product} {ergonomic}
    uintx ReservedCodeCacheSize                    = 251658240                              {pd product} {ergonomic}
     bool SegmentedCodeCache                       = true                                      {product} {ergonomic}
   size_t SoftMaxHeapSize                          = 2147483648                             {manageable} {ergonomic}
     bool UseCompressedOops                        = true                           {product lp64_product} {ergonomic}
     bool UseLargePagesIndividualAllocation        = false                                  {pd product} {ergonomic}
     bool UseParallelGC                            = true                                      {product} {command line}

Logging:
Log output configuration:
 #0: stdout all=off uptime,level,tags foldmultilines=false
 #1: stderr all=off uptime,level,tags foldmultilines=false

Release file:
JAVA_VERSION="21.0.9" 
MODULES="java.base java.compiler java.datatransfer java.xml java.prefs java.desktop java.instrument java.logging java.management java.security.sasl java.naming java.rmi java.management.rmi java.net.http java.scripting java.security.jgss java.transaction.xa java.sql java.sql.rowset java.xml.crypto java.se java.smartcardio jdk.accessibility jdk.internal.jvmstat jdk.attach jdk.charsets jdk.internal.opt jdk.zipfs jdk.compiler jdk.crypto.ec jdk.crypto.cryptoki jdk.crypto.mscapi jdk.dynalink jdk.internal.ed jdk.editpad jdk.hotspot.agent jdk.httpserver jdk.internal.le jdk.internal.vm.ci jdk.internal.vm.compiler jdk.internal.vm.compiler.management jdk.jartool jdk.javadoc jdk.jcmd jdk.management jdk.management.agent jdk.jconsole jdk.jdeps jdk.jdwp.agent jdk.jdi jdk.jfr jdk.jshell jdk.jsobject jdk.jstatd jdk.localedata jdk.management.jfr jdk.naming.dns jdk.naming.rmi jdk.net jdk.nio.mapmode jdk.random jdk.sctp jdk.security.auth jdk.security.jgss jdk.unsupported jdk.unsupported.desktop jdk.xml.dom" 

Environment Variables:
JAVA_HOME=C:\Program Files\Java\jdk-21
PATH=C:\Program Files\Common Files\Oracle\Java\javapath;C:\PYTHON 3.7\Scripts\;C:\PYTHON 3.7\;C:\Users\mishr\AppData\Roaming\Python\Python311\Scripts;C:\WINDOWS\system32;C:\WINDOWS;C:\WINDOWS\System32\Wbem;C:\WINDOWS\System32\WindowsPowerShell\v1.0\;C:\WINDOWS\System32\OpenSSH\;C:\Program Files\Git\cmd;C:\MinGW\mingw32\bin;%JAVA_HOME%\bin;%MAVEN_HOME%\bin;C:\Program Files\apache-maven-3.8.9-bin\apache-maven-3.8.9\bin;C:\Program Files\nodejs\;C:\Program Files\MySQL\MySQL Shell 8.0\bin\;C:\Users\mishr\AppData\Local\Microsoft\WindowsApps;C:\Users\mishr\AppData\Local\Programs\Microsoft VS Code\bin;C:\Users\mishr\AppData\Roaming\Python\Python311\Scripts;C:\Users\mishr\AppData\Roaming\Python\Python311;C:\MinGW\bin;C:\MinGW\mingw32\bin;C:\Program Files\nodejs;C:\Program Files\MySQL\MySQL Server 8.0\bin;C:\Program Files\apache-maven-3.8.9-bin\apache-maven-3.8.9\bin;C:\Program Files\Java\jdk-21;C:\Users\mishr\AppData\Roaming\npm;C:\Users\mishr\Downloads\node-v22.18.0-x64.msi;C:\Program Files\JetBrains\IntelliJ IDEA 2025.3.1\bin
USERNAME=mishr
OS=Windows_NT
PROCESSOR_IDENTIFIER=AMD64 Family 23 Model 104 Stepping 1, AuthenticAMD
TMP=C:\Users\mishr\AppData\Local\Temp
TEMP=C:\Users\mishr\AppData\Local\Temp




Periodic native trim disabled

---------------  S Y S T E M  ---------------

OS:
 Windows 11 , 64 bit Build 26100 (10.0.26100.7705)
OS uptime: 4 days 3:26 hours
Hyper-V role detected

CPU: total 8 (initial active 8) (8 cores per cpu, 2 threads per core) family 23 model 104 stepping 1 microcode 0x8608103, cx8, cmov, fxsr, ht, mmx, 3dnowpref, sse, sse2, sse3, ssse3, sse4a, sse4.1, sse4.2, popcnt, lzcnt, tsc, tscinvbit, avx, avx2, aes, clmul, bmi1, bmi2, adx, sha, fma, vzeroupper, clflush, clflushopt, hv, rdtscp, rdpid, f16c
Processor Information for the first 8 processors :
  Max Mhz: 2600, Current Mhz: 2600, Mhz Limit: 2600

Memory: 4k page, system-wide physical 5966M (399M free)
TotalPageFile size 23406M (AvailPageFile size 215M)
current process WorkingSet (physical memory assigned to process): 233M, peak: 548M
current process commit charge ("private bytes"): 1618M, peak: 1753M

vm_info: OpenJDK 64-Bit Server VM (21.0.9+10-LTS) for windows-amd64 JRE (21.0.9+10-LTS), built on 2025-10-21T00:00:00Z by "admin" with unknown MS VC++:1942

END.
